Log file open, 09/14/20 00:29:58
LogInit: Display: Running engine for game: CatsandDogs
LogPlatformFile: Not using cached read wrapper
LogTaskGraph: Started task graph with 5 named threads and 23 total threads with 3 sets of task threads.
LogStats: Stats thread started at 4.690299
LogD3D11RHI: Loaded GFSDK_Aftermath_Lib.x64.dll
LogICUInternationalization: ICU TimeZone Detection - Raw Offset: -5:00, Platform Override: ''
LogPluginManager: Mounting plugin Paper2D
LogPluginManager: Mounting plugin AISupport
LogPluginManager: Mounting plugin LightPropagationVolume
LogPluginManager: Mounting plugin CameraShakePreviewer
LogPluginManager: Mounting plugin ActorLayerUtilities
LogPluginManager: Mounting plugin AnimationSharing
LogPluginManager: Mounting plugin CLionSourceCodeAccess
LogPluginManager: Mounting plugin CodeLiteSourceCodeAccess
LogPluginManager: Mounting plugin GitSourceControl
LogPluginManager: Mounting plugin KDevelopSourceCodeAccess
LogPluginManager: Mounting plugin NullSourceCodeAccess
LogPluginManager: Mounting plugin PerforceSourceControl
LogPluginManager: Mounting plugin PlasticSourceControl
LogPluginManager: Mounting plugin RiderSourceCodeAccess
LogPluginManager: Mounting plugin SubversionSourceControl
LogPluginManager: Mounting plugin UObjectPlugin
LogPluginManager: Mounting plugin VisualStudioCodeSourceCodeAccess
LogPluginManager: Mounting plugin VisualStudioSourceCodeAccess
LogPluginManager: Mounting plugin XCodeSourceCodeAccess
LogPluginManager: Mounting plugin AssetManagerEditor
LogPluginManager: Mounting plugin CryptoKeys
LogPluginManager: Mounting plugin CurveEditorTools
LogPluginManager: Mounting plugin DataValidation
LogPluginManager: Mounting plugin EditorScriptingUtilities
LogPluginManager: Mounting plugin FacialAnimation
LogPluginManager: Mounting plugin GameplayTagsEditor
LogPluginManager: Mounting plugin GeometryMode
LogPluginManager: Mounting plugin MacGraphicsSwitching
LogPluginManager: Mounting plugin MaterialAnalyzer
LogPluginManager: Mounting plugin MobileLauncherProfileWizard
LogPluginManager: Mounting plugin PluginBrowser
LogPluginManager: Mounting plugin SpeedTreeImporter
LogPluginManager: Mounting plugin DatasmithContent
LogPluginManager: Mounting plugin VariantManagerContent
LogPluginManager: Mounting plugin AlembicImporter
LogPluginManager: Mounting plugin AutomationUtils
LogPluginManager: Mounting plugin BackChannel
LogPluginManager: Mounting plugin ChaosCloth
LogPluginManager: Mounting plugin ChaosClothEditor
LogPluginManager: Mounting plugin ChaosEditor
LogPluginManager: Mounting plugin ChaosNiagara
LogPluginManager: Mounting plugin ChaosSolverPlugin
LogPluginManager: Mounting plugin CharacterAI
LogPluginManager: Mounting plugin GeometryCache
LogPluginManager: Mounting plugin GeometryCollectionPlugin
LogPluginManager: Mounting plugin GeometryProcessing
LogPluginManager: Mounting plugin PlanarCut
LogPluginManager: Mounting plugin PlatformCrypto
LogPluginManager: Mounting plugin ProxyLODPlugin
LogPluginManager: Mounting plugin SkeletalReduction
LogPluginManager: Mounting plugin Niagara
LogPluginManager: Mounting plugin MagicLeap
LogPluginManager: Mounting plugin MagicLeapLightEstimation
LogPluginManager: Mounting plugin MagicLeapMedia
LogPluginManager: Mounting plugin MagicLeapPassableWorld
LogPluginManager: Mounting plugin MLSDK
LogPluginManager: Mounting plugin AndroidMedia
LogPluginManager: Mounting plugin AvfMedia
LogPluginManager: Mounting plugin ImgMedia
LogPluginManager: Mounting plugin MediaCompositing
LogPluginManager: Mounting plugin MediaPlayerEditor
LogPluginManager: Mounting plugin WebMMedia
LogPluginManager: Mounting plugin WmfMedia
LogPluginManager: Mounting plugin MeshPainting
LogPluginManager: Mounting plugin TcpMessaging
LogPluginManager: Mounting plugin UdpMessaging
LogPluginManager: Mounting plugin ActorSequence
LogPluginManager: Mounting plugin LevelSequenceEditor
LogPluginManager: Mounting plugin MatineeToLevelSequence
LogPluginManager: Mounting plugin MovieRenderPipeline
LogPluginManager: Mounting plugin TemplateSequence
LogPluginManager: Mounting plugin NetcodeUnitTest
LogPluginManager: Mounting plugin NUTUnrealEngine4
LogPluginManager: Mounting plugin OnlineSubsystemGooglePlay
LogPluginManager: Mounting plugin OnlineSubsystemIOS
LogPluginManager: Mounting plugin OnlineSubsystem
LogPluginManager: Mounting plugin OnlineSubsystemNull
LogPluginManager: Mounting plugin OnlineSubsystemUtils
LogPluginManager: Mounting plugin LauncherChunkInstaller
LogPluginManager: Mounting plugin AndroidDeviceProfileSelector
LogPluginManager: Mounting plugin AndroidMoviePlayer
LogPluginManager: Mounting plugin AndroidPermission
LogPluginManager: Mounting plugin AppleImageUtils
LogPluginManager: Mounting plugin AppleMoviePlayer
LogPluginManager: Mounting plugin ArchVisCharacter
LogPluginManager: Mounting plugin AssetTags
LogPluginManager: Mounting plugin AudioCapture
LogPluginManager: Mounting plugin CableComponent
LogPluginManager: Mounting plugin CustomMeshComponent
LogPluginManager: Mounting plugin EditableMesh
LogPluginManager: Mounting plugin ExampleDeviceProfileSelector
LogPluginManager: Mounting plugin GoogleCloudMessaging
LogPluginManager: Mounting plugin GooglePAD
LogPluginManager: Mounting plugin IOSDeviceProfileSelector
LogPluginManager: Mounting plugin LinuxDeviceProfileSelector
LogPluginManager: Mounting plugin LocationServicesBPLibrary
LogPluginManager: Mounting plugin MobilePatchingUtils
LogPluginManager: Mounting plugin OculusVR
LogPluginManager: Mounting plugin PhysXVehicles
LogPluginManager: Mounting plugin PostSplashScreen
LogPluginManager: Mounting plugin ProceduralMeshComponent
LogPluginManager: Mounting plugin RuntimePhysXCooking
LogPluginManager: Mounting plugin SignificanceManager
LogPluginManager: Mounting plugin SoundFields
LogPluginManager: Mounting plugin SteamVR
LogPluginManager: Mounting plugin Synthesis
LogPluginManager: Mounting plugin WebMMoviePlayer
LogPluginManager: Mounting plugin WindowsMoviePlayer
LogPluginManager: Mounting plugin ScreenshotTools
LogInit: Using libcurl 7.55.1-DEV
LogInit:  - built for x86_64-pc-win32
LogInit:  - supports SSL with OpenSSL/1.1.1
LogInit:  - supports HTTP deflate (compression) using libz 1.2.8
LogInit:  - other features:
LogInit:      CURL_VERSION_SSL
LogInit:      CURL_VERSION_LIBZ
LogInit:      CURL_VERSION_IPV6
LogInit:      CURL_VERSION_ASYNCHDNS
LogInit:      CURL_VERSION_LARGEFILE
LogInit:      CURL_VERSION_IDN
LogInit:  CurlRequestOptions (configurable via config and command line):
LogInit:  - bVerifyPeer = true  - Libcurl will verify peer certificate
LogInit:  - bUseHttpProxy = false  - Libcurl will NOT use HTTP proxy
LogInit:  - bDontReuseConnections = false  - Libcurl will reuse connections
LogInit:  - MaxHostConnections = 16  - Libcurl will limit the number of connections to a host
LogInit:  - LocalHostAddr = Default
LogInit:  - BufferSize = 65536
LogOnline: OSS: Creating online subsystem instance for: NULL
LogInit: WinSock: version 1.1 (2.2), MaxSocks=32767, MaxUdp=65467
LogOnline: OSS: TryLoadSubsystemAndSetDefault: Loaded subsystem for module [NULL]
LogInit: Build: ++UE4+Release-4.25-CL-13942748
LogInit: Engine Version: 4.25.3-13942748+++UE4+Release-4.25
LogInit: Compatible Engine Version: 4.25.0-13144385+++UE4+Release-4.25
LogInit: Net CL: 13144385
LogInit: OS: Windows 10 (Release 1909) (), CPU: Intel(R) Core(TM) i7-7820HK CPU @ 2.90GHz, GPU: NVIDIA GeForce GTX 1070
LogInit: Compiled (64-bit): Jul 25 2020 02:07:48
LogInit: Compiled with Visual C++: 19.24.28315.00
LogInit: Build Configuration: Development
LogInit: Branch Name: ++UE4+Release-4.25
LogInit: Command Line: 
LogInit: Base Directory: D:/Program Files/Epic Games/UE_4.25/Engine/Binaries/Win64/
LogInit: Allocator: TBB
LogInit: Installed Engine Build: 1
LogDevObjectVersion: Number of dev versions registered: 26
LogDevObjectVersion:   Dev-Blueprints (B0D832E4-1F89-4F0D-ACCF-7EB736FD4AA2): 10
LogDevObjectVersion:   Dev-Build (E1C64328-A22C-4D53-A36C-8E866417BD8C): 0
LogDevObjectVersion:   Dev-Core (375EC13C-06E4-48FB-B500-84F0262A717E): 4
LogDevObjectVersion:   Dev-Editor (E4B068ED-F494-42E9-A231-DA0B2E46BB41): 38
LogDevObjectVersion:   Dev-Framework (CFFC743F-43B0-4480-9391-14DF171D2073): 37
LogDevObjectVersion:   Dev-Mobile (B02B49B5-BB20-44E9-A304-32B752E40360): 2
LogDevObjectVersion:   Dev-Networking (A4E4105C-59A1-49B5-A7C5-40C4547EDFEE): 0
LogDevObjectVersion:   Dev-Online (39C831C9-5AE6-47DC-9A44-9C173E1C8E7C): 0
LogDevObjectVersion:   Dev-Physics (78F01B33-EBEA-4F98-B9B4-84EACCB95AA2): 4
LogDevObjectVersion:   Dev-Platform (6631380F-2D4D-43E0-8009-CF276956A95A): 0
LogDevObjectVersion:   Dev-Rendering (12F88B9F-8875-4AFC-A67C-D90C383ABD29): 43
LogDevObjectVersion:   Dev-Sequencer (7B5AE74C-D270-4C10-A958-57980B212A5A): 12
LogDevObjectVersion:   Dev-VR (D7296918-1DD6-4BDD-9DE2-64A83CC13884): 3
LogDevObjectVersion:   Dev-LoadTimes (C2A15278-BFE7-4AFE-6C17-90FF531DF755): 1
LogDevObjectVersion:   Private-Geometry (6EACA3D4-40EC-4CC1-B786-8BED09428FC5): 3
LogDevObjectVersion:   Dev-AnimPhys (29E575DD-E0A3-4627-9D10-D276232CDCEA): 17
LogDevObjectVersion:   Dev-Anim (AF43A65D-7FD3-4947-9873-3E8ED9C1BB05): 7
LogDevObjectVersion:   Dev-ReflectionCapture (6B266CEC-1EC7-4B8F-A30B-E4D90942FC07): 1
LogDevObjectVersion:   Dev-Automation (0DF73D61-A23F-47EA-B727-89E90C41499A): 1
LogDevObjectVersion:   FortniteMain (601D1886-AC64-4F84-AA16-D3DE0DEAC7D6): 31
LogDevObjectVersion:   Dev-Enterprise (9DFFBCD6-494F-0158-E221-12823C92A888): 10
LogDevObjectVersion:   Dev-Niagara (F2AED0AC-9AFE-416F-8664-AA7FFA26D6FC): 1
LogDevObjectVersion:   Dev-Destruction (174F1F0B-B4C6-45A5-B13F-2EE8D0FB917D): 10
LogDevObjectVersion:   Dev-Physics-Ext (35F94A83-E258-406C-A318-09F59610247C): 37
LogDevObjectVersion:   Dev-PhysicsMaterial-Chaos (B68FC16E-8B1B-42E2-B453-215C058844FE): 1
LogDevObjectVersion:   Dev-CineCamera (B2E18506-4273-CFC2-A54E-F4BB758BBA07): 1
LogInit: Presizing for max 25165824 objects, including 0 objects not considered by GC, pre-allocating 0 bytes for permanent pool.
LogConfig: Applying CVar settings from Section [/Script/Engine.StreamingSettings] File [D:/Src/CatsAndDogs/Saved/Config/Windows/Engine.ini]
LogConfig: Setting CVar [[s.MinBulkDataSizeForAsyncLoading:131072]]
LogConfig: Setting CVar [[s.AsyncLoadingThreadEnabled:0]]
LogConfig: Setting CVar [[s.EventDrivenLoaderEnabled:1]]
LogConfig: Setting CVar [[s.WarnIfTimeLimitExceeded:0]]
LogConfig: Setting CVar [[s.TimeLimitExceededMultiplier:1.5]]
LogConfig: Setting CVar [[s.TimeLimitExceededMinTime:0.005]]
LogConfig: Setting CVar [[s.UseBackgroundLevelStreaming:1]]
LogConfig: Setting CVar [[s.PriorityAsyncLoadingExtraTime:15.0]]
LogConfig: Setting CVar [[s.LevelStreamingActorsUpdateTimeLimit:5.0]]
LogConfig: Setting CVar [[s.PriorityLevelStreamingActorsUpdateExtraTime:5.0]]
LogConfig: Setting CVar [[s.LevelStreamingComponentsRegistrationGranularity:10]]
LogConfig: Setting CVar [[s.UnregisterComponentsTimeLimit:1.0]]
LogConfig: Setting CVar [[s.LevelStreamingComponentsUnregistrationGranularity:5]]
LogConfig: Setting CVar [[s.FlushStreamingOnExit:1]]
LogInit: Object subsystem initialized
LogConfig: Setting CVar [[con.DebugEarlyDefault:1]]
LogConfig: Setting CVar [[r.setres:1280x720]]
[2020.09.14-04.30.00:982][  0]LogConfig: Setting CVar [[r.VSync:0]]
[2020.09.14-04.30.00:982][  0]LogConfig: Setting CVar [[r.RHICmdBypass:0]]
[2020.09.14-04.30.00:982][  0]LogConfig: Applying CVar settings from Section [/Script/Engine.RendererSettings] File [D:/Src/CatsAndDogs/Saved/Config/Windows/Engine.ini]
[2020.09.14-04.30.00:982][  0]LogConfig: Setting CVar [[r.GPUCrashDebugging:0]]
[2020.09.14-04.30.00:982][  0]LogConfig: Applying CVar settings from Section [/Script/Engine.RendererOverrideSettings] File [D:/Src/CatsAndDogs/Saved/Config/Windows/Engine.ini]
[2020.09.14-04.30.00:982][  0]LogConfig: Applying CVar settings from Section [/Script/Engine.StreamingSettings] File [D:/Src/CatsAndDogs/Saved/Config/Windows/Engine.ini]
[2020.09.14-04.30.00:982][  0]LogConfig: Setting CVar [[s.MinBulkDataSizeForAsyncLoading:131072]]
[2020.09.14-04.30.00:982][  0]LogConfig: Setting CVar [[s.AsyncLoadingThreadEnabled:0]]
[2020.09.14-04.30.00:982][  0]LogConfig: Setting CVar [[s.EventDrivenLoaderEnabled:1]]
[2020.09.14-04.30.00:982][  0]LogConfig: Setting CVar [[s.WarnIfTimeLimitExceeded:0]]
[2020.09.14-04.30.00:982][  0]LogConfig: Setting CVar [[s.TimeLimitExceededMultiplier:1.5]]
[2020.09.14-04.30.00:982][  0]LogConfig: Setting CVar [[s.TimeLimitExceededMinTime:0.005]]
[2020.09.14-04.30.00:982][  0]LogConfig: Setting CVar [[s.UseBackgroundLevelStreaming:1]]
[2020.09.14-04.30.00:982][  0]LogConfig: Setting CVar [[s.PriorityAsyncLoadingExtraTime:15.0]]
[2020.09.14-04.30.00:982][  0]LogConfig: Setting CVar [[s.LevelStreamingActorsUpdateTimeLimit:5.0]]
[2020.09.14-04.30.00:982][  0]LogConfig: Setting CVar [[s.PriorityLevelStreamingActorsUpdateExtraTime:5.0]]
[2020.09.14-04.30.00:983][  0]LogConfig: Setting CVar [[s.LevelStreamingComponentsRegistrationGranularity:10]]
[2020.09.14-04.30.00:983][  0]LogConfig: Setting CVar [[s.UnregisterComponentsTimeLimit:1.0]]
[2020.09.14-04.30.00:983][  0]LogConfig: Setting CVar [[s.LevelStreamingComponentsUnregistrationGranularity:5]]
[2020.09.14-04.30.00:983][  0]LogConfig: Setting CVar [[s.FlushStreamingOnExit:1]]
[2020.09.14-04.30.00:983][  0]LogConfig: Applying CVar settings from Section [/Script/Engine.GarbageCollectionSettings] File [D:/Src/CatsAndDogs/Saved/Config/Windows/Engine.ini]
[2020.09.14-04.30.00:983][  0]LogConfig: Setting CVar [[gc.MaxObjectsNotConsideredByGC:1]]
[2020.09.14-04.30.00:983][  0]LogConfig: Setting CVar [[gc.SizeOfPermanentObjectPool:0]]
[2020.09.14-04.30.00:983][  0]LogConfig: Setting CVar [[gc.FlushStreamingOnGC:0]]
[2020.09.14-04.30.00:983][  0]LogConfig: Setting CVar [[gc.NumRetriesBeforeForcingGC:10]]
[2020.09.14-04.30.00:983][  0]LogConfig: Setting CVar [[gc.AllowParallelGC:1]]
[2020.09.14-04.30.00:983][  0]LogConfig: Setting CVar [[gc.TimeBetweenPurgingPendingKillObjects:61.1]]
[2020.09.14-04.30.00:983][  0]LogConfig: Setting CVar [[gc.MaxObjectsInEditor:25165824]]
[2020.09.14-04.30.00:983][  0]LogConfig: Setting CVar [[gc.IncrementalBeginDestroyEnabled:1]]
[2020.09.14-04.30.00:983][  0]LogConfig: Setting CVar [[gc.CreateGCClusters:1]]
[2020.09.14-04.30.00:983][  0]LogConfig: Setting CVar [[gc.MinGCClusterSize:5]]
[2020.09.14-04.30.00:983][  0]LogConfig: Setting CVar [[gc.ActorClusteringEnabled:0]]
[2020.09.14-04.30.00:983][  0]LogConfig: Setting CVar [[gc.BlueprintClusteringEnabled:0]]
[2020.09.14-04.30.00:983][  0]LogConfig: Setting CVar [[gc.UseDisregardForGCOnDedicatedServers:0]]
[2020.09.14-04.30.00:983][  0]LogConfig: Applying CVar settings from Section [/Script/Engine.NetworkSettings] File [D:/Src/CatsAndDogs/Saved/Config/Windows/Engine.ini]
[2020.09.14-04.30.00:983][  0]LogConfig: Applying CVar settings from Section [/Script/UnrealEd.CookerSettings] File [D:/Src/CatsAndDogs/Saved/Config/Windows/Engine.ini]
[2020.09.14-04.30.01:026][  0]LogConfig: Applying CVar settings from Section [ViewDistanceQuality@3] File [D:/Src/CatsAndDogs/Saved/Config/Windows/Scalability.ini]
[2020.09.14-04.30.01:026][  0]LogConfig: Setting CVar [[r.SkeletalMeshLODBias:0]]
[2020.09.14-04.30.01:026][  0]LogConfig: Setting CVar [[r.ViewDistanceScale:1.0]]
[2020.09.14-04.30.01:026][  0]LogConfig: Applying CVar settings from Section [AntiAliasingQuality@3] File [D:/Src/CatsAndDogs/Saved/Config/Windows/Scalability.ini]
[2020.09.14-04.30.01:026][  0]LogConfig: Setting CVar [[r.PostProcessAAQuality:4]]
[2020.09.14-04.30.01:026][  0]LogConfig: Applying CVar settings from Section [ShadowQuality@3] File [D:/Src/CatsAndDogs/Saved/Config/Windows/Scalability.ini]
[2020.09.14-04.30.01:026][  0]LogConfig: Setting CVar [[r.LightFunctionQuality:1]]
[2020.09.14-04.30.01:026][  0]LogConfig: Setting CVar [[r.ShadowQuality:5]]
[2020.09.14-04.30.01:026][  0]LogConfig: Setting CVar [[r.Shadow.CSM.MaxCascades:10]]
[2020.09.14-04.30.01:026][  0]LogConfig: Setting CVar [[r.Shadow.MaxResolution:2048]]
[2020.09.14-04.30.01:026][  0]LogConfig: Setting CVar [[r.Shadow.MaxCSMResolution:2048]]
[2020.09.14-04.30.01:026][  0]LogConfig: Setting CVar [[r.Shadow.RadiusThreshold:0.01]]
[2020.09.14-04.30.01:026][  0]LogConfig: Setting CVar [[r.Shadow.DistanceScale:1.0]]
[2020.09.14-04.30.01:026][  0]LogConfig: Setting CVar [[r.Shadow.CSM.TransitionScale:1.0]]
[2020.09.14-04.30.01:026][  0]LogConfig: Setting CVar [[r.Shadow.PreShadowResolutionFactor:1.0]]
[2020.09.14-04.30.01:026][  0]LogConfig: Setting CVar [[r.DistanceFieldShadowing:1]]
[2020.09.14-04.30.01:026][  0]LogConfig: Setting CVar [[r.DistanceFieldAO:1]]
[2020.09.14-04.30.01:026][  0]LogConfig: Setting CVar [[r.AOQuality:2]]
[2020.09.14-04.30.01:026][  0]LogConfig: Setting CVar [[r.VolumetricFog:1]]
[2020.09.14-04.30.01:026][  0]LogConfig: Setting CVar [[r.VolumetricFog.GridPixelSize:8]]
[2020.09.14-04.30.01:026][  0]LogConfig: Setting CVar [[r.VolumetricFog.GridSizeZ:128]]
[2020.09.14-04.30.01:026][  0]LogConfig: Setting CVar [[r.VolumetricFog.HistoryMissSupersampleCount:4]]
[2020.09.14-04.30.01:026][  0]LogConfig: Setting CVar [[r.LightMaxDrawDistanceScale:1]]
[2020.09.14-04.30.01:026][  0]LogConfig: Setting CVar [[r.CapsuleShadows:1]]
[2020.09.14-04.30.01:026][  0]LogConfig: Applying CVar settings from Section [PostProcessQuality@3] File [D:/Src/CatsAndDogs/Saved/Config/Windows/Scalability.ini]
[2020.09.14-04.30.01:026][  0]LogConfig: Setting CVar [[r.MotionBlurQuality:4]]
[2020.09.14-04.30.01:026][  0]LogConfig: Setting CVar [[r.AmbientOcclusionMipLevelFactor:0.4]]
[2020.09.14-04.30.01:026][  0]LogConfig: Setting CVar [[r.AmbientOcclusionMaxQuality:100]]
[2020.09.14-04.30.01:026][  0]LogConfig: Setting CVar [[r.AmbientOcclusionLevels:-1]]
[2020.09.14-04.30.01:026][  0]LogConfig: Setting CVar [[r.AmbientOcclusionRadiusScale:1.0]]
[2020.09.14-04.30.01:026][  0]LogConfig: Setting CVar [[r.DepthOfFieldQuality:2]]
[2020.09.14-04.30.01:026][  0]LogConfig: Setting CVar [[r.RenderTargetPoolMin:400]]
[2020.09.14-04.30.01:026][  0]LogConfig: Setting CVar [[r.LensFlareQuality:2]]
[2020.09.14-04.30.01:026][  0]LogConfig: Setting CVar [[r.SceneColorFringeQuality:1]]
[2020.09.14-04.30.01:026][  0]LogConfig: Setting CVar [[r.EyeAdaptationQuality:2]]
[2020.09.14-04.30.01:026][  0]LogConfig: Setting CVar [[r.BloomQuality:5]]
[2020.09.14-04.30.01:026][  0]LogConfig: Setting CVar [[r.FastBlurThreshold:100]]
[2020.09.14-04.30.01:026][  0]LogConfig: Setting CVar [[r.Upscale.Quality:3]]
[2020.09.14-04.30.01:026][  0]LogConfig: Setting CVar [[r.Tonemapper.GrainQuantization:1]]
[2020.09.14-04.30.01:026][  0]LogConfig: Setting CVar [[r.LightShaftQuality:1]]
[2020.09.14-04.30.01:027][  0]LogConfig: Setting CVar [[r.Filter.SizeScale:1]]
[2020.09.14-04.30.01:027][  0]LogConfig: Setting CVar [[r.Tonemapper.Quality:5]]
[2020.09.14-04.30.01:027][  0]LogConfig: Setting CVar [[r.DOF.Gather.AccumulatorQuality:1        ; higher gathering accumulator quality]]
[2020.09.14-04.30.01:027][  0]LogConfig: Setting CVar [[r.DOF.Gather.PostfilterMethod:1          ; Median3x3 postfilering method]]
[2020.09.14-04.30.01:027][  0]LogConfig: Setting CVar [[r.DOF.Gather.EnableBokehSettings:0       ; no bokeh simulation when gathering]]
[2020.09.14-04.30.01:027][  0]LogConfig: Setting CVar [[r.DOF.Gather.RingCount:4                 ; medium number of samples when gathering]]
[2020.09.14-04.30.01:027][  0]LogConfig: Setting CVar [[r.DOF.Scatter.ForegroundCompositing:1    ; additive foreground scattering]]
[2020.09.14-04.30.01:027][  0]LogConfig: Setting CVar [[r.DOF.Scatter.BackgroundCompositing:2    ; additive background scattering]]
[2020.09.14-04.30.01:027][  0]LogConfig: Setting CVar [[r.DOF.Scatter.EnableBokehSettings:1      ; bokeh simulation when scattering]]
[2020.09.14-04.30.01:027][  0]LogConfig: Setting CVar [[r.DOF.Scatter.MaxSpriteRatio:0.1         ; only a maximum of 10% of scattered bokeh]]
[2020.09.14-04.30.01:027][  0]LogConfig: Setting CVar [[r.DOF.Recombine.Quality:1                ; cheap slight out of focus]]
[2020.09.14-04.30.01:027][  0]LogConfig: Setting CVar [[r.DOF.Recombine.EnableBokehSettings:0    ; no bokeh simulation on slight out of focus]]
[2020.09.14-04.30.01:027][  0]LogConfig: Setting CVar [[r.DOF.TemporalAAQuality:1                ; more stable temporal accumulation]]
[2020.09.14-04.30.01:027][  0]LogConfig: Setting CVar [[r.DOF.Kernel.MaxForegroundRadius:0.025]]
[2020.09.14-04.30.01:027][  0]LogConfig: Setting CVar [[r.DOF.Kernel.MaxBackgroundRadius:0.025]]
[2020.09.14-04.30.01:027][  0]LogConfig: Applying CVar settings from Section [TextureQuality@3] File [D:/Src/CatsAndDogs/Saved/Config/Windows/Scalability.ini]
[2020.09.14-04.30.01:027][  0]LogConfig: Setting CVar [[r.Streaming.MipBias:0]]
[2020.09.14-04.30.01:027][  0]LogConfig: Setting CVar [[r.Streaming.AmortizeCPUToGPUCopy:0]]
[2020.09.14-04.30.01:027][  0]LogConfig: Setting CVar [[r.Streaming.MaxNumTexturesToStreamPerFrame:0]]
[2020.09.14-04.30.01:027][  0]LogConfig: Setting CVar [[r.Streaming.Boost:1]]
[2020.09.14-04.30.01:027][  0]LogConfig: Setting CVar [[r.MaxAnisotropy:8]]
[2020.09.14-04.30.01:027][  0]LogConfig: Setting CVar [[r.VT.MaxAnisotropy:8]]
[2020.09.14-04.30.01:027][  0]LogConfig: Setting CVar [[r.Streaming.LimitPoolSizeToVRAM:0]]
[2020.09.14-04.30.01:027][  0]LogConfig: Setting CVar [[r.Streaming.PoolSize:1000]]
[2020.09.14-04.30.01:027][  0]LogConfig: Setting CVar [[r.Streaming.MaxEffectiveScreenSize:0]]
[2020.09.14-04.30.01:027][  0]LogConfig: Applying CVar settings from Section [EffectsQuality@3] File [D:/Src/CatsAndDogs/Saved/Config/Windows/Scalability.ini]
[2020.09.14-04.30.01:027][  0]LogConfig: Setting CVar [[r.TranslucencyLightingVolumeDim:64]]
[2020.09.14-04.30.01:027][  0]LogConfig: Setting CVar [[r.RefractionQuality:2]]
[2020.09.14-04.30.01:027][  0]LogConfig: Setting CVar [[r.SSR.Quality:3]]
[2020.09.14-04.30.01:027][  0]LogConfig: Setting CVar [[r.SSR.HalfResSceneColor:0]]
[2020.09.14-04.30.01:027][  0]LogConfig: Setting CVar [[r.SceneColorFormat:4]]
[2020.09.14-04.30.01:027][  0]LogConfig: Setting CVar [[r.DetailMode:2]]
[2020.09.14-04.30.01:027][  0]LogConfig: Setting CVar [[r.TranslucencyVolumeBlur:1]]
[2020.09.14-04.30.01:027][  0]LogConfig: Setting CVar [[r.MaterialQualityLevel:1 ; High quality]]
[2020.09.14-04.30.01:027][  0]LogConfig: Setting CVar [[r.SSS.Scale:1]]
[2020.09.14-04.30.01:027][  0]LogConfig: Setting CVar [[r.SSS.SampleSet:2]]
[2020.09.14-04.30.01:027][  0]LogConfig: Setting CVar [[r.SSS.Quality:1]]
[2020.09.14-04.30.01:027][  0]LogConfig: Setting CVar [[r.SSS.HalfRes:0]]
[2020.09.14-04.30.01:027][  0]LogConfig: Setting CVar [[r.SSGI.Quality:3]]
[2020.09.14-04.30.01:027][  0]LogConfig: Setting CVar [[r.EmitterSpawnRateScale:1.0]]
[2020.09.14-04.30.01:027][  0]LogConfig: Setting CVar [[r.ParticleLightQuality:2]]
[2020.09.14-04.30.01:027][  0]LogConfig: Setting CVar [[r.SkyAtmosphere.AerialPerspectiveLUT.FastApplyOnOpaque:1 ; Always have FastSkyLUT 1 in this case to avoid wrong sky]]
[2020.09.14-04.30.01:027][  0]LogConfig: Setting CVar [[r.SkyAtmosphere.AerialPerspectiveLUT.SampleCountPerSlice:1]]
[2020.09.14-04.30.01:027][  0]LogConfig: Setting CVar [[r.SkyAtmosphere.AerialPerspectiveLUT.DepthResolution:16.0]]
[2020.09.14-04.30.01:027][  0]LogConfig: Setting CVar [[r.SkyAtmosphere.FastSkyLUT:1]]
[2020.09.14-04.30.01:028][  0]LogConfig: Setting CVar [[r.SkyAtmosphere.FastSkyLUT.SampleCountMin:4.0]]
[2020.09.14-04.30.01:028][  0]LogConfig: Setting CVar [[r.SkyAtmosphere.FastSkyLUT.SampleCountMax:32.0]]
[2020.09.14-04.30.01:028][  0]LogConfig: Setting CVar [[r.SkyAtmosphere.SampleCountMin:4.0]]
[2020.09.14-04.30.01:028][  0]LogConfig: Setting CVar [[r.SkyAtmosphere.SampleCountMax:32.0]]
[2020.09.14-04.30.01:028][  0]LogConfig: Setting CVar [[r.SkyAtmosphere.TransmittanceLUT.UseSmallFormat:0]]
[2020.09.14-04.30.01:028][  0]LogConfig: Setting CVar [[r.SkyAtmosphere.TransmittanceLUT.SampleCount:10.0]]
[2020.09.14-04.30.01:028][  0]LogConfig: Setting CVar [[r.SkyAtmosphere.MultiScatteringLUT.SampleCount:15.0]]
[2020.09.14-04.30.01:028][  0]LogConfig: Applying CVar settings from Section [FoliageQuality@3] File [D:/Src/CatsAndDogs/Saved/Config/Windows/Scalability.ini]
[2020.09.14-04.30.01:028][  0]LogConfig: Setting CVar [[foliage.DensityScale:1.0]]
[2020.09.14-04.30.01:028][  0]LogConfig: Setting CVar [[grass.DensityScale:1.0]]
[2020.09.14-04.30.01:028][  0]LogConfig: Applying CVar settings from Section [ShadingQuality@3] File [D:/Src/CatsAndDogs/Saved/Config/Windows/Scalability.ini]
[2020.09.14-04.30.01:028][  0]LogConfig: Setting CVar [[r.HairStrands.SkyLighting.SampleCount:16]]
[2020.09.14-04.30.01:028][  0]LogConfig: Setting CVar [[r.HairStrands.SkyLighting.JitterIntegration:0]]
[2020.09.14-04.30.01:028][  0]LogConfig: Setting CVar [[r.HairStrands.SkyAO.SampleCount:16]]
[2020.09.14-04.30.01:028][  0]LogConfig: Setting CVar [[r.HairStrands.DeepShadow.SuperSampling:0]]
[2020.09.14-04.30.01:028][  0]LogConfig: Setting CVar [[r.HairStrands.VisibilityPPLL:0]]
[2020.09.14-04.30.01:028][  0]LogConfig: Setting CVar [[r.HairStrands.RasterizationScale:0.5]]
[2020.09.14-04.30.01:028][  0]LogConfig: Setting CVar [[r.HairStrands.VelocityRasterizationScale:1]]
[2020.09.14-04.30.01:032][  0]LogInit: Selected Device Profile: [Windows]
[2020.09.14-04.30.01:032][  0]LogInit: Applying CVar settings loaded from the selected device profile: [Windows]
[2020.09.14-04.30.01:048][  0]LogHAL: Display: Platform has ~ 64 GB [68677685248 / 68719476736 / 64], which maps to Largest [LargestMinGB=32, LargerMinGB=12, DefaultMinGB=8, SmallerMinGB=6, SmallestMinGB=0)
[2020.09.14-04.30.01:048][  0]LogInit: Going up to parent DeviceProfile []
[2020.09.14-04.30.01:049][  0]LogConfig: Applying CVar settings from Section [ViewDistanceQuality@3] File [D:/Src/CatsAndDogs/Saved/Config/Windows/Scalability.ini]
[2020.09.14-04.30.01:049][  0]LogConfig: Setting CVar [[r.SkeletalMeshLODBias:0]]
[2020.09.14-04.30.01:049][  0]LogConfig: Setting CVar [[r.ViewDistanceScale:1.0]]
[2020.09.14-04.30.01:049][  0]LogConfig: Applying CVar settings from Section [AntiAliasingQuality@3] File [D:/Src/CatsAndDogs/Saved/Config/Windows/Scalability.ini]
[2020.09.14-04.30.01:049][  0]LogConfig: Setting CVar [[r.PostProcessAAQuality:4]]
[2020.09.14-04.30.01:049][  0]LogConfig: Applying CVar settings from Section [ShadowQuality@3] File [D:/Src/CatsAndDogs/Saved/Config/Windows/Scalability.ini]
[2020.09.14-04.30.01:049][  0]LogConfig: Setting CVar [[r.LightFunctionQuality:1]]
[2020.09.14-04.30.01:049][  0]LogConfig: Setting CVar [[r.ShadowQuality:5]]
[2020.09.14-04.30.01:049][  0]LogConfig: Setting CVar [[r.Shadow.CSM.MaxCascades:10]]
[2020.09.14-04.30.01:049][  0]LogConfig: Setting CVar [[r.Shadow.MaxResolution:2048]]
[2020.09.14-04.30.01:049][  0]LogConfig: Setting CVar [[r.Shadow.MaxCSMResolution:2048]]
[2020.09.14-04.30.01:049][  0]LogConfig: Setting CVar [[r.Shadow.RadiusThreshold:0.01]]
[2020.09.14-04.30.01:049][  0]LogConfig: Setting CVar [[r.Shadow.DistanceScale:1.0]]
[2020.09.14-04.30.01:049][  0]LogConfig: Setting CVar [[r.Shadow.CSM.TransitionScale:1.0]]
[2020.09.14-04.30.01:049][  0]LogConfig: Setting CVar [[r.Shadow.PreShadowResolutionFactor:1.0]]
[2020.09.14-04.30.01:049][  0]LogConfig: Setting CVar [[r.DistanceFieldShadowing:1]]
[2020.09.14-04.30.01:049][  0]LogConfig: Setting CVar [[r.DistanceFieldAO:1]]
[2020.09.14-04.30.01:049][  0]LogConfig: Setting CVar [[r.AOQuality:2]]
[2020.09.14-04.30.01:049][  0]LogConfig: Setting CVar [[r.VolumetricFog:1]]
[2020.09.14-04.30.01:049][  0]LogConfig: Setting CVar [[r.VolumetricFog.GridPixelSize:8]]
[2020.09.14-04.30.01:049][  0]LogConfig: Setting CVar [[r.VolumetricFog.GridSizeZ:128]]
[2020.09.14-04.30.01:049][  0]LogConfig: Setting CVar [[r.VolumetricFog.HistoryMissSupersampleCount:4]]
[2020.09.14-04.30.01:049][  0]LogConfig: Setting CVar [[r.LightMaxDrawDistanceScale:1]]
[2020.09.14-04.30.01:049][  0]LogConfig: Setting CVar [[r.CapsuleShadows:1]]
[2020.09.14-04.30.01:049][  0]LogConfig: Applying CVar settings from Section [PostProcessQuality@3] File [D:/Src/CatsAndDogs/Saved/Config/Windows/Scalability.ini]
[2020.09.14-04.30.01:049][  0]LogConfig: Setting CVar [[r.MotionBlurQuality:4]]
[2020.09.14-04.30.01:049][  0]LogConfig: Setting CVar [[r.AmbientOcclusionMipLevelFactor:0.4]]
[2020.09.14-04.30.01:049][  0]LogConfig: Setting CVar [[r.AmbientOcclusionMaxQuality:100]]
[2020.09.14-04.30.01:049][  0]LogConfig: Setting CVar [[r.AmbientOcclusionLevels:-1]]
[2020.09.14-04.30.01:049][  0]LogConfig: Setting CVar [[r.AmbientOcclusionRadiusScale:1.0]]
[2020.09.14-04.30.01:049][  0]LogConfig: Setting CVar [[r.DepthOfFieldQuality:2]]
[2020.09.14-04.30.01:049][  0]LogConfig: Setting CVar [[r.RenderTargetPoolMin:400]]
[2020.09.14-04.30.01:049][  0]LogConfig: Setting CVar [[r.LensFlareQuality:2]]
[2020.09.14-04.30.01:049][  0]LogConfig: Setting CVar [[r.SceneColorFringeQuality:1]]
[2020.09.14-04.30.01:050][  0]LogConfig: Setting CVar [[r.EyeAdaptationQuality:2]]
[2020.09.14-04.30.01:050][  0]LogConfig: Setting CVar [[r.BloomQuality:5]]
[2020.09.14-04.30.01:050][  0]LogConfig: Setting CVar [[r.FastBlurThreshold:100]]
[2020.09.14-04.30.01:050][  0]LogConfig: Setting CVar [[r.Upscale.Quality:3]]
[2020.09.14-04.30.01:050][  0]LogConfig: Setting CVar [[r.Tonemapper.GrainQuantization:1]]
[2020.09.14-04.30.01:050][  0]LogConfig: Setting CVar [[r.LightShaftQuality:1]]
[2020.09.14-04.30.01:050][  0]LogConfig: Setting CVar [[r.Filter.SizeScale:1]]
[2020.09.14-04.30.01:050][  0]LogConfig: Setting CVar [[r.Tonemapper.Quality:5]]
[2020.09.14-04.30.01:050][  0]LogConfig: Setting CVar [[r.DOF.Gather.AccumulatorQuality:1        ; higher gathering accumulator quality]]
[2020.09.14-04.30.01:050][  0]LogConfig: Setting CVar [[r.DOF.Gather.PostfilterMethod:1          ; Median3x3 postfilering method]]
[2020.09.14-04.30.01:050][  0]LogConfig: Setting CVar [[r.DOF.Gather.EnableBokehSettings:0       ; no bokeh simulation when gathering]]
[2020.09.14-04.30.01:050][  0]LogConfig: Setting CVar [[r.DOF.Gather.RingCount:4                 ; medium number of samples when gathering]]
[2020.09.14-04.30.01:050][  0]LogConfig: Setting CVar [[r.DOF.Scatter.ForegroundCompositing:1    ; additive foreground scattering]]
[2020.09.14-04.30.01:050][  0]LogConfig: Setting CVar [[r.DOF.Scatter.BackgroundCompositing:2    ; additive background scattering]]
[2020.09.14-04.30.01:050][  0]LogConfig: Setting CVar [[r.DOF.Scatter.EnableBokehSettings:1      ; bokeh simulation when scattering]]
[2020.09.14-04.30.01:050][  0]LogConfig: Setting CVar [[r.DOF.Scatter.MaxSpriteRatio:0.1         ; only a maximum of 10% of scattered bokeh]]
[2020.09.14-04.30.01:050][  0]LogConfig: Setting CVar [[r.DOF.Recombine.Quality:1                ; cheap slight out of focus]]
[2020.09.14-04.30.01:050][  0]LogConfig: Setting CVar [[r.DOF.Recombine.EnableBokehSettings:0    ; no bokeh simulation on slight out of focus]]
[2020.09.14-04.30.01:050][  0]LogConfig: Setting CVar [[r.DOF.TemporalAAQuality:1                ; more stable temporal accumulation]]
[2020.09.14-04.30.01:050][  0]LogConfig: Setting CVar [[r.DOF.Kernel.MaxForegroundRadius:0.025]]
[2020.09.14-04.30.01:050][  0]LogConfig: Setting CVar [[r.DOF.Kernel.MaxBackgroundRadius:0.025]]
[2020.09.14-04.30.01:050][  0]LogConfig: Applying CVar settings from Section [TextureQuality@3] File [D:/Src/CatsAndDogs/Saved/Config/Windows/Scalability.ini]
[2020.09.14-04.30.01:050][  0]LogConfig: Setting CVar [[r.Streaming.MipBias:0]]
[2020.09.14-04.30.01:050][  0]LogConfig: Setting CVar [[r.Streaming.AmortizeCPUToGPUCopy:0]]
[2020.09.14-04.30.01:050][  0]LogConfig: Setting CVar [[r.Streaming.MaxNumTexturesToStreamPerFrame:0]]
[2020.09.14-04.30.01:050][  0]LogConfig: Setting CVar [[r.Streaming.Boost:1]]
[2020.09.14-04.30.01:050][  0]LogConfig: Setting CVar [[r.MaxAnisotropy:8]]
[2020.09.14-04.30.01:050][  0]LogConfig: Setting CVar [[r.VT.MaxAnisotropy:8]]
[2020.09.14-04.30.01:050][  0]LogConfig: Setting CVar [[r.Streaming.LimitPoolSizeToVRAM:0]]
[2020.09.14-04.30.01:050][  0]LogConfig: Setting CVar [[r.Streaming.PoolSize:1000]]
[2020.09.14-04.30.01:050][  0]LogConfig: Setting CVar [[r.Streaming.MaxEffectiveScreenSize:0]]
[2020.09.14-04.30.01:050][  0]LogConfig: Applying CVar settings from Section [EffectsQuality@3] File [D:/Src/CatsAndDogs/Saved/Config/Windows/Scalability.ini]
[2020.09.14-04.30.01:050][  0]LogConfig: Setting CVar [[r.TranslucencyLightingVolumeDim:64]]
[2020.09.14-04.30.01:050][  0]LogConfig: Setting CVar [[r.RefractionQuality:2]]
[2020.09.14-04.30.01:050][  0]LogConfig: Setting CVar [[r.SSR.Quality:3]]
[2020.09.14-04.30.01:050][  0]LogConfig: Setting CVar [[r.SSR.HalfResSceneColor:0]]
[2020.09.14-04.30.01:050][  0]LogConfig: Setting CVar [[r.SceneColorFormat:4]]
[2020.09.14-04.30.01:050][  0]LogConfig: Setting CVar [[r.DetailMode:2]]
[2020.09.14-04.30.01:050][  0]LogConfig: Setting CVar [[r.TranslucencyVolumeBlur:1]]
[2020.09.14-04.30.01:050][  0]LogConfig: Setting CVar [[r.MaterialQualityLevel:1 ; High quality]]
[2020.09.14-04.30.01:050][  0]LogConfig: Setting CVar [[r.SSS.Scale:1]]
[2020.09.14-04.30.01:050][  0]LogConfig: Setting CVar [[r.SSS.SampleSet:2]]
[2020.09.14-04.30.01:050][  0]LogConfig: Setting CVar [[r.SSS.Quality:1]]
[2020.09.14-04.30.01:051][  0]LogConfig: Setting CVar [[r.SSS.HalfRes:0]]
[2020.09.14-04.30.01:051][  0]LogConfig: Setting CVar [[r.SSGI.Quality:3]]
[2020.09.14-04.30.01:051][  0]LogConfig: Setting CVar [[r.EmitterSpawnRateScale:1.0]]
[2020.09.14-04.30.01:051][  0]LogConfig: Setting CVar [[r.ParticleLightQuality:2]]
[2020.09.14-04.30.01:051][  0]LogConfig: Setting CVar [[r.SkyAtmosphere.AerialPerspectiveLUT.FastApplyOnOpaque:1 ; Always have FastSkyLUT 1 in this case to avoid wrong sky]]
[2020.09.14-04.30.01:051][  0]LogConfig: Setting CVar [[r.SkyAtmosphere.AerialPerspectiveLUT.SampleCountPerSlice:1]]
[2020.09.14-04.30.01:051][  0]LogConfig: Setting CVar [[r.SkyAtmosphere.AerialPerspectiveLUT.DepthResolution:16.0]]
[2020.09.14-04.30.01:051][  0]LogConfig: Setting CVar [[r.SkyAtmosphere.FastSkyLUT:1]]
[2020.09.14-04.30.01:051][  0]LogConfig: Setting CVar [[r.SkyAtmosphere.FastSkyLUT.SampleCountMin:4.0]]
[2020.09.14-04.30.01:051][  0]LogConfig: Setting CVar [[r.SkyAtmosphere.FastSkyLUT.SampleCountMax:32.0]]
[2020.09.14-04.30.01:051][  0]LogConfig: Setting CVar [[r.SkyAtmosphere.SampleCountMin:4.0]]
[2020.09.14-04.30.01:051][  0]LogConfig: Setting CVar [[r.SkyAtmosphere.SampleCountMax:32.0]]
[2020.09.14-04.30.01:051][  0]LogConfig: Setting CVar [[r.SkyAtmosphere.TransmittanceLUT.UseSmallFormat:0]]
[2020.09.14-04.30.01:051][  0]LogConfig: Setting CVar [[r.SkyAtmosphere.TransmittanceLUT.SampleCount:10.0]]
[2020.09.14-04.30.01:051][  0]LogConfig: Setting CVar [[r.SkyAtmosphere.MultiScatteringLUT.SampleCount:15.0]]
[2020.09.14-04.30.01:051][  0]LogConfig: Applying CVar settings from Section [FoliageQuality@3] File [D:/Src/CatsAndDogs/Saved/Config/Windows/Scalability.ini]
[2020.09.14-04.30.01:051][  0]LogConfig: Setting CVar [[foliage.DensityScale:1.0]]
[2020.09.14-04.30.01:051][  0]LogConfig: Setting CVar [[grass.DensityScale:1.0]]
[2020.09.14-04.30.01:051][  0]LogConfig: Applying CVar settings from Section [ShadingQuality@3] File [D:/Src/CatsAndDogs/Saved/Config/Windows/Scalability.ini]
[2020.09.14-04.30.01:051][  0]LogConfig: Setting CVar [[r.HairStrands.SkyLighting.SampleCount:16]]
[2020.09.14-04.30.01:051][  0]LogConfig: Setting CVar [[r.HairStrands.SkyLighting.JitterIntegration:0]]
[2020.09.14-04.30.01:051][  0]LogConfig: Setting CVar [[r.HairStrands.SkyAO.SampleCount:16]]
[2020.09.14-04.30.01:051][  0]LogConfig: Setting CVar [[r.HairStrands.DeepShadow.SuperSampling:0]]
[2020.09.14-04.30.01:051][  0]LogConfig: Setting CVar [[r.HairStrands.VisibilityPPLL:0]]
[2020.09.14-04.30.01:051][  0]LogConfig: Setting CVar [[r.HairStrands.RasterizationScale:0.5]]
[2020.09.14-04.30.01:051][  0]LogConfig: Setting CVar [[r.HairStrands.VelocityRasterizationScale:1]]
[2020.09.14-04.30.01:051][  0]LogConfig: Applying CVar settings from Section [Startup] File [../../../Engine/Config/ConsoleVariables.ini]
[2020.09.14-04.30.01:066][  0]LogConfig: Setting CVar [[net.UseAdaptiveNetUpdateFrequency:0]]
[2020.09.14-04.30.01:066][  0]LogConfig: Setting CVar [[p.chaos.AllowCreatePhysxBodies:1]]
[2020.09.14-04.30.01:066][  0]LogConfig: Setting CVar [[fx.SkipVectorVMBackendOptimizations:1]]
[2020.09.14-04.30.01:066][  0]LogConfig: Applying CVar settings from Section [ConsoleVariables] File [D:/Src/CatsAndDogs/Saved/Config/Windows/Engine.ini]
[2020.09.14-04.30.01:078][  0]LogInit: Computer: DESKTOP-F4PG79J
[2020.09.14-04.30.01:078][  0]LogInit: User: User
[2020.09.14-04.30.01:078][  0]LogInit: CPU Page size=4096, Cores=4
[2020.09.14-04.30.01:078][  0]LogInit: High frequency timer resolution =10.000000 MHz
[2020.09.14-04.30.01:091][  0]LogMemory: Memory total: Physical=64.0GB (64GB approx)
[2020.09.14-04.30.01:091][  0]LogMemory: Platform Memory Stats for Windows
[2020.09.14-04.30.01:091][  0]LogMemory: Process Physical Memory: 113.56 MB used, 113.56 MB peak
[2020.09.14-04.30.01:091][  0]LogMemory: Process Virtual Memory: 95.89 MB used, 95.89 MB peak
[2020.09.14-04.30.01:091][  0]LogMemory: Physical Memory: 15259.87 MB used,  50236.28 MB free, 65496.14 MB total
[2020.09.14-04.30.01:091][  0]LogMemory: Virtual Memory: 5108.77 MB used,  134212616.00 MB free, 134217728.00 MB total
[2020.09.14-04.30.01:542][  0]LogWindows: WindowsPlatformFeatures enabled
[2020.09.14-04.30.02:338][  0]LogInit: Physics initialised using underlying interface: PhysX
[2020.09.14-04.30.02:339][  0]LogInit: Using OS detected language (en-US).
[2020.09.14-04.30.02:339][  0]LogInit: Using OS detected locale (en-US).
[2020.09.14-04.30.02:393][  0]LogTextLocalizationManager: No specific localization for 'en-US' exists, so the 'en' localization will be used.
[2020.09.14-04.30.02:884][  0]LogInit: Setting process to per monitor DPI aware
[2020.09.14-04.30.03:409][  0]LogSlate: New Slate User Created.  User Index 0, Is Virtual User: 0
[2020.09.14-04.30.03:409][  0]LogSlate: Slate User Registered.  User Index 0, Is Virtual User: 0
[2020.09.14-04.30.05:456][  0]LogHMD: Failed to initialize OpenVR with code 126
[2020.09.14-04.30.05:456][  0]LogD3D11RHI: D3D11 min allowed feature level: 11_0
[2020.09.14-04.30.05:456][  0]LogD3D11RHI: D3D11 max allowed feature level: 11_0
[2020.09.14-04.30.05:456][  0]LogD3D11RHI: D3D11 adapters:
[2020.09.14-04.30.05:530][  0]LogD3D11RHI:    0. 'NVIDIA GeForce GTX 1070' (Feature Level 11_0)
[2020.09.14-04.30.05:530][  0]LogD3D11RHI:       8081/0/32748 MB DedicatedVideo/DedicatedSystem/SharedSystem, Outputs:1, VendorId:0x10de
[2020.09.14-04.30.05:533][  0]LogD3D11RHI:    1. 'Microsoft Basic Render Driver' (Feature Level 11_0)
[2020.09.14-04.30.05:533][  0]LogD3D11RHI:       0/0/32748 MB DedicatedVideo/DedicatedSystem/SharedSystem, Outputs:0, VendorId:0x1414
[2020.09.14-04.30.05:533][  0]LogD3D11RHI: Chosen D3D11 Adapter: 0
[2020.09.14-04.30.05:589][  0]LogD3D11RHI: Creating new Direct3DDevice
[2020.09.14-04.30.05:589][  0]LogD3D11RHI:     GPU DeviceId: 0x1be1 (for the marketing name, search the web for "GPU Device Id")
[2020.09.14-04.30.05:589][  0]LogWindows: EnumDisplayDevices:
[2020.09.14-04.30.05:589][  0]LogWindows:    0. 'NVIDIA GeForce GTX 1070' (P:1 D:1)
[2020.09.14-04.30.05:589][  0]LogWindows:    1. 'NVIDIA GeForce GTX 1070' (P:0 D:0)
[2020.09.14-04.30.05:590][  0]LogWindows:    2. 'NVIDIA GeForce GTX 1070' (P:0 D:0)
[2020.09.14-04.30.05:590][  0]LogWindows:    3. 'NVIDIA GeForce GTX 1070' (P:0 D:0)
[2020.09.14-04.30.05:590][  0]LogWindows: DebugString: FoundDriverCount:4 
[2020.09.14-04.30.05:590][  0]LogD3D11RHI:     Adapter Name: NVIDIA GeForce GTX 1070
[2020.09.14-04.30.05:590][  0]LogD3D11RHI:   Driver Version: 446.14 (internal:26.21.14.4614, unified:446.14)
[2020.09.14-04.30.05:590][  0]LogD3D11RHI:      Driver Date: 5-15-2020
[2020.09.14-04.30.05:591][  0]LogRHI: Texture pool is 5656 MB (70% of 8081 MB)
[2020.09.14-04.30.06:189][  0]LogD3D11RHI: RHI has support for 64 bit atomics
[2020.09.14-04.30.06:192][  0]LogD3D11RHI: [Aftermath] Enabled and primed
[2020.09.14-04.30.06:772][  0]LogD3D11RHI: Async texture creation enabled
[2020.09.14-04.30.06:773][  0]LogD3D11RHI: Array index from any shader is supported
[2020.09.14-04.30.07:499][  0]LogD3D11RHI: GPU Timing Frequency: 1000.000000 (Debug: 2 1)
[2020.09.14-04.30.09:044][  0]LogTargetPlatformManager: Display: Loaded TargetPlatform 'AllDesktop'
[2020.09.14-04.30.09:134][  0]LogTargetPlatformManager: Display: Loaded TargetPlatform 'Android'
[2020.09.14-04.30.09:134][  0]LogTargetPlatformManager: Display: Loaded TargetPlatform 'Android_ASTC'
[2020.09.14-04.30.09:134][  0]LogTargetPlatformManager: Display: Loaded TargetPlatform 'Android_DXT'
[2020.09.14-04.30.09:134][  0]LogTargetPlatformManager: Display: Loaded TargetPlatform 'Android_ETC2'
[2020.09.14-04.30.09:134][  0]LogTargetPlatformManager: Display: Loaded TargetPlatform 'AndroidClient'
[2020.09.14-04.30.09:134][  0]LogTargetPlatformManager: Display: Loaded TargetPlatform 'Android_ASTCClient'
[2020.09.14-04.30.09:134][  0]LogTargetPlatformManager: Display: Loaded TargetPlatform 'Android_DXTClient'
[2020.09.14-04.30.09:134][  0]LogTargetPlatformManager: Display: Loaded TargetPlatform 'Android_ETC2Client'
[2020.09.14-04.30.09:134][  0]LogTargetPlatformManager: Display: Loaded TargetPlatform 'Android_Multi'
[2020.09.14-04.30.09:134][  0]LogTargetPlatformManager: Display: Loaded TargetPlatform 'Android_MultiClient'
[2020.09.14-04.30.09:236][  0]LogTargetPlatformManager: Display: Loaded TargetPlatform 'IOSClient'
[2020.09.14-04.30.09:236][  0]LogTargetPlatformManager: Display: Loaded TargetPlatform 'IOS'
[2020.09.14-04.30.09:268][  0]LogTargetPlatformManager: Display: Loaded TargetPlatform 'Linux'
[2020.09.14-04.30.09:292][  0]LogTargetPlatformManager: Display: Loaded TargetPlatform 'LinuxNoEditor'
[2020.09.14-04.30.09:318][  0]LogTargetPlatformManager: Display: Loaded TargetPlatform 'LinuxClient'
[2020.09.14-04.30.09:386][  0]LogTargetPlatformManager: Display: Loaded TargetPlatform 'LinuxServer'
[2020.09.14-04.30.09:412][  0]LogTargetPlatformManager: Display: Loaded TargetPlatform 'LinuxAArch64NoEditor'
[2020.09.14-04.30.09:434][  0]LogTargetPlatformManager: Display: Loaded TargetPlatform 'LinuxAArch64Client'
[2020.09.14-04.30.09:455][  0]LogTargetPlatformManager: Display: Loaded TargetPlatform 'LinuxAArch64Server'
[2020.09.14-04.30.09:517][  0]LogTargetPlatformManager: Display: Loaded TargetPlatform 'Lumin'
[2020.09.14-04.30.09:517][  0]LogTargetPlatformManager: Display: Loaded TargetPlatform 'LuminClient'
[2020.09.14-04.30.09:545][  0]LogTargetPlatformManager: Display: Loaded TargetPlatform 'TVOSClient'
[2020.09.14-04.30.09:545][  0]LogTargetPlatformManager: Display: Loaded TargetPlatform 'TVOS'
[2020.09.14-04.30.09:636][  0]LogTargetPlatformManager: Display: Loaded TargetPlatform 'WindowsNoEditor'
[2020.09.14-04.30.09:672][  0]LogTargetPlatformManager: Display: Loaded TargetPlatform 'Windows'
[2020.09.14-04.30.09:693][  0]LogTargetPlatformManager: Display: Loaded TargetPlatform 'WindowsClient'
[2020.09.14-04.30.09:720][  0]LogTargetPlatformManager: Display: Loaded TargetPlatform 'WindowsServer'
[2020.09.14-04.30.09:720][  0]LogTargetPlatformManager: Display: Building Assets For Windows
[2020.09.14-04.30.09:960][  0]LogAudioDebug: Display: Lib vorbis DLL was dynamically loaded.
[2020.09.14-04.30.11:341][  0]LogShaderCompilers: Guid format shader working directory is 12 characters bigger than the processId version (../../../../../../Src/CatsAndDogs/Intermediate/Shaders/WorkingDirectory/9140/).
[2020.09.14-04.30.11:342][  0]LogShaderCompilers: Cleaned the shader compiler working directory 'C:/Users/User/AppData/Local/Temp/UnrealShaderWorkingDir/9369379545E25920AD1B1C82BC5202A8/'.
[2020.09.14-04.30.11:347][  0]LogXGEController: Cleaning working directory: C:/Users/User/AppData/Local/Temp/UnrealXGEWorkingDir/
[2020.09.14-04.30.11:348][  0]LogXGEController: Cannot use XGE Controller as Incredibuild is not installed on this machine.
[2020.09.14-04.30.11:348][  0]LogShaderCompilers: Cannot use XGE Shader Compiler as Incredibuild is not installed on this machine.
[2020.09.14-04.30.11:348][  0]LogShaderCompilers: Display: Using Local Shader Compiler.
[2020.09.14-04.30.18:669][  0]LogDerivedDataCache: Display: Max Cache Size: 512 MB
[2020.09.14-04.30.18:860][  0]LogDerivedDataCache: Loaded boot cache 0.18s 76MB C:/Users/User/AppData/Local/UnrealEngine/4.25/DerivedDataCache/Boot.ddc.
[2020.09.14-04.30.18:860][  0]LogDerivedDataCache: Display: Loaded Boot cache: C:/Users/User/AppData/Local/UnrealEngine/4.25/DerivedDataCache/Boot.ddc
[2020.09.14-04.30.18:895][  0]LogDerivedDataCache: FDerivedDataBackendGraph:  Pak pak cache file ../../../../../../Src/CatsAndDogs/DerivedDataCache/DDC.ddp not found, will not use a pak cache.
[2020.09.14-04.30.18:896][  0]LogDerivedDataCache: Unable to find inner node Pak for hierarchical cache Hierarchy.
[2020.09.14-04.30.18:896][  0]LogDerivedDataCache: FDerivedDataBackendGraph:  CompressedPak pak cache file ../../../../../../Src/CatsAndDogs/DerivedDataCache/Compressed.ddp not found, will not use a pak cache.
[2020.09.14-04.30.18:896][  0]LogDerivedDataCache: Unable to find inner node CompressedPak for hierarchical cache Hierarchy.
[2020.09.14-04.30.19:133][  0]LogDerivedDataCache: Display: Pak cache opened for reading ../../../Engine/DerivedDataCache/Compressed.ddp.
[2020.09.14-04.30.19:133][  0]LogDerivedDataCache: FDerivedDataBackendGraph:  EnterprisePak pak cache file ../../../Enterprise/DerivedDataCache/Compressed.ddp not found, will not use a pak cache.
[2020.09.14-04.30.19:133][  0]LogDerivedDataCache: Unable to find inner node EnterprisePak for hierarchical cache Hierarchy.
[2020.09.14-04.30.19:135][  0]LogDerivedDataCache: Using Local data cache path C:/Users/User/AppData/Local/UnrealEngine/Common/DerivedDataCache: Writable
[2020.09.14-04.30.19:135][  0]LogDerivedDataCache: Shared data cache path not found in *engine.ini, will not use an Shared cache.
[2020.09.14-04.30.19:135][  0]LogDerivedDataCache: Unable to find inner node Shared for hierarchical cache Hierarchy.
[2020.09.14-04.30.20:163][  0]LogSlate: Using FreeType 2.10.0
[2020.09.14-04.30.20:765][  0]LogSlate: SlateFontServices - WITH_FREETYPE: 1, WITH_HARFBUZZ: 1
[2020.09.14-04.30.23:461][  0]LogAssetRegistry: FAssetRegistry took 0.5359 seconds to start up
[2020.09.14-04.30.31:917][  0]LogInit: Selected Device Profile: [Windows]
[2020.09.14-04.30.36:761][  0]LogMeshReduction: Using QuadricMeshReduction for automatic static mesh reduction
[2020.09.14-04.30.36:761][  0]LogMeshReduction: Using SimplygonMeshReduction for automatic skeletal mesh reduction
[2020.09.14-04.30.36:761][  0]LogMeshReduction: Using ProxyLODMeshReduction for automatic mesh merging
[2020.09.14-04.30.36:761][  0]LogMeshReduction: No distributed automatic mesh merging module available
[2020.09.14-04.30.36:761][  0]LogMeshMerging: No distributed automatic mesh merging module available
[2020.09.14-04.30.37:263][  0]LogNetVersion: CatsandDogs 1.0.0, NetCL: 13144385, EngineNetVer: 14, GameNetVer: 0 (Checksum: 3059202269)
[2020.09.14-04.30.52:786][  0]LogAISub: UAISubsystem::UAISubsystem AISubsystem (0000019B79BB2980), frame # 0
[2020.09.14-04.30.52:786][  0]LogAISub: UAISubsystem::UAISubsystem AIPerceptionSystem (0000019B79A6AAC0), frame # 0
[2020.09.14-04.30.52:819][  0]LogAISub: UAISubsystem::UAISubsystem EnvQueryManager (0000019B79ABDC00), frame # 0
[2020.09.14-04.30.53:223][  0]LogPackageLocalizationCache: Processed 19 localized package path(s) for 1 prioritized culture(s) in 0.138571 seconds
[2020.09.14-04.30.53:242][  0]LogUObjectArray: 15917 objects as part of root set at end of initial load.
[2020.09.14-04.30.53:242][  0]LogUObjectAllocator: 3965568 out of 0 bytes used by permanent object pool.
[2020.09.14-04.30.53:242][  0]LogUObjectArray: CloseDisregardForGC: 0/0 objects in disregard for GC pool
[2020.09.14-04.30.57:879][  0]LogTcpMessaging: Initializing TcpMessaging bridge
[2020.09.14-04.30.57:914][  0]LogUdpMessaging: Initializing bridge on interface 0.0.0.0:0 to multicast group 230.0.0.1:6666.
[2020.09.14-04.30.58:584][  0]SourceControl: Source control is disabled
[2020.09.14-04.31.02:099][  0]LogAndroidPermission: UAndroidPermissionCallbackProxy::GetInstance
[2020.09.14-04.31.02:199][  0]LogAudioCaptureCore: Display: No Audio Capture implementations found. Audio input will be silent.
[2020.09.14-04.31.02:199][  0]LogAudioCaptureCore: Display: No Audio Capture implementations found. Audio input will be silent.
[2020.09.14-04.31.02:526][  0]LogOcInput: OculusInput pre-init called
[2020.09.14-04.31.02:583][  0]LogWindows: Failed to load 'OVRPlugin.dll' (GetLastError=126)
[2020.09.14-04.31.02:583][  0]LogWindows: File 'OVRPlugin.dll' does not exist
[2020.09.14-04.31.03:682][  0]LogEngine: Initializing Engine...
[2020.09.14-04.31.03:781][  0]LogHMD: Failed to initialize OpenVR with code 108
[2020.09.14-04.31.03:781][  0]LogMagicLeap: Warning: VR disabled because ZI is not enabled.  To enable, in the editor, Edit -> Project Settings -> Plugins -> Magic Leap Plugin -> Enable Zero Iteration
[2020.09.14-04.31.03:936][  0]LogStats: UGameplayTagsManager::InitializeManager -  0.029 s
[2020.09.14-04.31.04:526][  0]LogInit: Initializing FReadOnlyCVARCache
[2020.09.14-04.31.04:900][  0]LogAIModule: Creating AISystem for world Untitled
[2020.09.14-04.31.04:900][  0]LogAISub: UAISubsystem::UAISubsystem EnvQueryManager (0000019B7BACBC00), frame # 0
[2020.09.14-04.31.04:901][  0]LogAISub: UAISubsystem::UAISubsystem AIPerceptionSystem (0000019B7BB1C900), frame # 0
[2020.09.14-04.31.05:326][  0]LogAudioMixer: Display: Audio Mixer Platform Settings:
[2020.09.14-04.31.05:326][  0]LogAudioMixer: Display: 	Sample Rate:						  48000
[2020.09.14-04.31.05:326][  0]LogAudioMixer: Display: 	Callback Buffer Frame Size Requested: 1024
[2020.09.14-04.31.05:326][  0]LogAudioMixer: Display: 	Callback Buffer Frame Size To Use:	  1024
[2020.09.14-04.31.05:326][  0]LogAudioMixer: Display: 	Number of buffers to queue:			  2
[2020.09.14-04.31.05:326][  0]LogAudioMixer: Display: 	Max Channels (voices):				  32
[2020.09.14-04.31.05:326][  0]LogAudioMixer: Display: 	Number of Async Source Workers:		  0
[2020.09.14-04.31.05:333][  0]LogAudio: Display: AudioDevice MaxSources: 32
[2020.09.14-04.31.05:351][  0]LogAudio: Display: Using built-in audio occlusion.
[2020.09.14-04.31.05:352][  0]LogAudioMixer: Display: Initializing audio mixer.
[2020.09.14-04.31.05:507][  0]LogAudioMixer: Display: 0: FrontLeft
[2020.09.14-04.31.05:508][  0]LogAudioMixer: Display: 1: FrontRight
[2020.09.14-04.31.05:508][  0]LogAudioMixer: Display: 2: FrontCenter
[2020.09.14-04.31.05:508][  0]LogAudioMixer: Display: 3: LowFrequency
[2020.09.14-04.31.05:508][  0]LogAudioMixer: Display: 4: BackLeft
[2020.09.14-04.31.05:508][  0]LogAudioMixer: Display: 5: BackRight
[2020.09.14-04.31.05:508][  0]LogAudioMixer: Display: 6: SideLeft
[2020.09.14-04.31.05:508][  0]LogAudioMixer: Display: 7: SideRight
[2020.09.14-04.31.05:675][  0]LogAudioMixer: Display: Using Audio Device Speakers (Realtek High Definition Audio)
[2020.09.14-04.31.05:695][  0]LogAudioMixer: Display: Initializing Sound Submixes...
[2020.09.14-04.31.05:757][  0]LogAudioMixer: Display: Creating Master Submix 'MasterSubmixDefault'
[2020.09.14-04.31.05:757][  0]LogAudioMixer: Display: Creating Master Submix 'MasterReverbSubmixDefault'
[2020.09.14-04.31.05:769][  0]LogAudioMixer: Display: Creating Master Submix 'MasterEQSubmixDefault'
[2020.09.14-04.31.05:770][  0]LogInit: FAudioDevice initialized.
[2020.09.14-04.31.05:776][  0]LogNetVersion: Set ProjectVersion to 1.0.0.0. Version Checksum will be recalculated on next use.
[2020.09.14-04.31.05:852][  0]LogDerivedDataCache: Saved boot cache 0.08s 76MB C:/Users/User/AppData/Local/UnrealEngine/4.25/DerivedDataCache/Boot.ddc.
[2020.09.14-04.31.05:852][  0]LogInit: Texture streaming: Enabled
[2020.09.14-04.31.05:991][  0]LogEngineSessionManager: EngineSessionManager initialized
[2020.09.14-04.31.05:991][  0]LogEditorSessionSummary: Verbose: Initializing EditorSessionSummaryWriter for editor session tracking
[2020.09.14-04.31.06:007][  0]LogEditorSessionSummary: EditorSessionSummaryWriter initialized
[2020.09.14-04.31.06:245][  0]LogInit: Transaction tracking system initialized
[2020.09.14-04.31.06:573][  0]BlueprintLog: New page: Editor Load
[2020.09.14-04.31.07:991][  0]LocalizationService: Localization service is disabled
[2020.09.14-04.31.10:632][  0]LogFileCache: Scanning file cache for directory 'D:/Src/CatsAndDogs/Content/' took 0.01s
[2020.09.14-04.31.10:632][  0]LogCook: Display: Max memory allowance for cook 16384mb min free memory 0mb
[2020.09.14-04.31.10:632][  0]LogCook: Display: Mobile HDR setting 1
[2020.09.14-04.31.13:140][  0]LogUnrealEdMisc: Loading editor; pre map load, took 88.706
[2020.09.14-04.31.13:175][  0]Cmd: MAP LOAD FILE="../../../../../../Src/CatsAndDogs/Content/ThirdPersonBP/Maps/ThirdPersonExampleMap.umap" TEMPLATE=0 SHOWPROGRESS=1 FEATURELEVEL=3
[2020.09.14-04.31.13:215][  0]LightingResults: New page: Lighting Build
[2020.09.14-04.31.13:320][  0]LogWorld: UWorld::CleanupWorld for Untitled, bSessionEnded=true, bCleanupResources=true
[2020.09.14-04.31.13:342][  0]LogSlate: InvalidateAllWidgets triggered.  All widgets were invalidated
[2020.09.14-04.31.13:387][  0]MapCheck: New page: Map Check
[2020.09.14-04.31.13:387][  0]LightingResults: New page: Lighting Build
[2020.09.14-04.31.13:577][  0]LogAISub: UAISubsystem::~UAISubsystem EnvQueryManager (0000019B7BACBC00), frame # 0
[2020.09.14-04.31.13:577][  0]LogAISub: UAISubsystem::~UAISubsystem AIPerceptionSystem (0000019B7BB1C900), frame # 0
[2020.09.14-04.31.13:578][  0]LogUObjectHash: Compacting FUObjectHashTables data took   0.60ms
[2020.09.14-04.31.17:194][  0]LogAIModule: Creating AISystem for world ThirdPersonExampleMap
[2020.09.14-04.31.17:195][  0]LogAISub: UAISubsystem::UAISubsystem EnvQueryManager (0000019B11D64600), frame # 0
[2020.09.14-04.31.17:195][  0]LogAISub: UAISubsystem::UAISubsystem AIPerceptionSystem (0000019B11CFCB80), frame # 0
[2020.09.14-04.31.17:875][  0]LogEditorServer: Finished looking for orphan Actors (0.000 secs)
[2020.09.14-04.31.17:923][  0]LogUObjectHash: Compacting FUObjectHashTables data took   0.79ms
[2020.09.14-04.31.17:923][  0]Cmd: MAP CHECKDEP NOCLEARLOG
[2020.09.14-04.31.17:938][  0]MapCheck: Map check complete: 0 Error(s), 0 Warning(s), took 14.608ms to complete.
[2020.09.14-04.31.17:938][  0]LogFileHelpers: Loading map 'ThirdPersonExampleMap' took 4.777
[2020.09.14-04.31.18:632][  0]LogUnrealEdMisc: Total Editor Startup Time, took 94.198
[2020.09.14-04.31.19:332][  0]LogSlate: Updating window title bar state: overlay mode, drag disabled, window buttons hidden, title bar hidden
[2020.09.14-04.31.19:348][  0]LogSlate: Updating window title bar state: overlay mode, drag disabled, window buttons hidden, title bar hidden
[2020.09.14-04.31.19:356][  0]LogSlate: Updating window title bar state: overlay mode, drag disabled, window buttons hidden, title bar hidden
[2020.09.14-04.31.19:363][  0]LogSlate: Updating window title bar state: overlay mode, drag disabled, window buttons hidden, title bar hidden
[2020.09.14-04.31.19:485][  0]LogCollectionManager: Loaded 0 collections in 0.021103 seconds
[2020.09.14-04.31.19:777][  0]LogFileCache: Scanning file cache for directory 'D:/Src/CatsAndDogs/Saved/Collections/' took 0.00s
[2020.09.14-04.31.19:777][  0]LogFileCache: Scanning file cache for directory 'D:/Src/CatsAndDogs/Content/Developers/User/Collections/' took 0.00s
[2020.09.14-04.31.19:777][  0]LogFileCache: Scanning file cache for directory 'D:/Src/CatsAndDogs/Content/Collections/' took 0.00s
[2020.09.14-04.31.19:777][  0]LogContentBrowser: Native class hierarchy populated in 0.0179 seconds. Added 3427 classes and 821 folders.
[2020.09.14-04.31.19:879][  0]LogContentBrowser: Native class hierarchy updated for 'WidgetCarousel' in 0.0003 seconds. Added 0 classes and 0 folders.
[2020.09.14-04.31.20:900][  0]LogContentBrowser: Native class hierarchy updated for 'AddContentDialog' in 0.0004 seconds. Added 0 classes and 0 folders.
[2020.09.14-04.31.20:944][  0]LogContentBrowser: Native class hierarchy updated for 'SceneOutliner' in 0.0004 seconds. Added 2 classes and 0 folders.
[2020.09.14-04.31.21:465][  0]LogSlate: Took 0.036738 seconds to synchronously load lazily loaded font '../../../Engine/Content/Slate/Fonts/Roboto-Regular.ttf' (155K)
[2020.09.14-04.31.21:556][  0]LogSlate: Took 0.053654 seconds to synchronously load lazily loaded font '../../../Engine/Content/Slate/Fonts/Roboto-Bold.ttf' (160K)
[2020.09.14-04.31.21:615][  0]LogSlate: Took 0.008733 seconds to synchronously load lazily loaded font '../../../Engine/Content/Editor/Slate/Fonts/FontAwesome.ttf' (139K)
[2020.09.14-04.31.22:074][  0]LogRenderer: Reallocating scene render targets to support 1208x536 Format 10 NumSamples 1 (Frame:1).
[2020.09.14-04.31.22:450][  0]LogContentBrowser: Native class hierarchy updated for 'HierarchicalLODOutliner' in 0.0005 seconds. Added 0 classes and 0 folders.
[2020.09.14-04.31.22:450][  0]LogLoad: (Engine Initialization) Total time: 98.02 seconds
[2020.09.14-04.31.22:450][  0]LogLoad: (Engine Initialization) Total Blueprint compile time: 0.00 seconds
[2020.09.14-04.31.22:575][  0]LogAssetRegistry: Asset discovery search completed in 59.1178 seconds
[2020.09.14-04.31.22:579][  0]LogCollectionManager: Fixed up redirectors for 0 collections in 0.000011 seconds (updated 0 objects)
[2020.09.14-04.31.22:686][  0]LogContentStreaming: Texture pool size now 1000 MB
[2020.09.14-04.31.22:812][  0]LogRenderer: Reallocating scene render targets to support 1208x552 Format 10 NumSamples 1 (Frame:3).
[2020.09.14-04.31.22:812][  0]LogSlate: Took 0.024731 seconds to synchronously load lazily loaded font '../../../Engine/Content/Slate/Fonts/Roboto-Light.ttf' (167K)
[2020.09.14-04.32.55:266][707]LogSlate: Took 0.000288 seconds to synchronously load lazily loaded font '../../../Engine/Content/Slate/Fonts/Roboto-Light.ttf' (167K)
[2020.09.14-04.32.55:717][707]LogFactory: FactoryCreateFile: StaticMesh with FbxFactory (0 0 C:/Users/User/Desktop/CatsVSDogsGame/EnvironmentAssets/Oasis/Cave.FBX)
[2020.09.14-04.32.55:792][707]LogFbx: Loading FBX Scene from C:/Users/User/Desktop/CatsVSDogsGame/EnvironmentAssets/Oasis/Cave.FBX
[2020.09.14-04.32.55:894][707]LogFbx: FBX Scene Loaded Succesfully
[2020.09.14-04.32.57:547][707]LogSlate: Window 'FBX Import Options' being destroyed
[2020.09.14-04.32.57:729][707]LogStaticMesh: Building static mesh Cave...
[2020.09.14-04.32.57:749][707]LogStaticMesh: Built static mesh [0.02s] /Game/Assets/Props/Cave.Cave
[2020.09.14-04.32.59:755][810]LogActorFactory: Actor Factory created Cave
[2020.09.14-04.33.00:888][873]LogActorFactory: Actor Factory created Cave
[2020.09.14-04.34.24:164][837]LogEditorViewport: Clicking on Actor (LMB): BP_Sky_Sphere_C (SkySphereBlueprint)
[2020.09.14-04.35.14:262][819]LogEditorViewport: Clicking on Actor (context menu): StaticMeshActor (palmtree5)
[2020.09.14-04.35.15:962][891]LogEditorViewport: Clicking on Actor (CTRL LMB): StaticMeshActor (coconut9)
[2020.09.14-04.35.17:256][959]LogEditorViewport: Clicking on Actor (CTRL LMB): StaticMeshActor (palmtree6)
[2020.09.14-04.35.18:245][ 16]LogEditorViewport: Clicking on Actor (CTRL LMB): StaticMeshActor (palmtree7)
[2020.09.14-04.35.18:961][ 57]LogEditorViewport: Clicking on Actor (CTRL LMB): StaticMeshActor (coconut14)
[2020.09.14-04.35.19:509][ 88]LogEditorViewport: Clicking on Actor (CTRL LMB): StaticMeshActor (coconut15)
[2020.09.14-04.35.21:955][233]LogEditorViewport: Clicking on Actor (CTRL LMB): StaticMeshActor (coconut11)
[2020.09.14-04.35.22:686][275]LogEditorViewport: Clicking on Actor (CTRL LMB): StaticMeshActor (coconut12)
[2020.09.14-04.35.24:901][406]LogEditorViewport: Clicking on Actor (CTRL LMB): StaticMeshActor (coconut8)
[2020.09.14-04.35.25:696][452]LogEditorViewport: Clicking on Actor (CTRL LMB): StaticMeshActor (coconut10)
[2020.09.14-04.35.28:648][627]LogEditorViewport: Clicking on Actor (CTRL LMB): StaticMeshActor (coconut16)
[2020.09.14-04.35.33:080][891]LogEditorViewport: Clicking on Actor (CTRL LMB): StaticMeshActor (coconut13)
[2020.09.14-04.35.57:683][364]LogEditorViewport: Clicking on Actor (LMB): Landscape (Landscape)
[2020.09.14-04.36.05:938][766]LogTexture: Display: Building textures: Texture2D_2 (G8, 128X128)
[2020.09.14-04.36.06:117][766]LogSlate: Took 0.011424 seconds to synchronously load lazily loaded font '../../../Engine/Content/Slate/Fonts/Roboto-Italic.ttf' (157K)
[2020.09.14-04.36.16:243][365]LogEditorViewport: Clicking on Actor (LMB): Landscape (Landscape)
[2020.09.14-04.36.35:157][481]LogSlate: WidgetSwitcher ('None') active index changed to 1
[2020.09.14-04.36.39:276][716]LogUObjectHash: Compacting FUObjectHashTables data took   0.69ms
[2020.09.14-04.36.39:556][716]LogSavePackage: Moving '../../../../../../Src/CatsAndDogs/Saved/ThirdPersonExampleMap00CE46964162021BE3332FBA5979832B.tmp' to '../../../../../../Src/CatsAndDogs/Content/ThirdPersonBP/Maps/ThirdPersonExampleMap.umap'
[2020.09.14-04.36.40:350][716]LogSavePackage: Moving '../../../../../../Src/CatsAndDogs/Saved/ThirdPersonExampleMap_BuiltData8795BBF348A56EE3BC82B1AD3CB9812C.tmp' to '../../../../../../Src/CatsAndDogs/Content/ThirdPersonBP/Maps/ThirdPersonExampleMap_BuiltData.uasset'
[2020.09.14-04.36.40:384][716]AssetCheck: New page: Asset Save: multiple assets
[2020.09.14-04.36.40:384][716]LogContentValidation: Display: Validating World /Game/ThirdPersonBP/Maps/ThirdPersonExampleMap.ThirdPersonExampleMap
[2020.09.14-04.36.40:384][716]LogContentValidation: Display: Validating MapBuildDataRegistry /Game/ThirdPersonBP/Maps/ThirdPersonExampleMap_BuiltData.ThirdPersonExampleMap_BuiltData
[2020.09.14-04.37.53:207][ 26]LogTexture: Display: Building textures: Texture2D_3 (BGRA8, 64X64)
[2020.09.14-04.38.42:150][945]LogUObjectHash: Compacting FUObjectHashTables data took   0.67ms
[2020.09.14-04.38.42:165][945]LogTexture: Display: Building textures: Texture2D_0 (BGRA8, 512X512)
[2020.09.14-04.38.42:172][945]LogTexture: Display: Building textures: Texture2D_3 (BGRA8, 64X64)
[2020.09.14-04.38.42:173][945]LogTexture: Display: Building textures: Texture2D_2 (BGRA8, 64X64)
[2020.09.14-04.38.42:616][945]LogSavePackage: Moving '../../../../../../Src/CatsAndDogs/Saved/ThirdPersonExampleMapFD433DC6455732C07D475F8C7B98C2F1.tmp' to '../../../../../../Src/CatsAndDogs/Content/ThirdPersonBP/Maps/ThirdPersonExampleMap.umap'
[2020.09.14-04.38.43:082][945]LogSavePackage: Moving '../../../../../../Src/CatsAndDogs/Saved/ThirdPersonExampleMap_BuiltData5CEB7ECC470B51648BF1FE880DCEFD2A.tmp' to '../../../../../../Src/CatsAndDogs/Content/ThirdPersonBP/Maps/ThirdPersonExampleMap_BuiltData.uasset'
[2020.09.14-04.38.43:092][945]AssetCheck: New page: Asset Save: multiple assets
[2020.09.14-04.38.43:092][945]LogContentValidation: Display: Validating World /Game/ThirdPersonBP/Maps/ThirdPersonExampleMap.ThirdPersonExampleMap
[2020.09.14-04.38.43:092][945]LogContentValidation: Display: Validating MapBuildDataRegistry /Game/ThirdPersonBP/Maps/ThirdPersonExampleMap_BuiltData.ThirdPersonExampleMap_BuiltData
[2020.09.14-04.49.01:056][222]LogUObjectHash: Compacting FUObjectHashTables data took   0.70ms
[2020.09.14-04.49.01:454][222]LogTexture: Display: Building textures: Texture2D_0 (BGRA8, 512X512)
[2020.09.14-04.49.01:458][222]LogTexture: Display: Building textures: Texture2D_3 (BGRA8, 64X64)
[2020.09.14-04.49.01:459][222]LogTexture: Display: Building textures: Texture2D_2 (BGRA8, 64X64)
[2020.09.14-04.49.01:579][222]LogSavePackage: Moving '../../../../../../Src/CatsAndDogs/Saved/ThirdPersonExampleMap_Auto10DDB228E46D515693C6DBEBFDA2F58BF.tmp' to '../../../../../../Src/CatsAndDogs/Saved/Autosaves/Game/ThirdPersonBP/Maps/ThirdPersonExampleMap_Auto1.umap'
[2020.09.14-04.49.01:582][222]LogFileHelpers: Editor autosave (incl. sublevels) for '/Game/ThirdPersonBP/Maps/ThirdPersonExampleMap' took 0.535
[2020.09.14-04.49.01:582][222]LogFileHelpers: Editor autosave (incl. sublevels) for all levels took 0.535
[2020.09.14-04.49.01:591][222]OBJ SavePackage: Generating thumbnails for [1] asset(s) in package [/Game/Assets/Props/Cave] ([1] browsable assets)...
[2020.09.14-04.49.01:619][222]OBJ SavePackage:     Rendered thumbnail for [StaticMesh /Game/Assets/Props/Cave.Cave]
[2020.09.14-04.49.01:619][222]OBJ SavePackage: Finished generating thumbnails for package [/Game/Assets/Props/Cave]
[2020.09.14-04.49.01:619][222]Cmd: OBJ SAVEPACKAGE PACKAGE="/Game/Assets/Props/Cave" FILE="../../../../../../Src/CatsAndDogs/Saved/Autosaves/Game/Assets/Props/Cave_Auto1.uasset" SILENT=false AUTOSAVING=true
[2020.09.14-04.49.01:668][222]LogSavePackage: Moving '../../../../../../Src/CatsAndDogs/Saved/Cave_Auto1FC2464CB4F255C7F408BAB88B0283346.tmp' to '../../../../../../Src/CatsAndDogs/Saved/Autosaves/Game/Assets/Props/Cave_Auto1.uasset'
[2020.09.14-04.49.01:670][222]LogFileHelpers: Auto-saving content packages took 0.088
[2020.09.14-04.52.02:899][440]Cmd: TRANSACTION UNDO
[2020.09.14-04.52.02:899][440]LogEditorTransaction: Undo Landscape Editing: Sculpt
[2020.09.14-04.52.03:313][440]LogTexture: Display: Building textures: Texture2D_2 (BGRA8, 64X64)
[2020.09.14-04.52.03:315][440]LogTexture: Display: Building textures: Texture2D_3 (BGRA8, 64X64)
[2020.09.14-04.52.03:316][440]LogTexture: Display: Building textures: Texture2D_0 (BGRA8, 512X512)
[2020.09.14-04.52.05:475][557]LogUObjectHash: Compacting FUObjectHashTables data took   0.67ms
[2020.09.14-04.52.05:608][557]LogSavePackage: Moving '../../../../../../Src/CatsAndDogs/Saved/ThirdPersonExampleMap8F3EFAAB491AF48D48B9399027C24486.tmp' to '../../../../../../Src/CatsAndDogs/Content/ThirdPersonBP/Maps/ThirdPersonExampleMap.umap'
[2020.09.14-04.52.06:098][557]LogSavePackage: Moving '../../../../../../Src/CatsAndDogs/Saved/ThirdPersonExampleMap_BuiltDataB9D1E8844671F37E95CC05A3149730C5.tmp' to '../../../../../../Src/CatsAndDogs/Content/ThirdPersonBP/Maps/ThirdPersonExampleMap_BuiltData.uasset'
[2020.09.14-04.52.06:109][557]AssetCheck: New page: Asset Save: multiple assets
[2020.09.14-04.52.06:109][557]LogContentValidation: Display: Validating World /Game/ThirdPersonBP/Maps/ThirdPersonExampleMap.ThirdPersonExampleMap
[2020.09.14-04.52.06:109][557]LogContentValidation: Display: Validating MapBuildDataRegistry /Game/ThirdPersonBP/Maps/ThirdPersonExampleMap_BuiltData.ThirdPersonExampleMap_BuiltData
[2020.09.14-04.52.20:714][428]Cmd: TRANSACTION UNDO
[2020.09.14-04.52.20:714][428]LogEditorTransaction: Undo Landscape Editing: Sculpt
[2020.09.14-04.52.40:095][574]Cmd: TRANSACTION UNDO
[2020.09.14-04.52.40:095][574]LogEditorTransaction: Undo Landscape Editing: Sculpt
[2020.09.14-04.52.56:536][543]Cmd: TRANSACTION UNDO
[2020.09.14-04.52.56:536][543]LogEditorTransaction: Undo Landscape Editing: Sculpt
[2020.09.14-04.52.56:602][543]LogTexture: Display: Building textures: Texture2D_3 (BGRA8, 64X64)
[2020.09.14-04.52.56:604][543]LogTexture: Display: Building textures: Texture2D_2 (BGRA8, 64X64)
[2020.09.14-04.52.56:605][543]LogTexture: Display: Building textures: Texture2D_0 (BGRA8, 512X512)
[2020.09.14-04.53.45:592][460]Cmd: TRANSACTION UNDO
[2020.09.14-04.53.45:592][460]LogEditorTransaction: Undo Landscape Editing: Sculpt
[2020.09.14-04.53.45:654][460]LogTexture: Display: Building textures: Texture2D_2 (BGRA8, 64X64)
[2020.09.14-04.53.45:656][460]LogTexture: Display: Building textures: Texture2D_3 (BGRA8, 64X64)
[2020.09.14-04.53.45:657][460]LogTexture: Display: Building textures: Texture2D_0 (BGRA8, 512X512)
[2020.09.14-04.53.51:149][778]Cmd: TRANSACTION UNDO
[2020.09.14-04.53.51:149][778]LogEditorTransaction: Undo Landscape Editing: Sculpt
[2020.09.14-04.54.33:258][273]LogEditorViewport: Clicking on Actor (double click): Landscape (Landscape)
[2020.09.14-04.54.41:083][733]Cmd: TRANSACTION UNDO
[2020.09.14-04.54.41:083][733]LogEditorTransaction: Undo Landscape Editing: Sculpt
[2020.09.14-04.54.41:116][733]LogTexture: Display: Building textures: Texture2D_3 (BGRA8, 64X64)
[2020.09.14-04.54.41:117][733]LogTexture: Display: Building textures: Texture2D_0 (BGRA8, 512X512)
[2020.09.14-04.54.41:821][768]Cmd: TRANSACTION UNDO
[2020.09.14-04.54.41:821][768]LogEditorTransaction: Undo Landscape Editing: Sculpt
[2020.09.14-04.54.41:856][768]LogTexture: Display: Building textures: Texture2D_3 (BGRA8, 64X64)
[2020.09.14-04.54.41:861][768]LogTexture: Display: Building textures: Texture2D_0 (BGRA8, 512X512)
[2020.09.14-04.54.55:855][582]Cmd: TRANSACTION UNDO
[2020.09.14-04.54.55:855][582]LogEditorTransaction: Undo Landscape Editing: Sculpt
[2020.09.14-04.54.55:921][582]LogTexture: Display: Building textures: Texture2D_2 (BGRA8, 64X64)
[2020.09.14-04.54.55:923][582]LogTexture: Display: Building textures: Texture2D_3 (BGRA8, 64X64)
[2020.09.14-04.54.55:924][582]LogTexture: Display: Building textures: Texture2D_0 (BGRA8, 512X512)
[2020.09.14-04.55.12:922][548]Cmd: TRANSACTION UNDO
[2020.09.14-04.55.12:922][548]LogEditorTransaction: Undo Landscape Editing: Sculpt
[2020.09.14-04.55.12:960][548]LogTexture: Display: Building textures: Texture2D_3 (BGRA8, 64X64)
[2020.09.14-04.55.12:962][548]LogTexture: Display: Building textures: Texture2D_0 (BGRA8, 512X512)
[2020.09.14-04.55.34:970][850]Cmd: TRANSACTION UNDO
[2020.09.14-04.55.34:970][850]LogEditorTransaction: Undo Landscape Editing: Sculpt
[2020.09.14-04.55.35:031][850]LogTexture: Display: Building textures: Texture2D_2 (BGRA8, 64X64)
[2020.09.14-04.55.35:032][850]LogTexture: Display: Building textures: Texture2D_3 (BGRA8, 64X64)
[2020.09.14-04.55.35:033][850]LogTexture: Display: Building textures: Texture2D_0 (BGRA8, 512X512)
[2020.09.14-04.57.20:538][133]LogSlate: WidgetSwitcher ('None') active index changed to 0
[2020.09.14-04.57.23:764][325]LogEditorViewport: Clicking on Actor (LMB): StaticMeshActor (Fountain_water3)
[2020.09.14-04.58.08:021][968]LogUObjectHash: Compacting FUObjectHashTables data took   0.71ms
[2020.09.14-04.58.08:375][968]LogTexture: Display: Building textures: Texture2D_0 (BGRA8, 512X512)
[2020.09.14-04.58.08:379][968]LogTexture: Display: Building textures: Texture2D_3 (BGRA8, 64X64)
[2020.09.14-04.58.08:380][968]LogTexture: Display: Building textures: Texture2D_2 (BGRA8, 64X64)
[2020.09.14-04.58.08:501][968]LogSavePackage: Moving '../../../../../../Src/CatsAndDogs/Saved/ThirdPersonExampleMap5DE84EC74CF6B113462F9D925C333650.tmp' to '../../../../../../Src/CatsAndDogs/Content/ThirdPersonBP/Maps/ThirdPersonExampleMap.umap'
[2020.09.14-04.58.09:000][968]LogSavePackage: Moving '../../../../../../Src/CatsAndDogs/Saved/ThirdPersonExampleMap_BuiltData50771D454199099B78FE51A329491CAD.tmp' to '../../../../../../Src/CatsAndDogs/Content/ThirdPersonBP/Maps/ThirdPersonExampleMap_BuiltData.uasset'
[2020.09.14-04.58.09:010][968]AssetCheck: New page: Asset Save: multiple assets
[2020.09.14-04.58.09:010][968]LogContentValidation: Display: Validating World /Game/ThirdPersonBP/Maps/ThirdPersonExampleMap.ThirdPersonExampleMap
[2020.09.14-04.58.09:010][968]LogContentValidation: Display: Validating MapBuildDataRegistry /Game/ThirdPersonBP/Maps/ThirdPersonExampleMap_BuiltData.ThirdPersonExampleMap_BuiltData
[2020.09.14-04.58.50:838][472]LogEditorViewport: Clicking on Actor (LMB): Landscape (Landscape)
[2020.09.14-05.12.26:736][418]LogSlate: WidgetSwitcher ('None') active index changed to 1
[2020.09.14-05.13.45:933][ 42]Cmd: TRANSACTION UNDO
[2020.09.14-05.13.45:934][ 42]LogEditorTransaction: Undo Landscape Editing: Flatten
[2020.09.14-05.13.45:995][ 42]LogTexture: Display: Building textures: Texture2D_3 (BGRA8, 64X64)
[2020.09.14-05.13.45:996][ 42]LogTexture: Display: Building textures: Texture2D_2 (BGRA8, 64X64)
[2020.09.14-05.13.46:002][ 42]LogTexture: Display: Building textures: Texture2D_0 (BGRA8, 512X512)
[2020.09.14-05.13.47:714][131]Cmd: TRANSACTION UNDO
[2020.09.14-05.13.47:714][131]LogEditorTransaction: Undo Landscape Editing: Flatten
[2020.09.14-05.14.18:737][964]LogUObjectHash: Compacting FUObjectHashTables data took   0.71ms
[2020.09.14-05.14.18:758][964]LogTexture: Display: Building textures: Texture2D_0 (BGRA8, 512X512)
[2020.09.14-05.14.18:762][964]LogTexture: Display: Building textures: Texture2D_3 (BGRA8, 64X64)
[2020.09.14-05.14.18:762][964]LogTexture: Display: Building textures: Texture2D_2 (BGRA8, 64X64)
[2020.09.14-05.14.18:903][964]LogSavePackage: Moving '../../../../../../Src/CatsAndDogs/Saved/ThirdPersonExampleMap0C0E7A19456D59E3EA47C4B43567EC1B.tmp' to '../../../../../../Src/CatsAndDogs/Content/ThirdPersonBP/Maps/ThirdPersonExampleMap.umap'
[2020.09.14-05.14.19:446][964]LogSavePackage: Moving '../../../../../../Src/CatsAndDogs/Saved/ThirdPersonExampleMap_BuiltData5967AE4049EDC4A3FB6F2EAEF5A01D5D.tmp' to '../../../../../../Src/CatsAndDogs/Content/ThirdPersonBP/Maps/ThirdPersonExampleMap_BuiltData.uasset'
[2020.09.14-05.14.19:456][964]AssetCheck: New page: Asset Save: multiple assets
[2020.09.14-05.14.19:457][964]LogContentValidation: Display: Validating World /Game/ThirdPersonBP/Maps/ThirdPersonExampleMap.ThirdPersonExampleMap
[2020.09.14-05.14.19:457][964]LogContentValidation: Display: Validating MapBuildDataRegistry /Game/ThirdPersonBP/Maps/ThirdPersonExampleMap_BuiltData.ThirdPersonExampleMap_BuiltData
[2020.09.14-05.14.20:414][ 20]LogAssetEditorSubsystem: Opening Asset editor for StaticMesh /Game/Assets/Props/Cave.Cave
[2020.09.14-05.14.21:589][ 20]LogWorld: UWorld::CleanupWorld for World_2, bSessionEnded=true, bCleanupResources=true
[2020.09.14-05.14.21:589][ 20]LogSlate: InvalidateAllWidgets triggered.  All widgets were invalidated
[2020.09.14-05.14.21:816][ 20]LogRenderer: Reallocating scene render targets to support 1432x920 Format 10 NumSamples 1 (Frame:1).
[2020.09.14-05.14.33:119][670]Cmd: OBJ SAVEPACKAGE PACKAGE="/Game/Assets/Props/Cave" FILE="../../../../../../Src/CatsAndDogs/Content/Assets/Props/Cave.uasset" SILENT=true
[2020.09.14-05.14.33:130][670]LogSavePackage: Moving '../../../../../../Src/CatsAndDogs/Saved/Cave379556AF4423E435341FCB9AE748B0EE.tmp' to '../../../../../../Src/CatsAndDogs/Content/Assets/Props/Cave.uasset'
[2020.09.14-05.14.33:478][670]AssetCheck: New page: Asset Save: Cave
[2020.09.14-05.14.33:478][670]LogContentValidation: Display: Validating StaticMesh /Game/Assets/Props/Cave.Cave
[2020.09.14-05.14.38:976][999]LogSlate: Window 'Cave' being destroyed
[2020.09.14-05.14.38:983][999]LogSlate: Window 'Cave' being destroyed
[2020.09.14-05.14.38:993][999]LogWorld: UWorld::CleanupWorld for World_3, bSessionEnded=true, bCleanupResources=true
[2020.09.14-05.14.38:993][999]LogSlate: InvalidateAllWidgets triggered.  All widgets were invalidated
[2020.09.14-05.14.40:629][ 81]LogUObjectHash: Compacting FUObjectHashTables data took   0.61ms
[2020.09.14-05.14.40:798][ 81]LogSavePackage: Moving '../../../../../../Src/CatsAndDogs/Saved/ThirdPersonExampleMapC344A38247FE3007F5CC808BCE710742.tmp' to '../../../../../../Src/CatsAndDogs/Content/ThirdPersonBP/Maps/ThirdPersonExampleMap.umap'
[2020.09.14-05.14.41:293][ 81]LogSavePackage: Moving '../../../../../../Src/CatsAndDogs/Saved/ThirdPersonExampleMap_BuiltData75DA70CD45CFD7022F8F3FBA5AFE6C86.tmp' to '../../../../../../Src/CatsAndDogs/Content/ThirdPersonBP/Maps/ThirdPersonExampleMap_BuiltData.uasset'
[2020.09.14-05.14.41:302][ 81]AssetCheck: New page: Asset Save: multiple assets
[2020.09.14-05.14.41:302][ 81]LogContentValidation: Display: Validating World /Game/ThirdPersonBP/Maps/ThirdPersonExampleMap.ThirdPersonExampleMap
[2020.09.14-05.14.41:303][ 81]LogContentValidation: Display: Validating MapBuildDataRegistry /Game/ThirdPersonBP/Maps/ThirdPersonExampleMap_BuiltData.ThirdPersonExampleMap_BuiltData
[2020.09.14-05.14.43:906][235]LogUObjectHash: Compacting FUObjectHashTables data took   0.54ms
[2020.09.14-05.14.49:312][554]MapCheck: New page: Map Check
[2020.09.14-05.14.49:375][554]Cmd: MAP REBUILD ALLVISIBLE
[2020.09.14-05.14.49:375][554]LogEditorServer: Rebuildmap Clear paths rebuilt
[2020.09.14-05.14.49:380][554]LogWorld: UWorld::CleanupWorld for ThirdPersonExampleMap, bSessionEnded=true, bCleanupResources=false
[2020.09.14-05.14.49:411][554]LogNavigationDataBuild: Display: UNavigationSystemV1::Build started...
[2020.09.14-05.14.49:411][554]LogNavigationDataBuild: Display:    Building navigation data using PHYSICS_INTERFACE_PHYSX.
[2020.09.14-05.14.49:411][554]LogNavigationDataBuild: Display:    Building navigation data using WITH_PHYSX.
[2020.09.14-05.14.49:411][554]Cmd: MAP CHECK DONTDISPLAYDIALOG
[2020.09.14-05.14.49:484][554]MapCheck: New page: ThirdPersonExampleMap - Sep 13, 2020, 9:14:49 PM
[2020.09.14-05.14.49:485][554]MapCheck: Error: WorldInfo_0 Maps need lighting rebuilt 
[2020.09.14-05.14.49:494][554]MapCheck: Map check complete: 1 Error(s), 0 Warning(s), took 83.013ms to complete.
[2020.09.14-05.14.49:496][554]LogEditorBuildUtils: Build time 0:00
[2020.09.14-05.14.49:621][554]LogSlate: Took 0.025730 seconds to synchronously load lazily loaded font '../../../Engine/Content/Slate/Fonts/DroidSansMono.ttf' (77K)
[2020.09.14-05.14.50:673][618]LogSlate: Window 'Message Log' being destroyed
[2020.09.14-05.14.50:677][618]LogSlate: Window 'Message Log' being destroyed
[2020.09.14-05.14.52:328][717]MapCheck: New page: Map Check
[2020.09.14-05.14.52:381][717]LightingResults: New page: Lighting Build - Sep 13, 2020, 9:14:52 PM
[2020.09.14-05.14.52:511][717]LogSwarmInterface: [OpenConnection] Registering TCP channel ...
[2020.09.14-05.14.52:589][717]LogSwarmInterface: [OpenConnection] Connecting to agent ...
[2020.09.14-05.14.52:600][717]LogSwarmInterface: [TryOpenConnection] Testing the Agent
[2020.09.14-05.14.53:138][717]LogSwarmInterface: [TryOpenConnection] Opening Connection to Agent
[2020.09.14-05.14.53:138][717]LogSwarmInterface: [TryOpenConnection] Local Process ID is 9140
[2020.09.14-05.14.59:991][717]LogStaticLightingSystem: Running Lightmass w/ ImmediateImport mode ENABLED
[2020.09.14-05.14.59:991][717]LogStaticLightingSystem: Running Lightmass w/ ImmediateProcess mode ENABLED
[2020.09.14-05.14.59:991][717]LogStaticLightingSystem: Running Lightmass w/ Sorting mode ENABLED
[2020.09.14-05.14.59:991][717]LogStaticLightingSystem: Running Lightmass w/ Mapping paddings ENABLED
[2020.09.14-05.14.59:991][717]LogStaticLightingSystem: Running Lightmass w/ Mapping debug paddings DISABLED
[2020.09.14-05.15.00:309][717]LogEditorBuildUtils: Build time 0:07
[2020.09.14-05.15.00:576][724]LogUObjectHash: Compacting FUObjectHashTables data took   0.60ms
[2020.09.14-05.15.09:095][111]LightingResults: Warning: boilerroomwall Object has overlapping UVs.
[2020.09.14-05.15.09:095][111]LightingResults: boilerroomwall Lightmap UV are overlapping by 20.9%. Please adjust content - Enable Error Coloring to visualize.
[2020.09.14-05.15.09:185][114]LightingResults: Warning: boilerroombase Object has overlapping UVs.
[2020.09.14-05.15.09:185][114]LightingResults: boilerroombase Lightmap UV are overlapping by 22.5%. Please adjust content - Enable Error Coloring to visualize.
[2020.09.14-05.15.11:871][274]LightingResults: Warning: stairconnector Object has overlapping UVs.
[2020.09.14-05.15.11:871][274]LightingResults: stairconnector Lightmap UV are overlapping by 14.3%. Please adjust content - Enable Error Coloring to visualize.
[2020.09.14-05.15.12:069][284]LightingResults: Warning: H1insidestep Object has overlapping UVs.
[2020.09.14-05.15.12:069][284]LightingResults: H1insidestep Lightmap UV are overlapping by 50.0%. Please adjust content - Enable Error Coloring to visualize.
[2020.09.14-05.15.12:223][293]LightingResults: Warning: H2insidestep Object has overlapping UVs.
[2020.09.14-05.15.12:223][293]LightingResults: H2insidestep Lightmap UV are overlapping by 50.0%. Please adjust content - Enable Error Coloring to visualize.
[2020.09.14-05.15.14:655][438]LightingResults: Warning: church Object has overlapping UVs.
[2020.09.14-05.15.14:655][438]LightingResults: church Lightmap UV are overlapping by 3.6%. Please adjust content - Enable Error Coloring to visualize.
[2020.09.14-05.15.16:904][568]Job is a success!
[2020.09.14-05.15.17:100][569]LogVolumetricLightmapImport: Imported Volumetric Lightmap in 0.017s
[2020.09.14-05.15.17:101][569]LogVolumetricLightmapImport:      Indirection Texture 16x16x16 = 0.0Mb
[2020.09.14-05.15.17:101][569]LogVolumetricLightmapImport:      BrickData (all levels) 0.2Mb
[2020.09.14-05.15.17:101][569]LogVolumetricLightmapImport:      Bricks at depth
[2020.09.14-05.15.17:101][569]LogVolumetricLightmapImport:          0: 2.1% covering 100.0% of volume
[2020.09.14-05.15.17:101][569]LogVolumetricLightmapImport:          1: 8.5% covering 6.3% of volume
[2020.09.14-05.15.17:101][569]LogVolumetricLightmapImport:          2: 89.4% covering 1.0% of volume
[2020.09.14-05.15.17:101][569]LogVolumetricLightmapImport:      Bricks in each level
[2020.09.14-05.15.17:101][569]LogVolumetricLightmapImport:          ThirdPersonExampleMap 			 47 bricks 	 100.0% (Persistent Level)
[2020.09.14-05.15.18:940][569]LogTexture: Display: Building textures: LQ_Lightmap_0_1 (DXT1, 1024X1024)
[2020.09.14-05.15.18:940][569]LogTexture: Display: Building textures: HQ_Lightmap0_2 (AutoDXT, 256X256)
[2020.09.14-05.15.18:940][569]LogTexture: Display: Building textures: SkyOcclusion0_2 (AutoDXT, 256X128)
[2020.09.14-05.15.18:940][569]LogTexture: Display: Building textures: SkyOcclusion0_1 (AutoDXT, 1024X512)
[2020.09.14-05.15.18:940][569]LogTexture: Display: Building textures: LQ_Lightmap_0_2 (DXT1, 256X256)
[2020.09.14-05.15.18:940][569]LogTexture: Display: Building textures: HQ_Lightmap0_1 (AutoDXT, 1024X1024)
[2020.09.14-05.15.18:940][569]LogTexture: Display: Building textures: SkyOcclusion0_3 (AutoDXT, 256X128)
[2020.09.14-05.15.18:940][569]LogTexture: Display: Building textures: HQ_Lightmap0_3 (AutoDXT, 256X256)
[2020.09.14-05.15.18:940][569]LogTexture: Display: Building textures: LQ_Lightmap_0_3 (DXT1, 256X256)
[2020.09.14-05.15.18:940][569]LogTexture: Display: Building textures: SkyOcclusion1_4 (AutoDXT, 256X128)
[2020.09.14-05.15.18:940][569]LogTexture: Display: Building textures: HQ_Lightmap1_4 (AutoDXT, 256X256)
[2020.09.14-05.15.18:940][569]LogTexture: Display: Building textures: LQ_Lightmap_1_4 (DXT1, 256X256)
[2020.09.14-05.15.18:940][569]LogTexture: Display: Building textures: SkyOcclusion1_5 (AutoDXT, 256X128)
[2020.09.14-05.15.18:940][569]LogTexture: Display: Building textures: HQ_Lightmap1_5 (AutoDXT, 256X256)
[2020.09.14-05.15.18:940][569]LogTexture: Display: Building textures: LQ_Lightmap_1_5 (DXT1, 256X256)
[2020.09.14-05.15.18:940][569]LogTexture: Display: Building textures: SkyOcclusion1_6 (AutoDXT, 256X128)
[2020.09.14-05.15.18:940][569]LogTexture: Display: Building textures: HQ_Lightmap1_6 (AutoDXT, 256X256)
[2020.09.14-05.15.18:940][569]LogTexture: Display: Building textures: LQ_Lightmap_1_6 (DXT1, 256X256)
[2020.09.14-05.15.18:940][569]LogTexture: Display: Building textures: SkyOcclusion1_7 (AutoDXT, 1024X512)
[2020.09.14-05.15.18:940][569]LogTexture: Display: Building textures: HQ_Lightmap1_7 (AutoDXT, 1024X1024)
[2020.09.14-05.15.18:940][569]LogTexture: Display: Building textures: LQ_Lightmap_1_7 (DXT1, 1024X1024)
[2020.09.14-05.15.18:941][569]LogTexture: Display: Building textures: SkyOcclusion1_8 (AutoDXT, 1024X512)
[2020.09.14-05.15.18:941][569]LogTexture: Display: Building textures: HQ_Lightmap1_8 (AutoDXT, 1024X1024)
[2020.09.14-05.15.18:941][569]LogTexture: Display: Building textures: LQ_Lightmap_1_8 (DXT1, 1024X1024)
[2020.09.14-05.15.18:941][569]LogTexture: Display: Building textures: SkyOcclusion1_9 (AutoDXT, 256X128)
[2020.09.14-05.15.18:941][569]LogTexture: Display: Building textures: HQ_Lightmap1_9 (AutoDXT, 256X256)
[2020.09.14-05.15.18:941][569]LogTexture: Display: Building textures: LQ_Lightmap_1_9 (DXT1, 256X256)
[2020.09.14-05.15.18:941][569]LogTexture: Display: Building textures: SkyOcclusion1_10 (AutoDXT, 256X128)
[2020.09.14-05.15.18:941][569]LogTexture: Display: Building textures: HQ_Lightmap1_10 (AutoDXT, 256X256)
[2020.09.14-05.15.18:941][569]LogTexture: Display: Building textures: LQ_Lightmap_1_10 (DXT1, 256X256)
[2020.09.14-05.15.18:941][569]LogTexture: Display: Building textures: SkyOcclusion1_11 (AutoDXT, 256X128)
[2020.09.14-05.15.18:941][569]LogTexture: Display: Building textures: HQ_Lightmap1_11 (AutoDXT, 256X256)
[2020.09.14-05.15.18:941][569]LogTexture: Display: Building textures: LQ_Lightmap_1_11 (DXT1, 256X256)
[2020.09.14-05.15.18:941][569]LogTexture: Display: Building textures: SkyOcclusion1_12 (AutoDXT, 256X128)
[2020.09.14-05.15.18:941][569]LogTexture: Display: Building textures: HQ_Lightmap1_12 (AutoDXT, 256X256)
[2020.09.14-05.15.18:941][569]LogTexture: Display: Building textures: LQ_Lightmap_1_12 (DXT1, 256X256)
[2020.09.14-05.15.18:941][569]LogTexture: Display: Building textures: SkyOcclusion1_13 (AutoDXT, 256X128)
[2020.09.14-05.15.18:941][569]LogTexture: Display: Building textures: HQ_Lightmap1_13 (AutoDXT, 256X256)
[2020.09.14-05.15.18:941][569]LogTexture: Display: Building textures: LQ_Lightmap_1_13 (DXT1, 256X256)
[2020.09.14-05.15.18:941][569]LogTexture: Display: Building textures: SkyOcclusion1_14 (AutoDXT, 256X128)
[2020.09.14-05.15.18:941][569]LogTexture: Display: Building textures: HQ_Lightmap1_14 (AutoDXT, 256X256)
[2020.09.14-05.15.18:941][569]LogTexture: Display: Building textures: LQ_Lightmap_1_14 (DXT1, 256X256)
[2020.09.14-05.15.18:941][569]LogTexture: Display: Building textures: SkyOcclusion1_15 (AutoDXT, 256X128)
[2020.09.14-05.15.18:941][569]LogTexture: Display: Building textures: HQ_Lightmap1_15 (AutoDXT, 256X256)
[2020.09.14-05.15.18:941][569]LogTexture: Display: Building textures: LQ_Lightmap_1_15 (DXT1, 256X256)
[2020.09.14-05.15.18:941][569]LogTexture: Display: Building textures: SkyOcclusion1_16 (AutoDXT, 256X128)
[2020.09.14-05.15.18:941][569]LogTexture: Display: Building textures: HQ_Lightmap1_16 (AutoDXT, 256X256)
[2020.09.14-05.15.18:941][569]LogTexture: Display: Building textures: LQ_Lightmap_1_16 (DXT1, 256X256)
[2020.09.14-05.15.18:941][569]LogTexture: Display: Building textures: SkyOcclusion1_17 (AutoDXT, 256X128)
[2020.09.14-05.15.18:941][569]LogTexture: Display: Building textures: HQ_Lightmap1_17 (AutoDXT, 256X256)
[2020.09.14-05.15.18:941][569]LogTexture: Display: Building textures: LQ_Lightmap_1_17 (DXT1, 256X256)
[2020.09.14-05.15.18:941][569]LogTexture: Display: Building textures: SkyOcclusion1_18 (AutoDXT, 256X128)
[2020.09.14-05.15.18:941][569]LogTexture: Display: Building textures: HQ_Lightmap1_18 (AutoDXT, 256X256)
[2020.09.14-05.15.18:941][569]LogTexture: Display: Building textures: LQ_Lightmap_1_18 (DXT1, 256X256)
[2020.09.14-05.15.18:941][569]LogTexture: Display: Building textures: SkyOcclusion1_19 (AutoDXT, 128X64)
[2020.09.14-05.15.18:941][569]LogTexture: Display: Building textures: HQ_Lightmap1_19 (AutoDXT, 128X128)
[2020.09.14-05.15.18:941][569]LogTexture: Display: Building textures: LQ_Lightmap_1_19 (DXT1, 128X128)
[2020.09.14-05.15.18:941][569]LogTexture: Display: Building textures: SkyOcclusion1_20 (AutoDXT, 128X64)
[2020.09.14-05.15.18:941][569]LogTexture: Display: Building textures: HQ_Lightmap1_20 (AutoDXT, 128X128)
[2020.09.14-05.15.18:942][569]LogTexture: Display: Building textures: LQ_Lightmap_1_20 (DXT1, 128X128)
[2020.09.14-05.15.18:942][569]LogTexture: Display: Building textures: SkyOcclusion1_21 (AutoDXT, 256X128)
[2020.09.14-05.15.18:942][569]LogTexture: Display: Building textures: HQ_Lightmap1_21 (AutoDXT, 256X256)
[2020.09.14-05.15.18:942][569]LogTexture: Display: Building textures: LQ_Lightmap_1_21 (DXT1, 256X256)
[2020.09.14-05.15.18:942][569]LogTexture: Display: Building textures: SkyOcclusion0_22 (AutoDXT, 64X32)
[2020.09.14-05.15.18:942][569]LogTexture: Display: Building textures: HQ_Lightmap0_22 (AutoDXT, 64X64)
[2020.09.14-05.15.18:942][569]LogTexture: Display: Building textures: LQ_Lightmap_0_22 (DXT1, 64X64)
[2020.09.14-05.15.19:128][569]LogTexture: Display: Building textures: ShadowMapTexture2D_1 (G8, 256X64)
[2020.09.14-05.15.19:128][569]LogTexture: Display: Building textures: ShadowMapTexture2D_3 (G8, 256X64)
[2020.09.14-05.15.19:128][569]LogTexture: Display: Building textures: ShadowMapTexture2D_4 (G8, 256X64)
[2020.09.14-05.15.19:128][569]LogTexture: Display: Building textures: ShadowMapTexture2D_2 (G8, 256X64)
[2020.09.14-05.15.19:128][569]LogTexture: Display: Building textures: ShadowMapTexture2D_6 (G8, 256X64)
[2020.09.14-05.15.19:128][569]LogTexture: Display: Building textures: ShadowMapTexture2D_7 (G8, 256X64)
[2020.09.14-05.15.19:128][569]LogTexture: Display: Building textures: ShadowMapTexture2D_8 (G8, 256X64)
[2020.09.14-05.15.19:128][569]LogTexture: Display: Building textures: ShadowMapTexture2D_12 (G8, 256X64)
[2020.09.14-05.15.19:128][569]LogTexture: Display: Building textures: ShadowMapTexture2D_11 (G8, 256X64)
[2020.09.14-05.15.19:128][569]LogTexture: Display: Building textures: ShadowMapTexture2D_10 (G8, 512X64)
[2020.09.14-05.15.19:128][569]LogTexture: Display: Building textures: ShadowMapTexture2D_13 (G8, 256X64)
[2020.09.14-05.15.19:128][569]LogTexture: Display: Building textures: ShadowMapTexture2D_14 (G8, 256X64)
[2020.09.14-05.15.19:128][569]LogTexture: Display: Building textures: ShadowMapTexture2D_16 (G8, 128X64)
[2020.09.14-05.15.19:128][569]LogTexture: Display: Building textures: ShadowMapTexture2D_17 (G8, 128X64)
[2020.09.14-05.15.19:128][569]LogTexture: Display: Building textures: ShadowMapTexture2D_15 (G8, 256X64)
[2020.09.14-05.15.19:128][569]LogTexture: Display: Building textures: ShadowMapTexture2D_18 (G8, 128X64)
[2020.09.14-05.15.19:128][569]LogTexture: Display: Building textures: ShadowMapTexture2D_21 (G8, 32X32)
[2020.09.14-05.15.19:128][569]LogTexture: Display: Building textures: ShadowMapTexture2D_19 (G8, 128X64)
[2020.09.14-05.15.19:128][569]LogTexture: Display: Building textures: ShadowMapTexture2D_20 (G8, 128X64)
[2020.09.14-05.15.19:128][569]LogTexture: Display: Building textures: ShadowMapTexture2D_0 (G8, 1024X128)
[2020.09.14-05.15.19:128][569]LogTexture: Display: Building textures: ShadowMapTexture2D_9 (G8, 1024X128)
[2020.09.14-05.15.19:129][569]LogTexture: Display: Building textures: ShadowMapTexture2D_5 (G8, 1024X512)
[2020.09.14-05.15.19:129][569]Lightmass on DESKTOP-F4PG79J: 16.2 sec total, 576 ms importing, 306 ms setup, 3.75 sec photons, 11.6 sec processing, 0 ms extra exporting [279/279 mappings]. Threads: 1:21 min total, 51.7 sec processing.
[2020.09.14-05.15.19:150][569]LogStaticLightingSystem: ThirdPersonExampleMap_BuiltData storing lightmap data for 279 meshes in 48 LightmapResourceClusters (5.8 Meshes per cluster).
[2020.09.14-05.15.19:171][569]LogUObjectHash: Compacting FUObjectHashTables data took   0.69ms
[2020.09.14-05.15.19:190][569]LogStaticLightingSystem: Illumination: 26.7 sec (1.64 sec encoding lightmaps, 122 ms encoding shadowmaps)
[2020.09.14-05.15.19:190][569]LogStaticLightingSystem: Lightmap texture memory:  10.8 MB (10.8 MB streaming, 0.0 MB non-streaming), 44 textures
[2020.09.14-05.15.19:190][569]LogStaticLightingSystem: Shadowmap texture memory: 1.3 MB (1.3 MB streaming, 0.0 MB non-streaming), 22 textures
[2020.09.14-05.15.20:003][569]DumpUnbuiltLightIteractions
[2020.09.14-05.15.20:003][569]Lights with unbuilt interactions: 0
[2020.09.14-05.15.20:003][569]
[2020.09.14-05.15.20:003][569]Primitives with unbuilt interactions: 0
[2020.09.14-05.15.20:179][570]Cmd: MAP CHECK NOTIFYRESULTS
[2020.09.14-05.15.20:179][570]MapCheck: New page: ThirdPersonExampleMap - Sep 13, 2020, 9:15:20 PM
[2020.09.14-05.15.20:180][570]MapCheck: Map check complete: 0 Error(s), 0 Warning(s), took 1.195ms to complete.
[2020.09.14-05.16.02:536][108]LogSlate: Window 'Message Log' being destroyed
[2020.09.14-05.16.02:541][108]LogSlate: Window 'Message Log' being destroyed
[2020.09.14-05.16.04:836][239]LogUObjectHash: Compacting FUObjectHashTables data took   0.66ms
[2020.09.14-05.16.04:970][239]LogSavePackage: Moving '../../../../../../Src/CatsAndDogs/Saved/ThirdPersonExampleMap6C2DB9C34AFA709815DE96A369545A8B.tmp' to '../../../../../../Src/CatsAndDogs/Content/ThirdPersonBP/Maps/ThirdPersonExampleMap.umap'
[2020.09.14-05.16.05:440][239]LogSavePackage: Moving '../../../../../../Src/CatsAndDogs/Saved/ThirdPersonExampleMap_BuiltDataA445A57A4653A94C5BC8139D646BB375.tmp' to '../../../../../../Src/CatsAndDogs/Content/ThirdPersonBP/Maps/ThirdPersonExampleMap_BuiltData.uasset'
[2020.09.14-05.16.05:450][239]AssetCheck: New page: Asset Save: multiple assets
[2020.09.14-05.16.05:450][239]LogContentValidation: Display: Validating World /Game/ThirdPersonBP/Maps/ThirdPersonExampleMap.ThirdPersonExampleMap
[2020.09.14-05.16.05:450][239]LogContentValidation: Display: Validating MapBuildDataRegistry /Game/ThirdPersonBP/Maps/ThirdPersonExampleMap_BuiltData.ThirdPersonExampleMap_BuiltData
[2020.09.14-05.16.07:229][343]LogUObjectHash: Compacting FUObjectHashTables data took   0.34ms
[2020.09.14-05.16.08:992][448]LogTemp: Repeating last play command: Selected Viewport
[2020.09.14-05.16.09:041][448]LogPlayLevel: PlayLevel: No blueprints needed recompiling
[2020.09.14-05.16.09:041][448]PIE: New page: PIE session: ThirdPersonExampleMap (Sep 13, 2020, 9:16:09 PM)
[2020.09.14-05.16.09:055][448]LogOnline: OSS: Creating online subsystem instance for: NULL
[2020.09.14-05.16.09:068][448]LogOnline: OSS: TryLoadSubsystemAndSetDefault: Loaded subsystem for module [NULL]
[2020.09.14-05.16.09:068][448]LogPlayLevel: Creating play world package: /Game/ThirdPersonBP/Maps/UEDPIE_0_ThirdPersonExampleMap
[2020.09.14-05.16.09:116][448]LogPlayLevel: PIE: StaticDuplicateObject took: (0.048342s)
[2020.09.14-05.16.09:117][448]LogAIModule: Creating AISystem for world ThirdPersonExampleMap
[2020.09.14-05.16.09:117][448]LogAISub: UAISubsystem::UAISubsystem EnvQueryManager (0000019B9486FE00), frame # 144448
[2020.09.14-05.16.09:117][448]LogAISub: UAISubsystem::UAISubsystem AIPerceptionSystem (0000019B0BAB11C0), frame # 144448
[2020.09.14-05.16.09:118][448]LogPlayLevel: PIE: World Init took: (0.001220s)
[2020.09.14-05.16.09:118][448]LogPlayLevel: PIE: Created PIE world by copying editor world from /Game/ThirdPersonBP/Maps/ThirdPersonExampleMap.ThirdPersonExampleMap to /Game/ThirdPersonBP/Maps/UEDPIE_0_ThirdPersonExampleMap.ThirdPersonExampleMap (0.049854s)
[2020.09.14-05.16.09:129][448]LogUObjectHash: Compacting FUObjectHashTables data took   0.84ms
[2020.09.14-05.16.09:130][448]LogAudioMixer: Display: Audio Mixer Platform Settings:
[2020.09.14-05.16.09:130][448]LogAudioMixer: Display: 	Sample Rate:						  48000
[2020.09.14-05.16.09:130][448]LogAudioMixer: Display: 	Callback Buffer Frame Size Requested: 1024
[2020.09.14-05.16.09:130][448]LogAudioMixer: Display: 	Callback Buffer Frame Size To Use:	  1024
[2020.09.14-05.16.09:130][448]LogAudioMixer: Display: 	Number of buffers to queue:			  2
[2020.09.14-05.16.09:130][448]LogAudioMixer: Display: 	Max Channels (voices):				  32
[2020.09.14-05.16.09:130][448]LogAudioMixer: Display: 	Number of Async Source Workers:		  0
[2020.09.14-05.16.09:131][448]LogAudio: Display: AudioDevice MaxSources: 32
[2020.09.14-05.16.09:131][448]LogAudio: Display: Using built-in audio occlusion.
[2020.09.14-05.16.09:131][448]LogAudioMixer: Display: Initializing audio mixer.
[2020.09.14-05.16.09:187][448]LogAudioMixer: Display: 0: FrontLeft
[2020.09.14-05.16.09:187][448]LogAudioMixer: Display: 1: FrontRight
[2020.09.14-05.16.09:187][448]LogAudioMixer: Display: 2: FrontCenter
[2020.09.14-05.16.09:187][448]LogAudioMixer: Display: 3: LowFrequency
[2020.09.14-05.16.09:187][448]LogAudioMixer: Display: 4: BackLeft
[2020.09.14-05.16.09:187][448]LogAudioMixer: Display: 5: BackRight
[2020.09.14-05.16.09:187][448]LogAudioMixer: Display: 6: SideLeft
[2020.09.14-05.16.09:187][448]LogAudioMixer: Display: 7: SideRight
[2020.09.14-05.16.09:315][448]LogAudioMixer: Display: Using Audio Device Speakers (Realtek High Definition Audio)
[2020.09.14-05.16.09:315][448]LogAudioMixer: Display: Initializing Sound Submixes...
[2020.09.14-05.16.09:315][448]LogAudioMixer: Display: Creating Master Submix 'MasterSubmixDefault'
[2020.09.14-05.16.09:315][448]LogAudioMixer: Display: Creating Master Submix 'MasterReverbSubmixDefault'
[2020.09.14-05.16.09:315][448]LogAudioMixer: Display: Creating Master Submix 'MasterEQSubmixDefault'
[2020.09.14-05.16.09:330][448]LogInit: FAudioDevice initialized.
[2020.09.14-05.16.09:348][448]LogLoad: Game class is 'ThirdPersonGameMode_C'
[2020.09.14-05.16.09:387][448]LogWorld: Bringing World /Game/ThirdPersonBP/Maps/UEDPIE_0_ThirdPersonExampleMap.ThirdPersonExampleMap up for play (max tick rate 60) at 2020.09.14-01.16.09
[2020.09.14-05.16.09:388][448]LogWorld: Bringing up level for play took: 0.006616
[2020.09.14-05.16.09:388][448]LogOnline: OSS: Creating online subsystem instance for: :Context_5
[2020.09.14-05.16.09:474][448]LogContentBrowser: Native class hierarchy updated for 'MovieSceneCapture' in 0.0005 seconds. Added 20 classes and 0 folders.
[2020.09.14-05.16.09:506][448]PIE: Server logged in
[2020.09.14-05.16.09:507][448]PIE: Play in editor total start time 0.507 seconds.
[2020.09.14-05.16.51:376][953]LogSlate: Updating window title bar state: overlay mode, drag disabled, window buttons hidden, title bar hidden
[2020.09.14-05.16.51:376][953]LogWorld: BeginTearingDown for /Game/ThirdPersonBP/Maps/UEDPIE_0_ThirdPersonExampleMap
[2020.09.14-05.16.51:377][953]LogWorld: UWorld::CleanupWorld for ThirdPersonExampleMap, bSessionEnded=true, bCleanupResources=true
[2020.09.14-05.16.51:378][953]LogSlate: InvalidateAllWidgets triggered.  All widgets were invalidated
[2020.09.14-05.16.51:388][953]LogPlayLevel: Display: Shutting down PIE online subsystems
[2020.09.14-05.16.51:389][953]LogSlate: InvalidateAllWidgets triggered.  All widgets were invalidated
[2020.09.14-05.16.51:746][953]LogSlate: Updating window title bar state: overlay mode, drag disabled, window buttons hidden, title bar hidden
[2020.09.14-05.16.51:770][953]LogAISub: UAISubsystem::~UAISubsystem EnvQueryManager (0000019B9486FE00), frame # 146953
[2020.09.14-05.16.51:770][953]LogAISub: UAISubsystem::~UAISubsystem AIPerceptionSystem (0000019B0BAB11C0), frame # 146953
[2020.09.14-05.16.51:771][953]LogUObjectHash: Compacting FUObjectHashTables data took   0.86ms
[2020.09.14-05.16.51:796][954]LogPlayLevel: Display: Destroying online subsystem :Context_5
[2020.09.14-05.23.41:630][533]LogUObjectHash: Compacting FUObjectHashTables data took   0.87ms
[2020.09.14-05.23.42:098][533]LogSavePackage: Moving '../../../../../../Src/CatsAndDogs/Saved/ThirdPersonExampleMapE93348544E6DF41FC9870AB4D2F28A3E.tmp' to '../../../../../../Src/CatsAndDogs/Content/ThirdPersonBP/Maps/ThirdPersonExampleMap.umap'
[2020.09.14-05.23.42:601][533]LogSavePackage: Moving '../../../../../../Src/CatsAndDogs/Saved/ThirdPersonExampleMap_BuiltData1D10CB1F4D57EA4A1A0ABA8E25AC91AB.tmp' to '../../../../../../Src/CatsAndDogs/Content/ThirdPersonBP/Maps/ThirdPersonExampleMap_BuiltData.uasset'
[2020.09.14-05.23.42:613][533]AssetCheck: New page: Asset Save: multiple assets
[2020.09.14-05.23.42:613][533]LogContentValidation: Display: Validating World /Game/ThirdPersonBP/Maps/ThirdPersonExampleMap.ThirdPersonExampleMap
[2020.09.14-05.23.42:614][533]LogContentValidation: Display: Validating MapBuildDataRegistry /Game/ThirdPersonBP/Maps/ThirdPersonExampleMap_BuiltData.ThirdPersonExampleMap_BuiltData
