Log file open, 10/06/20 23:34:46
LogInit: Display: Running engine for game: CatsandDogs
LogPlatformFile: Not using cached read wrapper
LogTaskGraph: Started task graph with 5 named threads and 23 total threads with 3 sets of task threads.
LogStats: Stats thread started at 5.956799
LogD3D11RHI: Loaded GFSDK_Aftermath_Lib.x64.dll
LogICUInternationalization: ICU TimeZone Detection - Raw Offset: -5:00, Platform Override: ''
LogPluginManager: Mounting plugin Paper2D
LogPluginManager: Mounting plugin AISupport
LogPluginManager: Mounting plugin LightPropagationVolume
LogPluginManager: Mounting plugin CameraShakePreviewer
LogPluginManager: Mounting plugin ActorLayerUtilities
LogPluginManager: Mounting plugin AnimationSharing
LogPluginManager: Mounting plugin CLionSourceCodeAccess
LogPluginManager: Mounting plugin CodeLiteSourceCodeAccess
LogPluginManager: Mounting plugin GitSourceControl
LogPluginManager: Mounting plugin KDevelopSourceCodeAccess
LogPluginManager: Mounting plugin NullSourceCodeAccess
LogPluginManager: Mounting plugin PerforceSourceControl
LogPluginManager: Mounting plugin PlasticSourceControl
LogPluginManager: Mounting plugin RiderSourceCodeAccess
LogPluginManager: Mounting plugin SubversionSourceControl
LogPluginManager: Mounting plugin UObjectPlugin
LogPluginManager: Mounting plugin VisualStudioCodeSourceCodeAccess
LogPluginManager: Mounting plugin VisualStudioSourceCodeAccess
LogPluginManager: Mounting plugin XCodeSourceCodeAccess
LogPluginManager: Mounting plugin AssetManagerEditor
LogPluginManager: Mounting plugin CryptoKeys
LogPluginManager: Mounting plugin CurveEditorTools
LogPluginManager: Mounting plugin DataValidation
LogPluginManager: Mounting plugin EditorScriptingUtilities
LogPluginManager: Mounting plugin FacialAnimation
LogPluginManager: Mounting plugin GameplayTagsEditor
LogPluginManager: Mounting plugin GeometryMode
LogPluginManager: Mounting plugin MacGraphicsSwitching
LogPluginManager: Mounting plugin MaterialAnalyzer
LogPluginManager: Mounting plugin MobileLauncherProfileWizard
LogPluginManager: Mounting plugin PluginBrowser
LogPluginManager: Mounting plugin SpeedTreeImporter
LogPluginManager: Mounting plugin DatasmithContent
LogPluginManager: Mounting plugin VariantManagerContent
LogPluginManager: Mounting plugin AlembicImporter
LogPluginManager: Mounting plugin AutomationUtils
LogPluginManager: Mounting plugin BackChannel
LogPluginManager: Mounting plugin ChaosCloth
LogPluginManager: Mounting plugin ChaosClothEditor
LogPluginManager: Mounting plugin ChaosEditor
LogPluginManager: Mounting plugin ChaosNiagara
LogPluginManager: Mounting plugin ChaosSolverPlugin
LogPluginManager: Mounting plugin CharacterAI
LogPluginManager: Mounting plugin GeometryCache
LogPluginManager: Mounting plugin GeometryCollectionPlugin
LogPluginManager: Mounting plugin GeometryProcessing
LogPluginManager: Mounting plugin PlanarCut
LogPluginManager: Mounting plugin PlatformCrypto
LogPluginManager: Mounting plugin ProxyLODPlugin
LogPluginManager: Mounting plugin SkeletalReduction
LogPluginManager: Mounting plugin Niagara
LogPluginManager: Mounting plugin MagicLeap
LogPluginManager: Mounting plugin MagicLeapLightEstimation
LogPluginManager: Mounting plugin MagicLeapMedia
LogPluginManager: Mounting plugin MagicLeapPassableWorld
LogPluginManager: Mounting plugin MLSDK
LogPluginManager: Mounting plugin AndroidMedia
LogPluginManager: Mounting plugin AvfMedia
LogPluginManager: Mounting plugin ImgMedia
LogPluginManager: Mounting plugin MediaCompositing
LogPluginManager: Mounting plugin MediaPlayerEditor
LogPluginManager: Mounting plugin WebMMedia
LogPluginManager: Mounting plugin WmfMedia
LogPluginManager: Mounting plugin MeshPainting
LogPluginManager: Mounting plugin TcpMessaging
LogPluginManager: Mounting plugin UdpMessaging
LogPluginManager: Mounting plugin ActorSequence
LogPluginManager: Mounting plugin LevelSequenceEditor
LogPluginManager: Mounting plugin MatineeToLevelSequence
LogPluginManager: Mounting plugin MovieRenderPipeline
LogPluginManager: Mounting plugin TemplateSequence
LogPluginManager: Mounting plugin NetcodeUnitTest
LogPluginManager: Mounting plugin NUTUnrealEngine4
LogPluginManager: Mounting plugin OnlineSubsystemGooglePlay
LogPluginManager: Mounting plugin OnlineSubsystemIOS
LogPluginManager: Mounting plugin OnlineSubsystem
LogPluginManager: Mounting plugin OnlineSubsystemNull
LogPluginManager: Mounting plugin OnlineSubsystemUtils
LogPluginManager: Mounting plugin LauncherChunkInstaller
LogPluginManager: Mounting plugin AndroidDeviceProfileSelector
LogPluginManager: Mounting plugin AndroidMoviePlayer
LogPluginManager: Mounting plugin AndroidPermission
LogPluginManager: Mounting plugin AppleImageUtils
LogPluginManager: Mounting plugin AppleMoviePlayer
LogPluginManager: Mounting plugin ArchVisCharacter
LogPluginManager: Mounting plugin AssetTags
LogPluginManager: Mounting plugin AudioCapture
LogPluginManager: Mounting plugin CableComponent
LogPluginManager: Mounting plugin CustomMeshComponent
LogPluginManager: Mounting plugin EditableMesh
LogPluginManager: Mounting plugin ExampleDeviceProfileSelector
LogPluginManager: Mounting plugin GoogleCloudMessaging
LogPluginManager: Mounting plugin GooglePAD
LogPluginManager: Mounting plugin IOSDeviceProfileSelector
LogPluginManager: Mounting plugin LinuxDeviceProfileSelector
LogPluginManager: Mounting plugin LocationServicesBPLibrary
LogPluginManager: Mounting plugin MobilePatchingUtils
LogPluginManager: Mounting plugin OculusVR
LogPluginManager: Mounting plugin PhysXVehicles
LogPluginManager: Mounting plugin PostSplashScreen
LogPluginManager: Mounting plugin ProceduralMeshComponent
LogPluginManager: Mounting plugin RuntimePhysXCooking
LogPluginManager: Mounting plugin SignificanceManager
LogPluginManager: Mounting plugin SoundFields
LogPluginManager: Mounting plugin SteamVR
LogPluginManager: Mounting plugin Synthesis
LogPluginManager: Mounting plugin WebMMoviePlayer
LogPluginManager: Mounting plugin WindowsMoviePlayer
LogPluginManager: Mounting plugin ScreenshotTools
LogInit: Using libcurl 7.55.1-DEV
LogInit:  - built for x86_64-pc-win32
LogInit:  - supports SSL with OpenSSL/1.1.1
LogInit:  - supports HTTP deflate (compression) using libz 1.2.8
LogInit:  - other features:
LogInit:      CURL_VERSION_SSL
LogInit:      CURL_VERSION_LIBZ
LogInit:      CURL_VERSION_IPV6
LogInit:      CURL_VERSION_ASYNCHDNS
LogInit:      CURL_VERSION_LARGEFILE
LogInit:      CURL_VERSION_IDN
LogInit:  CurlRequestOptions (configurable via config and command line):
LogInit:  - bVerifyPeer = true  - Libcurl will verify peer certificate
LogInit:  - bUseHttpProxy = false  - Libcurl will NOT use HTTP proxy
LogInit:  - bDontReuseConnections = false  - Libcurl will reuse connections
LogInit:  - MaxHostConnections = 16  - Libcurl will limit the number of connections to a host
LogInit:  - LocalHostAddr = Default
LogInit:  - BufferSize = 65536
LogOnline: OSS: Creating online subsystem instance for: NULL
LogInit: WinSock: version 1.1 (2.2), MaxSocks=32767, MaxUdp=65467
LogOnline: OSS: TryLoadSubsystemAndSetDefault: Loaded subsystem for module [NULL]
LogInit: Build: ++UE4+Release-4.25-CL-13942748
LogInit: Engine Version: 4.25.3-13942748+++UE4+Release-4.25
LogInit: Compatible Engine Version: 4.25.0-13144385+++UE4+Release-4.25
LogInit: Net CL: 13144385
LogInit: OS: Windows 10 (Release 1909) (), CPU: Intel(R) Core(TM) i7-7820HK CPU @ 2.90GHz, GPU: NVIDIA GeForce GTX 1070
LogInit: Compiled (64-bit): Jul 25 2020 02:07:48
LogInit: Compiled with Visual C++: 19.24.28315.00
LogInit: Build Configuration: Development
LogInit: Branch Name: ++UE4+Release-4.25
LogInit: Command Line: 
LogInit: Base Directory: D:/Program Files/Epic Games/UE_4.25/Engine/Binaries/Win64/
LogInit: Allocator: TBB
LogInit: Installed Engine Build: 1
LogDevObjectVersion: Number of dev versions registered: 26
LogDevObjectVersion:   Dev-Blueprints (B0D832E4-1F89-4F0D-ACCF-7EB736FD4AA2): 10
LogDevObjectVersion:   Dev-Build (E1C64328-A22C-4D53-A36C-8E866417BD8C): 0
LogDevObjectVersion:   Dev-Core (375EC13C-06E4-48FB-B500-84F0262A717E): 4
LogDevObjectVersion:   Dev-Editor (E4B068ED-F494-42E9-A231-DA0B2E46BB41): 38
LogDevObjectVersion:   Dev-Framework (CFFC743F-43B0-4480-9391-14DF171D2073): 37
LogDevObjectVersion:   Dev-Mobile (B02B49B5-BB20-44E9-A304-32B752E40360): 2
LogDevObjectVersion:   Dev-Networking (A4E4105C-59A1-49B5-A7C5-40C4547EDFEE): 0
LogDevObjectVersion:   Dev-Online (39C831C9-5AE6-47DC-9A44-9C173E1C8E7C): 0
LogDevObjectVersion:   Dev-Physics (78F01B33-EBEA-4F98-B9B4-84EACCB95AA2): 4
LogDevObjectVersion:   Dev-Platform (6631380F-2D4D-43E0-8009-CF276956A95A): 0
LogDevObjectVersion:   Dev-Rendering (12F88B9F-8875-4AFC-A67C-D90C383ABD29): 43
LogDevObjectVersion:   Dev-Sequencer (7B5AE74C-D270-4C10-A958-57980B212A5A): 12
LogDevObjectVersion:   Dev-VR (D7296918-1DD6-4BDD-9DE2-64A83CC13884): 3
LogDevObjectVersion:   Dev-LoadTimes (C2A15278-BFE7-4AFE-6C17-90FF531DF755): 1
LogDevObjectVersion:   Private-Geometry (6EACA3D4-40EC-4CC1-B786-8BED09428FC5): 3
LogDevObjectVersion:   Dev-AnimPhys (29E575DD-E0A3-4627-9D10-D276232CDCEA): 17
LogDevObjectVersion:   Dev-Anim (AF43A65D-7FD3-4947-9873-3E8ED9C1BB05): 7
LogDevObjectVersion:   Dev-ReflectionCapture (6B266CEC-1EC7-4B8F-A30B-E4D90942FC07): 1
LogDevObjectVersion:   Dev-Automation (0DF73D61-A23F-47EA-B727-89E90C41499A): 1
LogDevObjectVersion:   FortniteMain (601D1886-AC64-4F84-AA16-D3DE0DEAC7D6): 31
LogDevObjectVersion:   Dev-Enterprise (9DFFBCD6-494F-0158-E221-12823C92A888): 10
LogDevObjectVersion:   Dev-Niagara (F2AED0AC-9AFE-416F-8664-AA7FFA26D6FC): 1
LogDevObjectVersion:   Dev-Destruction (174F1F0B-B4C6-45A5-B13F-2EE8D0FB917D): 10
LogDevObjectVersion:   Dev-Physics-Ext (35F94A83-E258-406C-A318-09F59610247C): 37
LogDevObjectVersion:   Dev-PhysicsMaterial-Chaos (B68FC16E-8B1B-42E2-B453-215C058844FE): 1
LogDevObjectVersion:   Dev-CineCamera (B2E18506-4273-CFC2-A54E-F4BB758BBA07): 1
LogInit: Presizing for max 25165824 objects, including 0 objects not considered by GC, pre-allocating 0 bytes for permanent pool.
LogConfig: Applying CVar settings from Section [/Script/Engine.StreamingSettings] File [D:/Src/CatsAndDogs/Saved/Config/Windows/Engine.ini]
LogConfig: Setting CVar [[s.MinBulkDataSizeForAsyncLoading:131072]]
LogConfig: Setting CVar [[s.AsyncLoadingThreadEnabled:0]]
LogConfig: Setting CVar [[s.EventDrivenLoaderEnabled:1]]
LogConfig: Setting CVar [[s.WarnIfTimeLimitExceeded:0]]
LogConfig: Setting CVar [[s.TimeLimitExceededMultiplier:1.5]]
LogConfig: Setting CVar [[s.TimeLimitExceededMinTime:0.005]]
LogConfig: Setting CVar [[s.UseBackgroundLevelStreaming:1]]
LogConfig: Setting CVar [[s.PriorityAsyncLoadingExtraTime:15.0]]
LogConfig: Setting CVar [[s.LevelStreamingActorsUpdateTimeLimit:5.0]]
LogConfig: Setting CVar [[s.PriorityLevelStreamingActorsUpdateExtraTime:5.0]]
LogConfig: Setting CVar [[s.LevelStreamingComponentsRegistrationGranularity:10]]
LogConfig: Setting CVar [[s.UnregisterComponentsTimeLimit:1.0]]
LogConfig: Setting CVar [[s.LevelStreamingComponentsUnregistrationGranularity:5]]
LogConfig: Setting CVar [[s.FlushStreamingOnExit:1]]
LogInit: Object subsystem initialized
LogConfig: Setting CVar [[con.DebugEarlyDefault:1]]
LogConfig: Setting CVar [[r.setres:1280x720]]
[2020.10.07-03.34.49:393][  0]LogConfig: Setting CVar [[r.VSync:0]]
[2020.10.07-03.34.49:393][  0]LogConfig: Setting CVar [[r.RHICmdBypass:0]]
[2020.10.07-03.34.49:393][  0]LogConfig: Applying CVar settings from Section [/Script/Engine.RendererSettings] File [D:/Src/CatsAndDogs/Saved/Config/Windows/Engine.ini]
[2020.10.07-03.34.49:393][  0]LogConfig: Setting CVar [[r.GPUCrashDebugging:0]]
[2020.10.07-03.34.49:393][  0]LogConfig: Applying CVar settings from Section [/Script/Engine.RendererOverrideSettings] File [D:/Src/CatsAndDogs/Saved/Config/Windows/Engine.ini]
[2020.10.07-03.34.49:393][  0]LogConfig: Applying CVar settings from Section [/Script/Engine.StreamingSettings] File [D:/Src/CatsAndDogs/Saved/Config/Windows/Engine.ini]
[2020.10.07-03.34.49:393][  0]LogConfig: Setting CVar [[s.MinBulkDataSizeForAsyncLoading:131072]]
[2020.10.07-03.34.49:393][  0]LogConfig: Setting CVar [[s.AsyncLoadingThreadEnabled:0]]
[2020.10.07-03.34.49:393][  0]LogConfig: Setting CVar [[s.EventDrivenLoaderEnabled:1]]
[2020.10.07-03.34.49:393][  0]LogConfig: Setting CVar [[s.WarnIfTimeLimitExceeded:0]]
[2020.10.07-03.34.49:393][  0]LogConfig: Setting CVar [[s.TimeLimitExceededMultiplier:1.5]]
[2020.10.07-03.34.49:393][  0]LogConfig: Setting CVar [[s.TimeLimitExceededMinTime:0.005]]
[2020.10.07-03.34.49:393][  0]LogConfig: Setting CVar [[s.UseBackgroundLevelStreaming:1]]
[2020.10.07-03.34.49:393][  0]LogConfig: Setting CVar [[s.PriorityAsyncLoadingExtraTime:15.0]]
[2020.10.07-03.34.49:393][  0]LogConfig: Setting CVar [[s.LevelStreamingActorsUpdateTimeLimit:5.0]]
[2020.10.07-03.34.49:393][  0]LogConfig: Setting CVar [[s.PriorityLevelStreamingActorsUpdateExtraTime:5.0]]
[2020.10.07-03.34.49:393][  0]LogConfig: Setting CVar [[s.LevelStreamingComponentsRegistrationGranularity:10]]
[2020.10.07-03.34.49:393][  0]LogConfig: Setting CVar [[s.UnregisterComponentsTimeLimit:1.0]]
[2020.10.07-03.34.49:393][  0]LogConfig: Setting CVar [[s.LevelStreamingComponentsUnregistrationGranularity:5]]
[2020.10.07-03.34.49:394][  0]LogConfig: Setting CVar [[s.FlushStreamingOnExit:1]]
[2020.10.07-03.34.49:394][  0]LogConfig: Applying CVar settings from Section [/Script/Engine.GarbageCollectionSettings] File [D:/Src/CatsAndDogs/Saved/Config/Windows/Engine.ini]
[2020.10.07-03.34.49:394][  0]LogConfig: Setting CVar [[gc.MaxObjectsNotConsideredByGC:1]]
[2020.10.07-03.34.49:394][  0]LogConfig: Setting CVar [[gc.SizeOfPermanentObjectPool:0]]
[2020.10.07-03.34.49:394][  0]LogConfig: Setting CVar [[gc.FlushStreamingOnGC:0]]
[2020.10.07-03.34.49:394][  0]LogConfig: Setting CVar [[gc.NumRetriesBeforeForcingGC:10]]
[2020.10.07-03.34.49:394][  0]LogConfig: Setting CVar [[gc.AllowParallelGC:1]]
[2020.10.07-03.34.49:394][  0]LogConfig: Setting CVar [[gc.TimeBetweenPurgingPendingKillObjects:61.1]]
[2020.10.07-03.34.49:394][  0]LogConfig: Setting CVar [[gc.MaxObjectsInEditor:25165824]]
[2020.10.07-03.34.49:394][  0]LogConfig: Setting CVar [[gc.IncrementalBeginDestroyEnabled:1]]
[2020.10.07-03.34.49:394][  0]LogConfig: Setting CVar [[gc.CreateGCClusters:1]]
[2020.10.07-03.34.49:394][  0]LogConfig: Setting CVar [[gc.MinGCClusterSize:5]]
[2020.10.07-03.34.49:394][  0]LogConfig: Setting CVar [[gc.ActorClusteringEnabled:0]]
[2020.10.07-03.34.49:394][  0]LogConfig: Setting CVar [[gc.BlueprintClusteringEnabled:0]]
[2020.10.07-03.34.49:394][  0]LogConfig: Setting CVar [[gc.UseDisregardForGCOnDedicatedServers:0]]
[2020.10.07-03.34.49:394][  0]LogConfig: Applying CVar settings from Section [/Script/Engine.NetworkSettings] File [D:/Src/CatsAndDogs/Saved/Config/Windows/Engine.ini]
[2020.10.07-03.34.49:394][  0]LogConfig: Applying CVar settings from Section [/Script/UnrealEd.CookerSettings] File [D:/Src/CatsAndDogs/Saved/Config/Windows/Engine.ini]
[2020.10.07-03.34.49:446][  0]LogConfig: Applying CVar settings from Section [ViewDistanceQuality@3] File [D:/Src/CatsAndDogs/Saved/Config/Windows/Scalability.ini]
[2020.10.07-03.34.49:446][  0]LogConfig: Setting CVar [[r.SkeletalMeshLODBias:0]]
[2020.10.07-03.34.49:446][  0]LogConfig: Setting CVar [[r.ViewDistanceScale:1.0]]
[2020.10.07-03.34.49:446][  0]LogConfig: Applying CVar settings from Section [AntiAliasingQuality@3] File [D:/Src/CatsAndDogs/Saved/Config/Windows/Scalability.ini]
[2020.10.07-03.34.49:446][  0]LogConfig: Setting CVar [[r.PostProcessAAQuality:4]]
[2020.10.07-03.34.49:446][  0]LogConfig: Applying CVar settings from Section [ShadowQuality@3] File [D:/Src/CatsAndDogs/Saved/Config/Windows/Scalability.ini]
[2020.10.07-03.34.49:446][  0]LogConfig: Setting CVar [[r.LightFunctionQuality:1]]
[2020.10.07-03.34.49:446][  0]LogConfig: Setting CVar [[r.ShadowQuality:5]]
[2020.10.07-03.34.49:446][  0]LogConfig: Setting CVar [[r.Shadow.CSM.MaxCascades:10]]
[2020.10.07-03.34.49:446][  0]LogConfig: Setting CVar [[r.Shadow.MaxResolution:2048]]
[2020.10.07-03.34.49:446][  0]LogConfig: Setting CVar [[r.Shadow.MaxCSMResolution:2048]]
[2020.10.07-03.34.49:446][  0]LogConfig: Setting CVar [[r.Shadow.RadiusThreshold:0.01]]
[2020.10.07-03.34.49:446][  0]LogConfig: Setting CVar [[r.Shadow.DistanceScale:1.0]]
[2020.10.07-03.34.49:446][  0]LogConfig: Setting CVar [[r.Shadow.CSM.TransitionScale:1.0]]
[2020.10.07-03.34.49:446][  0]LogConfig: Setting CVar [[r.Shadow.PreShadowResolutionFactor:1.0]]
[2020.10.07-03.34.49:446][  0]LogConfig: Setting CVar [[r.DistanceFieldShadowing:1]]
[2020.10.07-03.34.49:446][  0]LogConfig: Setting CVar [[r.DistanceFieldAO:1]]
[2020.10.07-03.34.49:446][  0]LogConfig: Setting CVar [[r.AOQuality:2]]
[2020.10.07-03.34.49:446][  0]LogConfig: Setting CVar [[r.VolumetricFog:1]]
[2020.10.07-03.34.49:446][  0]LogConfig: Setting CVar [[r.VolumetricFog.GridPixelSize:8]]
[2020.10.07-03.34.49:446][  0]LogConfig: Setting CVar [[r.VolumetricFog.GridSizeZ:128]]
[2020.10.07-03.34.49:446][  0]LogConfig: Setting CVar [[r.VolumetricFog.HistoryMissSupersampleCount:4]]
[2020.10.07-03.34.49:446][  0]LogConfig: Setting CVar [[r.LightMaxDrawDistanceScale:1]]
[2020.10.07-03.34.49:446][  0]LogConfig: Setting CVar [[r.CapsuleShadows:1]]
[2020.10.07-03.34.49:446][  0]LogConfig: Applying CVar settings from Section [PostProcessQuality@3] File [D:/Src/CatsAndDogs/Saved/Config/Windows/Scalability.ini]
[2020.10.07-03.34.49:446][  0]LogConfig: Setting CVar [[r.MotionBlurQuality:4]]
[2020.10.07-03.34.49:446][  0]LogConfig: Setting CVar [[r.AmbientOcclusionMipLevelFactor:0.4]]
[2020.10.07-03.34.49:446][  0]LogConfig: Setting CVar [[r.AmbientOcclusionMaxQuality:100]]
[2020.10.07-03.34.49:446][  0]LogConfig: Setting CVar [[r.AmbientOcclusionLevels:-1]]
[2020.10.07-03.34.49:446][  0]LogConfig: Setting CVar [[r.AmbientOcclusionRadiusScale:1.0]]
[2020.10.07-03.34.49:446][  0]LogConfig: Setting CVar [[r.DepthOfFieldQuality:2]]
[2020.10.07-03.34.49:447][  0]LogConfig: Setting CVar [[r.RenderTargetPoolMin:400]]
[2020.10.07-03.34.49:447][  0]LogConfig: Setting CVar [[r.LensFlareQuality:2]]
[2020.10.07-03.34.49:447][  0]LogConfig: Setting CVar [[r.SceneColorFringeQuality:1]]
[2020.10.07-03.34.49:447][  0]LogConfig: Setting CVar [[r.EyeAdaptationQuality:2]]
[2020.10.07-03.34.49:447][  0]LogConfig: Setting CVar [[r.BloomQuality:5]]
[2020.10.07-03.34.49:447][  0]LogConfig: Setting CVar [[r.FastBlurThreshold:100]]
[2020.10.07-03.34.49:447][  0]LogConfig: Setting CVar [[r.Upscale.Quality:3]]
[2020.10.07-03.34.49:447][  0]LogConfig: Setting CVar [[r.Tonemapper.GrainQuantization:1]]
[2020.10.07-03.34.49:447][  0]LogConfig: Setting CVar [[r.LightShaftQuality:1]]
[2020.10.07-03.34.49:447][  0]LogConfig: Setting CVar [[r.Filter.SizeScale:1]]
[2020.10.07-03.34.49:447][  0]LogConfig: Setting CVar [[r.Tonemapper.Quality:5]]
[2020.10.07-03.34.49:447][  0]LogConfig: Setting CVar [[r.DOF.Gather.AccumulatorQuality:1        ; higher gathering accumulator quality]]
[2020.10.07-03.34.49:447][  0]LogConfig: Setting CVar [[r.DOF.Gather.PostfilterMethod:1          ; Median3x3 postfilering method]]
[2020.10.07-03.34.49:447][  0]LogConfig: Setting CVar [[r.DOF.Gather.EnableBokehSettings:0       ; no bokeh simulation when gathering]]
[2020.10.07-03.34.49:447][  0]LogConfig: Setting CVar [[r.DOF.Gather.RingCount:4                 ; medium number of samples when gathering]]
[2020.10.07-03.34.49:447][  0]LogConfig: Setting CVar [[r.DOF.Scatter.ForegroundCompositing:1    ; additive foreground scattering]]
[2020.10.07-03.34.49:447][  0]LogConfig: Setting CVar [[r.DOF.Scatter.BackgroundCompositing:2    ; additive background scattering]]
[2020.10.07-03.34.49:447][  0]LogConfig: Setting CVar [[r.DOF.Scatter.EnableBokehSettings:1      ; bokeh simulation when scattering]]
[2020.10.07-03.34.49:447][  0]LogConfig: Setting CVar [[r.DOF.Scatter.MaxSpriteRatio:0.1         ; only a maximum of 10% of scattered bokeh]]
[2020.10.07-03.34.49:447][  0]LogConfig: Setting CVar [[r.DOF.Recombine.Quality:1                ; cheap slight out of focus]]
[2020.10.07-03.34.49:447][  0]LogConfig: Setting CVar [[r.DOF.Recombine.EnableBokehSettings:0    ; no bokeh simulation on slight out of focus]]
[2020.10.07-03.34.49:447][  0]LogConfig: Setting CVar [[r.DOF.TemporalAAQuality:1                ; more stable temporal accumulation]]
[2020.10.07-03.34.49:447][  0]LogConfig: Setting CVar [[r.DOF.Kernel.MaxForegroundRadius:0.025]]
[2020.10.07-03.34.49:447][  0]LogConfig: Setting CVar [[r.DOF.Kernel.MaxBackgroundRadius:0.025]]
[2020.10.07-03.34.49:447][  0]LogConfig: Applying CVar settings from Section [TextureQuality@3] File [D:/Src/CatsAndDogs/Saved/Config/Windows/Scalability.ini]
[2020.10.07-03.34.49:447][  0]LogConfig: Setting CVar [[r.Streaming.MipBias:0]]
[2020.10.07-03.34.49:447][  0]LogConfig: Setting CVar [[r.Streaming.AmortizeCPUToGPUCopy:0]]
[2020.10.07-03.34.49:447][  0]LogConfig: Setting CVar [[r.Streaming.MaxNumTexturesToStreamPerFrame:0]]
[2020.10.07-03.34.49:447][  0]LogConfig: Setting CVar [[r.Streaming.Boost:1]]
[2020.10.07-03.34.49:447][  0]LogConfig: Setting CVar [[r.MaxAnisotropy:8]]
[2020.10.07-03.34.49:447][  0]LogConfig: Setting CVar [[r.VT.MaxAnisotropy:8]]
[2020.10.07-03.34.49:447][  0]LogConfig: Setting CVar [[r.Streaming.LimitPoolSizeToVRAM:0]]
[2020.10.07-03.34.49:447][  0]LogConfig: Setting CVar [[r.Streaming.PoolSize:1000]]
[2020.10.07-03.34.49:447][  0]LogConfig: Setting CVar [[r.Streaming.MaxEffectiveScreenSize:0]]
[2020.10.07-03.34.49:447][  0]LogConfig: Applying CVar settings from Section [EffectsQuality@3] File [D:/Src/CatsAndDogs/Saved/Config/Windows/Scalability.ini]
[2020.10.07-03.34.49:447][  0]LogConfig: Setting CVar [[r.TranslucencyLightingVolumeDim:64]]
[2020.10.07-03.34.49:447][  0]LogConfig: Setting CVar [[r.RefractionQuality:2]]
[2020.10.07-03.34.49:447][  0]LogConfig: Setting CVar [[r.SSR.Quality:3]]
[2020.10.07-03.34.49:447][  0]LogConfig: Setting CVar [[r.SSR.HalfResSceneColor:0]]
[2020.10.07-03.34.49:447][  0]LogConfig: Setting CVar [[r.SceneColorFormat:4]]
[2020.10.07-03.34.49:447][  0]LogConfig: Setting CVar [[r.DetailMode:2]]
[2020.10.07-03.34.49:447][  0]LogConfig: Setting CVar [[r.TranslucencyVolumeBlur:1]]
[2020.10.07-03.34.49:447][  0]LogConfig: Setting CVar [[r.MaterialQualityLevel:1 ; High quality]]
[2020.10.07-03.34.49:447][  0]LogConfig: Setting CVar [[r.SSS.Scale:1]]
[2020.10.07-03.34.49:447][  0]LogConfig: Setting CVar [[r.SSS.SampleSet:2]]
[2020.10.07-03.34.49:447][  0]LogConfig: Setting CVar [[r.SSS.Quality:1]]
[2020.10.07-03.34.49:448][  0]LogConfig: Setting CVar [[r.SSS.HalfRes:0]]
[2020.10.07-03.34.49:448][  0]LogConfig: Setting CVar [[r.SSGI.Quality:3]]
[2020.10.07-03.34.49:448][  0]LogConfig: Setting CVar [[r.EmitterSpawnRateScale:1.0]]
[2020.10.07-03.34.49:448][  0]LogConfig: Setting CVar [[r.ParticleLightQuality:2]]
[2020.10.07-03.34.49:448][  0]LogConfig: Setting CVar [[r.SkyAtmosphere.AerialPerspectiveLUT.FastApplyOnOpaque:1 ; Always have FastSkyLUT 1 in this case to avoid wrong sky]]
[2020.10.07-03.34.49:448][  0]LogConfig: Setting CVar [[r.SkyAtmosphere.AerialPerspectiveLUT.SampleCountPerSlice:1]]
[2020.10.07-03.34.49:448][  0]LogConfig: Setting CVar [[r.SkyAtmosphere.AerialPerspectiveLUT.DepthResolution:16.0]]
[2020.10.07-03.34.49:448][  0]LogConfig: Setting CVar [[r.SkyAtmosphere.FastSkyLUT:1]]
[2020.10.07-03.34.49:448][  0]LogConfig: Setting CVar [[r.SkyAtmosphere.FastSkyLUT.SampleCountMin:4.0]]
[2020.10.07-03.34.49:448][  0]LogConfig: Setting CVar [[r.SkyAtmosphere.FastSkyLUT.SampleCountMax:32.0]]
[2020.10.07-03.34.49:448][  0]LogConfig: Setting CVar [[r.SkyAtmosphere.SampleCountMin:4.0]]
[2020.10.07-03.34.49:448][  0]LogConfig: Setting CVar [[r.SkyAtmosphere.SampleCountMax:32.0]]
[2020.10.07-03.34.49:448][  0]LogConfig: Setting CVar [[r.SkyAtmosphere.TransmittanceLUT.UseSmallFormat:0]]
[2020.10.07-03.34.49:448][  0]LogConfig: Setting CVar [[r.SkyAtmosphere.TransmittanceLUT.SampleCount:10.0]]
[2020.10.07-03.34.49:448][  0]LogConfig: Setting CVar [[r.SkyAtmosphere.MultiScatteringLUT.SampleCount:15.0]]
[2020.10.07-03.34.49:448][  0]LogConfig: Applying CVar settings from Section [FoliageQuality@3] File [D:/Src/CatsAndDogs/Saved/Config/Windows/Scalability.ini]
[2020.10.07-03.34.49:448][  0]LogConfig: Setting CVar [[foliage.DensityScale:1.0]]
[2020.10.07-03.34.49:448][  0]LogConfig: Setting CVar [[grass.DensityScale:1.0]]
[2020.10.07-03.34.49:448][  0]LogConfig: Applying CVar settings from Section [ShadingQuality@3] File [D:/Src/CatsAndDogs/Saved/Config/Windows/Scalability.ini]
[2020.10.07-03.34.49:448][  0]LogConfig: Setting CVar [[r.HairStrands.SkyLighting.SampleCount:16]]
[2020.10.07-03.34.49:448][  0]LogConfig: Setting CVar [[r.HairStrands.SkyLighting.JitterIntegration:0]]
[2020.10.07-03.34.49:448][  0]LogConfig: Setting CVar [[r.HairStrands.SkyAO.SampleCount:16]]
[2020.10.07-03.34.49:448][  0]LogConfig: Setting CVar [[r.HairStrands.DeepShadow.SuperSampling:0]]
[2020.10.07-03.34.49:448][  0]LogConfig: Setting CVar [[r.HairStrands.VisibilityPPLL:0]]
[2020.10.07-03.34.49:448][  0]LogConfig: Setting CVar [[r.HairStrands.RasterizationScale:0.5]]
[2020.10.07-03.34.49:448][  0]LogConfig: Setting CVar [[r.HairStrands.VelocityRasterizationScale:1]]
[2020.10.07-03.34.49:452][  0]LogInit: Selected Device Profile: [Windows]
[2020.10.07-03.34.49:452][  0]LogInit: Applying CVar settings loaded from the selected device profile: [Windows]
[2020.10.07-03.34.49:468][  0]LogHAL: Display: Platform has ~ 64 GB [68677685248 / 68719476736 / 64], which maps to Largest [LargestMinGB=32, LargerMinGB=12, DefaultMinGB=8, SmallerMinGB=6, SmallestMinGB=0)
[2020.10.07-03.34.49:508][  0]LogInit: Going up to parent DeviceProfile []
[2020.10.07-03.34.49:521][  0]LogConfig: Applying CVar settings from Section [ViewDistanceQuality@3] File [D:/Src/CatsAndDogs/Saved/Config/Windows/Scalability.ini]
[2020.10.07-03.34.49:521][  0]LogConfig: Setting CVar [[r.SkeletalMeshLODBias:0]]
[2020.10.07-03.34.49:521][  0]LogConfig: Setting CVar [[r.ViewDistanceScale:1.0]]
[2020.10.07-03.34.49:521][  0]LogConfig: Applying CVar settings from Section [AntiAliasingQuality@3] File [D:/Src/CatsAndDogs/Saved/Config/Windows/Scalability.ini]
[2020.10.07-03.34.49:521][  0]LogConfig: Setting CVar [[r.PostProcessAAQuality:4]]
[2020.10.07-03.34.49:521][  0]LogConfig: Applying CVar settings from Section [ShadowQuality@3] File [D:/Src/CatsAndDogs/Saved/Config/Windows/Scalability.ini]
[2020.10.07-03.34.49:521][  0]LogConfig: Setting CVar [[r.LightFunctionQuality:1]]
[2020.10.07-03.34.49:521][  0]LogConfig: Setting CVar [[r.ShadowQuality:5]]
[2020.10.07-03.34.49:521][  0]LogConfig: Setting CVar [[r.Shadow.CSM.MaxCascades:10]]
[2020.10.07-03.34.49:521][  0]LogConfig: Setting CVar [[r.Shadow.MaxResolution:2048]]
[2020.10.07-03.34.49:521][  0]LogConfig: Setting CVar [[r.Shadow.MaxCSMResolution:2048]]
[2020.10.07-03.34.49:521][  0]LogConfig: Setting CVar [[r.Shadow.RadiusThreshold:0.01]]
[2020.10.07-03.34.49:521][  0]LogConfig: Setting CVar [[r.Shadow.DistanceScale:1.0]]
[2020.10.07-03.34.49:521][  0]LogConfig: Setting CVar [[r.Shadow.CSM.TransitionScale:1.0]]
[2020.10.07-03.34.49:521][  0]LogConfig: Setting CVar [[r.Shadow.PreShadowResolutionFactor:1.0]]
[2020.10.07-03.34.49:521][  0]LogConfig: Setting CVar [[r.DistanceFieldShadowing:1]]
[2020.10.07-03.34.49:521][  0]LogConfig: Setting CVar [[r.DistanceFieldAO:1]]
[2020.10.07-03.34.49:521][  0]LogConfig: Setting CVar [[r.AOQuality:2]]
[2020.10.07-03.34.49:521][  0]LogConfig: Setting CVar [[r.VolumetricFog:1]]
[2020.10.07-03.34.49:521][  0]LogConfig: Setting CVar [[r.VolumetricFog.GridPixelSize:8]]
[2020.10.07-03.34.49:521][  0]LogConfig: Setting CVar [[r.VolumetricFog.GridSizeZ:128]]
[2020.10.07-03.34.49:521][  0]LogConfig: Setting CVar [[r.VolumetricFog.HistoryMissSupersampleCount:4]]
[2020.10.07-03.34.49:521][  0]LogConfig: Setting CVar [[r.LightMaxDrawDistanceScale:1]]
[2020.10.07-03.34.49:521][  0]LogConfig: Setting CVar [[r.CapsuleShadows:1]]
[2020.10.07-03.34.49:521][  0]LogConfig: Applying CVar settings from Section [PostProcessQuality@3] File [D:/Src/CatsAndDogs/Saved/Config/Windows/Scalability.ini]
[2020.10.07-03.34.49:521][  0]LogConfig: Setting CVar [[r.MotionBlurQuality:4]]
[2020.10.07-03.34.49:521][  0]LogConfig: Setting CVar [[r.AmbientOcclusionMipLevelFactor:0.4]]
[2020.10.07-03.34.49:521][  0]LogConfig: Setting CVar [[r.AmbientOcclusionMaxQuality:100]]
[2020.10.07-03.34.49:521][  0]LogConfig: Setting CVar [[r.AmbientOcclusionLevels:-1]]
[2020.10.07-03.34.49:521][  0]LogConfig: Setting CVar [[r.AmbientOcclusionRadiusScale:1.0]]
[2020.10.07-03.34.49:521][  0]LogConfig: Setting CVar [[r.DepthOfFieldQuality:2]]
[2020.10.07-03.34.49:521][  0]LogConfig: Setting CVar [[r.RenderTargetPoolMin:400]]
[2020.10.07-03.34.49:521][  0]LogConfig: Setting CVar [[r.LensFlareQuality:2]]
[2020.10.07-03.34.49:521][  0]LogConfig: Setting CVar [[r.SceneColorFringeQuality:1]]
[2020.10.07-03.34.49:521][  0]LogConfig: Setting CVar [[r.EyeAdaptationQuality:2]]
[2020.10.07-03.34.49:521][  0]LogConfig: Setting CVar [[r.BloomQuality:5]]
[2020.10.07-03.34.49:521][  0]LogConfig: Setting CVar [[r.FastBlurThreshold:100]]
[2020.10.07-03.34.49:521][  0]LogConfig: Setting CVar [[r.Upscale.Quality:3]]
[2020.10.07-03.34.49:521][  0]LogConfig: Setting CVar [[r.Tonemapper.GrainQuantization:1]]
[2020.10.07-03.34.49:521][  0]LogConfig: Setting CVar [[r.LightShaftQuality:1]]
[2020.10.07-03.34.49:521][  0]LogConfig: Setting CVar [[r.Filter.SizeScale:1]]
[2020.10.07-03.34.49:521][  0]LogConfig: Setting CVar [[r.Tonemapper.Quality:5]]
[2020.10.07-03.34.49:522][  0]LogConfig: Setting CVar [[r.DOF.Gather.AccumulatorQuality:1        ; higher gathering accumulator quality]]
[2020.10.07-03.34.49:522][  0]LogConfig: Setting CVar [[r.DOF.Gather.PostfilterMethod:1          ; Median3x3 postfilering method]]
[2020.10.07-03.34.49:522][  0]LogConfig: Setting CVar [[r.DOF.Gather.EnableBokehSettings:0       ; no bokeh simulation when gathering]]
[2020.10.07-03.34.49:522][  0]LogConfig: Setting CVar [[r.DOF.Gather.RingCount:4                 ; medium number of samples when gathering]]
[2020.10.07-03.34.49:522][  0]LogConfig: Setting CVar [[r.DOF.Scatter.ForegroundCompositing:1    ; additive foreground scattering]]
[2020.10.07-03.34.49:522][  0]LogConfig: Setting CVar [[r.DOF.Scatter.BackgroundCompositing:2    ; additive background scattering]]
[2020.10.07-03.34.49:522][  0]LogConfig: Setting CVar [[r.DOF.Scatter.EnableBokehSettings:1      ; bokeh simulation when scattering]]
[2020.10.07-03.34.49:522][  0]LogConfig: Setting CVar [[r.DOF.Scatter.MaxSpriteRatio:0.1         ; only a maximum of 10% of scattered bokeh]]
[2020.10.07-03.34.49:522][  0]LogConfig: Setting CVar [[r.DOF.Recombine.Quality:1                ; cheap slight out of focus]]
[2020.10.07-03.34.49:522][  0]LogConfig: Setting CVar [[r.DOF.Recombine.EnableBokehSettings:0    ; no bokeh simulation on slight out of focus]]
[2020.10.07-03.34.49:522][  0]LogConfig: Setting CVar [[r.DOF.TemporalAAQuality:1                ; more stable temporal accumulation]]
[2020.10.07-03.34.49:522][  0]LogConfig: Setting CVar [[r.DOF.Kernel.MaxForegroundRadius:0.025]]
[2020.10.07-03.34.49:522][  0]LogConfig: Setting CVar [[r.DOF.Kernel.MaxBackgroundRadius:0.025]]
[2020.10.07-03.34.49:522][  0]LogConfig: Applying CVar settings from Section [TextureQuality@3] File [D:/Src/CatsAndDogs/Saved/Config/Windows/Scalability.ini]
[2020.10.07-03.34.49:522][  0]LogConfig: Setting CVar [[r.Streaming.MipBias:0]]
[2020.10.07-03.34.49:522][  0]LogConfig: Setting CVar [[r.Streaming.AmortizeCPUToGPUCopy:0]]
[2020.10.07-03.34.49:522][  0]LogConfig: Setting CVar [[r.Streaming.MaxNumTexturesToStreamPerFrame:0]]
[2020.10.07-03.34.49:522][  0]LogConfig: Setting CVar [[r.Streaming.Boost:1]]
[2020.10.07-03.34.49:522][  0]LogConfig: Setting CVar [[r.MaxAnisotropy:8]]
[2020.10.07-03.34.49:522][  0]LogConfig: Setting CVar [[r.VT.MaxAnisotropy:8]]
[2020.10.07-03.34.49:522][  0]LogConfig: Setting CVar [[r.Streaming.LimitPoolSizeToVRAM:0]]
[2020.10.07-03.34.49:522][  0]LogConfig: Setting CVar [[r.Streaming.PoolSize:1000]]
[2020.10.07-03.34.49:522][  0]LogConfig: Setting CVar [[r.Streaming.MaxEffectiveScreenSize:0]]
[2020.10.07-03.34.49:522][  0]LogConfig: Applying CVar settings from Section [EffectsQuality@3] File [D:/Src/CatsAndDogs/Saved/Config/Windows/Scalability.ini]
[2020.10.07-03.34.49:522][  0]LogConfig: Setting CVar [[r.TranslucencyLightingVolumeDim:64]]
[2020.10.07-03.34.49:522][  0]LogConfig: Setting CVar [[r.RefractionQuality:2]]
[2020.10.07-03.34.49:522][  0]LogConfig: Setting CVar [[r.SSR.Quality:3]]
[2020.10.07-03.34.49:522][  0]LogConfig: Setting CVar [[r.SSR.HalfResSceneColor:0]]
[2020.10.07-03.34.49:522][  0]LogConfig: Setting CVar [[r.SceneColorFormat:4]]
[2020.10.07-03.34.49:522][  0]LogConfig: Setting CVar [[r.DetailMode:2]]
[2020.10.07-03.34.49:522][  0]LogConfig: Setting CVar [[r.TranslucencyVolumeBlur:1]]
[2020.10.07-03.34.49:522][  0]LogConfig: Setting CVar [[r.MaterialQualityLevel:1 ; High quality]]
[2020.10.07-03.34.49:522][  0]LogConfig: Setting CVar [[r.SSS.Scale:1]]
[2020.10.07-03.34.49:522][  0]LogConfig: Setting CVar [[r.SSS.SampleSet:2]]
[2020.10.07-03.34.49:522][  0]LogConfig: Setting CVar [[r.SSS.Quality:1]]
[2020.10.07-03.34.49:522][  0]LogConfig: Setting CVar [[r.SSS.HalfRes:0]]
[2020.10.07-03.34.49:522][  0]LogConfig: Setting CVar [[r.SSGI.Quality:3]]
[2020.10.07-03.34.49:522][  0]LogConfig: Setting CVar [[r.EmitterSpawnRateScale:1.0]]
[2020.10.07-03.34.49:522][  0]LogConfig: Setting CVar [[r.ParticleLightQuality:2]]
[2020.10.07-03.34.49:522][  0]LogConfig: Setting CVar [[r.SkyAtmosphere.AerialPerspectiveLUT.FastApplyOnOpaque:1 ; Always have FastSkyLUT 1 in this case to avoid wrong sky]]
[2020.10.07-03.34.49:522][  0]LogConfig: Setting CVar [[r.SkyAtmosphere.AerialPerspectiveLUT.SampleCountPerSlice:1]]
[2020.10.07-03.34.49:522][  0]LogConfig: Setting CVar [[r.SkyAtmosphere.AerialPerspectiveLUT.DepthResolution:16.0]]
[2020.10.07-03.34.49:523][  0]LogConfig: Setting CVar [[r.SkyAtmosphere.FastSkyLUT:1]]
[2020.10.07-03.34.49:523][  0]LogConfig: Setting CVar [[r.SkyAtmosphere.FastSkyLUT.SampleCountMin:4.0]]
[2020.10.07-03.34.49:523][  0]LogConfig: Setting CVar [[r.SkyAtmosphere.FastSkyLUT.SampleCountMax:32.0]]
[2020.10.07-03.34.49:523][  0]LogConfig: Setting CVar [[r.SkyAtmosphere.SampleCountMin:4.0]]
[2020.10.07-03.34.49:523][  0]LogConfig: Setting CVar [[r.SkyAtmosphere.SampleCountMax:32.0]]
[2020.10.07-03.34.49:523][  0]LogConfig: Setting CVar [[r.SkyAtmosphere.TransmittanceLUT.UseSmallFormat:0]]
[2020.10.07-03.34.49:523][  0]LogConfig: Setting CVar [[r.SkyAtmosphere.TransmittanceLUT.SampleCount:10.0]]
[2020.10.07-03.34.49:523][  0]LogConfig: Setting CVar [[r.SkyAtmosphere.MultiScatteringLUT.SampleCount:15.0]]
[2020.10.07-03.34.49:523][  0]LogConfig: Applying CVar settings from Section [FoliageQuality@3] File [D:/Src/CatsAndDogs/Saved/Config/Windows/Scalability.ini]
[2020.10.07-03.34.49:523][  0]LogConfig: Setting CVar [[foliage.DensityScale:1.0]]
[2020.10.07-03.34.49:523][  0]LogConfig: Setting CVar [[grass.DensityScale:1.0]]
[2020.10.07-03.34.49:523][  0]LogConfig: Applying CVar settings from Section [ShadingQuality@3] File [D:/Src/CatsAndDogs/Saved/Config/Windows/Scalability.ini]
[2020.10.07-03.34.49:523][  0]LogConfig: Setting CVar [[r.HairStrands.SkyLighting.SampleCount:16]]
[2020.10.07-03.34.49:523][  0]LogConfig: Setting CVar [[r.HairStrands.SkyLighting.JitterIntegration:0]]
[2020.10.07-03.34.49:523][  0]LogConfig: Setting CVar [[r.HairStrands.SkyAO.SampleCount:16]]
[2020.10.07-03.34.49:523][  0]LogConfig: Setting CVar [[r.HairStrands.DeepShadow.SuperSampling:0]]
[2020.10.07-03.34.49:523][  0]LogConfig: Setting CVar [[r.HairStrands.VisibilityPPLL:0]]
[2020.10.07-03.34.49:523][  0]LogConfig: Setting CVar [[r.HairStrands.RasterizationScale:0.5]]
[2020.10.07-03.34.49:523][  0]LogConfig: Setting CVar [[r.HairStrands.VelocityRasterizationScale:1]]
[2020.10.07-03.34.49:523][  0]LogConfig: Applying CVar settings from Section [Startup] File [../../../Engine/Config/ConsoleVariables.ini]
[2020.10.07-03.34.49:538][  0]LogConfig: Setting CVar [[net.UseAdaptiveNetUpdateFrequency:0]]
[2020.10.07-03.34.49:538][  0]LogConfig: Setting CVar [[p.chaos.AllowCreatePhysxBodies:1]]
[2020.10.07-03.34.49:538][  0]LogConfig: Setting CVar [[fx.SkipVectorVMBackendOptimizations:1]]
[2020.10.07-03.34.49:538][  0]LogConfig: Applying CVar settings from Section [ConsoleVariables] File [D:/Src/CatsAndDogs/Saved/Config/Windows/Engine.ini]
[2020.10.07-03.34.49:562][  0]LogInit: Computer: DESKTOP-F4PG79J
[2020.10.07-03.34.49:562][  0]LogInit: User: User
[2020.10.07-03.34.49:562][  0]LogInit: CPU Page size=4096, Cores=4
[2020.10.07-03.34.49:562][  0]LogInit: High frequency timer resolution =10.000000 MHz
[2020.10.07-03.34.49:563][  0]LogMemory: Memory total: Physical=64.0GB (64GB approx)
[2020.10.07-03.34.49:563][  0]LogMemory: Platform Memory Stats for Windows
[2020.10.07-03.34.49:563][  0]LogMemory: Process Physical Memory: 113.69 MB used, 113.70 MB peak
[2020.10.07-03.34.49:563][  0]LogMemory: Process Virtual Memory: 96.01 MB used, 96.01 MB peak
[2020.10.07-03.34.49:563][  0]LogMemory: Physical Memory: 15949.36 MB used,  49546.79 MB free, 65496.14 MB total
[2020.10.07-03.34.49:563][  0]LogMemory: Virtual Memory: 5108.77 MB used,  134212616.00 MB free, 134217728.00 MB total
[2020.10.07-03.34.50:096][  0]LogWindows: WindowsPlatformFeatures enabled
[2020.10.07-03.34.50:891][  0]LogInit: Physics initialised using underlying interface: PhysX
[2020.10.07-03.34.50:907][  0]LogInit: Using OS detected language (en-US).
[2020.10.07-03.34.50:907][  0]LogInit: Using OS detected locale (en-US).
[2020.10.07-03.34.50:996][  0]LogTextLocalizationManager: No specific localization for 'en-US' exists, so the 'en' localization will be used.
[2020.10.07-03.34.51:503][  0]LogInit: Setting process to per monitor DPI aware
[2020.10.07-03.34.52:009][  0]LogSlate: New Slate User Created.  User Index 0, Is Virtual User: 0
[2020.10.07-03.34.52:009][  0]LogSlate: Slate User Registered.  User Index 0, Is Virtual User: 0
[2020.10.07-03.34.54:639][  0]LogHMD: Failed to initialize OpenVR with code 126
[2020.10.07-03.34.54:639][  0]LogD3D11RHI: D3D11 min allowed feature level: 11_0
[2020.10.07-03.34.54:639][  0]LogD3D11RHI: D3D11 max allowed feature level: 11_0
[2020.10.07-03.34.54:639][  0]LogD3D11RHI: D3D11 adapters:
[2020.10.07-03.34.54:714][  0]LogD3D11RHI:    0. 'NVIDIA GeForce GTX 1070' (Feature Level 11_0)
[2020.10.07-03.34.54:714][  0]LogD3D11RHI:       8081/0/32748 MB DedicatedVideo/DedicatedSystem/SharedSystem, Outputs:1, VendorId:0x10de
[2020.10.07-03.34.54:717][  0]LogD3D11RHI:    1. 'Microsoft Basic Render Driver' (Feature Level 11_0)
[2020.10.07-03.34.54:717][  0]LogD3D11RHI:       0/0/32748 MB DedicatedVideo/DedicatedSystem/SharedSystem, Outputs:0, VendorId:0x1414
[2020.10.07-03.34.54:717][  0]LogD3D11RHI: Chosen D3D11 Adapter: 0
[2020.10.07-03.34.54:742][  0]LogD3D11RHI: Creating new Direct3DDevice
[2020.10.07-03.34.54:742][  0]LogD3D11RHI:     GPU DeviceId: 0x1be1 (for the marketing name, search the web for "GPU Device Id")
[2020.10.07-03.34.54:742][  0]LogWindows: EnumDisplayDevices:
[2020.10.07-03.34.54:743][  0]LogWindows:    0. 'NVIDIA GeForce GTX 1070' (P:0 D:0)
[2020.10.07-03.34.54:743][  0]LogWindows:    1. 'NVIDIA GeForce GTX 1070' (P:1 D:1)
[2020.10.07-03.34.54:743][  0]LogWindows:    2. 'NVIDIA GeForce GTX 1070' (P:0 D:0)
[2020.10.07-03.34.54:744][  0]LogWindows:    3. 'NVIDIA GeForce GTX 1070' (P:0 D:0)
[2020.10.07-03.34.54:744][  0]LogWindows: DebugString: FoundDriverCount:4 
[2020.10.07-03.34.54:744][  0]LogD3D11RHI:     Adapter Name: NVIDIA GeForce GTX 1070
[2020.10.07-03.34.54:744][  0]LogD3D11RHI:   Driver Version: 456.38 (internal:27.21.14.5638, unified:456.38)
[2020.10.07-03.34.54:744][  0]LogD3D11RHI:      Driver Date: 9-14-2020
[2020.10.07-03.34.54:744][  0]LogRHI: Texture pool is 5656 MB (70% of 8081 MB)
[2020.10.07-03.34.55:654][  0]LogD3D11RHI: RHI has support for 64 bit atomics
[2020.10.07-03.34.55:658][  0]LogD3D11RHI: [Aftermath] Enabled and primed
[2020.10.07-03.34.55:658][  0]LogD3D11RHI: Async texture creation enabled
[2020.10.07-03.34.55:658][  0]LogD3D11RHI: Array index from any shader is supported
[2020.10.07-03.34.56:076][  0]LogD3D11RHI: GPU Timing Frequency: 1000.000000 (Debug: 2 1)
[2020.10.07-03.34.56:739][  0]LogTargetPlatformManager: Display: Loaded TargetPlatform 'AllDesktop'
[2020.10.07-03.34.56:781][  0]LogTargetPlatformManager: Display: Loaded TargetPlatform 'Android'
[2020.10.07-03.34.56:782][  0]LogTargetPlatformManager: Display: Loaded TargetPlatform 'Android_ASTC'
[2020.10.07-03.34.56:782][  0]LogTargetPlatformManager: Display: Loaded TargetPlatform 'Android_DXT'
[2020.10.07-03.34.56:782][  0]LogTargetPlatformManager: Display: Loaded TargetPlatform 'Android_ETC2'
[2020.10.07-03.34.56:782][  0]LogTargetPlatformManager: Display: Loaded TargetPlatform 'AndroidClient'
[2020.10.07-03.34.56:782][  0]LogTargetPlatformManager: Display: Loaded TargetPlatform 'Android_ASTCClient'
[2020.10.07-03.34.56:782][  0]LogTargetPlatformManager: Display: Loaded TargetPlatform 'Android_DXTClient'
[2020.10.07-03.34.56:782][  0]LogTargetPlatformManager: Display: Loaded TargetPlatform 'Android_ETC2Client'
[2020.10.07-03.34.56:782][  0]LogTargetPlatformManager: Display: Loaded TargetPlatform 'Android_Multi'
[2020.10.07-03.34.56:782][  0]LogTargetPlatformManager: Display: Loaded TargetPlatform 'Android_MultiClient'
[2020.10.07-03.34.56:904][  0]LogTargetPlatformManager: Display: Loaded TargetPlatform 'IOSClient'
[2020.10.07-03.34.56:904][  0]LogTargetPlatformManager: Display: Loaded TargetPlatform 'IOS'
[2020.10.07-03.34.57:057][  0]LogTargetPlatformManager: Display: Loaded TargetPlatform 'Linux'
[2020.10.07-03.34.57:129][  0]LogTargetPlatformManager: Display: Loaded TargetPlatform 'LinuxNoEditor'
[2020.10.07-03.34.57:159][  0]LogTargetPlatformManager: Display: Loaded TargetPlatform 'LinuxClient'
[2020.10.07-03.34.57:203][  0]LogTargetPlatformManager: Display: Loaded TargetPlatform 'LinuxServer'
[2020.10.07-03.34.57:246][  0]LogTargetPlatformManager: Display: Loaded TargetPlatform 'LinuxAArch64NoEditor'
[2020.10.07-03.34.57:328][  0]LogTargetPlatformManager: Display: Loaded TargetPlatform 'LinuxAArch64Client'
[2020.10.07-03.34.57:373][  0]LogTargetPlatformManager: Display: Loaded TargetPlatform 'LinuxAArch64Server'
[2020.10.07-03.34.57:472][  0]LogTargetPlatformManager: Display: Loaded TargetPlatform 'Lumin'
[2020.10.07-03.34.57:472][  0]LogTargetPlatformManager: Display: Loaded TargetPlatform 'LuminClient'
[2020.10.07-03.34.57:512][  0]LogTargetPlatformManager: Display: Loaded TargetPlatform 'TVOSClient'
[2020.10.07-03.34.57:512][  0]LogTargetPlatformManager: Display: Loaded TargetPlatform 'TVOS'
[2020.10.07-03.34.57:581][  0]LogTargetPlatformManager: Display: Loaded TargetPlatform 'WindowsNoEditor'
[2020.10.07-03.34.57:638][  0]LogTargetPlatformManager: Display: Loaded TargetPlatform 'Windows'
[2020.10.07-03.34.57:688][  0]LogTargetPlatformManager: Display: Loaded TargetPlatform 'WindowsClient'
[2020.10.07-03.34.57:748][  0]LogTargetPlatformManager: Display: Loaded TargetPlatform 'WindowsServer'
[2020.10.07-03.34.57:748][  0]LogTargetPlatformManager: Display: Building Assets For Windows
[2020.10.07-03.34.58:044][  0]LogAudioDebug: Display: Lib vorbis DLL was dynamically loaded.
[2020.10.07-03.34.59:420][  0]LogShaderCompilers: Guid format shader working directory is 12 characters bigger than the processId version (../../../../../../Src/CatsAndDogs/Intermediate/Shaders/WorkingDirectory/8112/).
[2020.10.07-03.34.59:420][  0]LogShaderCompilers: Cleaned the shader compiler working directory 'C:/Users/User/AppData/Local/Temp/UnrealShaderWorkingDir/E612C1064859AF9153F4F5A21D03FD54/'.
[2020.10.07-03.34.59:466][  0]LogXGEController: Cleaning working directory: C:/Users/User/AppData/Local/Temp/UnrealXGEWorkingDir/
[2020.10.07-03.34.59:467][  0]LogXGEController: Cannot use XGE Controller as Incredibuild is not installed on this machine.
[2020.10.07-03.34.59:467][  0]LogShaderCompilers: Cannot use XGE Shader Compiler as Incredibuild is not installed on this machine.
[2020.10.07-03.34.59:467][  0]LogShaderCompilers: Display: Using Local Shader Compiler.
[2020.10.07-03.35.07:089][  0]LogDerivedDataCache: Display: Max Cache Size: 512 MB
[2020.10.07-03.35.07:276][  0]LogDerivedDataCache: Loaded boot cache 0.19s 76MB C:/Users/User/AppData/Local/UnrealEngine/4.25/DerivedDataCache/Boot.ddc.
[2020.10.07-03.35.07:276][  0]LogDerivedDataCache: Display: Loaded Boot cache: C:/Users/User/AppData/Local/UnrealEngine/4.25/DerivedDataCache/Boot.ddc
[2020.10.07-03.35.07:307][  0]LogDerivedDataCache: FDerivedDataBackendGraph:  Pak pak cache file ../../../../../../Src/CatsAndDogs/DerivedDataCache/DDC.ddp not found, will not use a pak cache.
[2020.10.07-03.35.07:307][  0]LogDerivedDataCache: Unable to find inner node Pak for hierarchical cache Hierarchy.
[2020.10.07-03.35.07:307][  0]LogDerivedDataCache: FDerivedDataBackendGraph:  CompressedPak pak cache file ../../../../../../Src/CatsAndDogs/DerivedDataCache/Compressed.ddp not found, will not use a pak cache.
[2020.10.07-03.35.07:307][  0]LogDerivedDataCache: Unable to find inner node CompressedPak for hierarchical cache Hierarchy.
[2020.10.07-03.35.07:521][  0]LogDerivedDataCache: Display: Pak cache opened for reading ../../../Engine/DerivedDataCache/Compressed.ddp.
[2020.10.07-03.35.07:521][  0]LogDerivedDataCache: FDerivedDataBackendGraph:  EnterprisePak pak cache file ../../../Enterprise/DerivedDataCache/Compressed.ddp not found, will not use a pak cache.
[2020.10.07-03.35.07:521][  0]LogDerivedDataCache: Unable to find inner node EnterprisePak for hierarchical cache Hierarchy.
[2020.10.07-03.35.07:527][  0]LogDerivedDataCache: Using Local data cache path C:/Users/User/AppData/Local/UnrealEngine/Common/DerivedDataCache: Writable
[2020.10.07-03.35.07:527][  0]LogDerivedDataCache: Shared data cache path not found in *engine.ini, will not use an Shared cache.
[2020.10.07-03.35.07:527][  0]LogDerivedDataCache: Unable to find inner node Shared for hierarchical cache Hierarchy.
[2020.10.07-03.35.08:492][  0]LogSlate: Using FreeType 2.10.0
[2020.10.07-03.35.08:817][  0]LogSlate: SlateFontServices - WITH_FREETYPE: 1, WITH_HARFBUZZ: 1
[2020.10.07-03.35.10:548][  0]LogAssetRegistry: FAssetRegistry took 0.0611 seconds to start up
[2020.10.07-03.35.19:371][  0]LogInit: Selected Device Profile: [Windows]
[2020.10.07-03.35.24:566][  0]LogMeshReduction: Using QuadricMeshReduction for automatic static mesh reduction
[2020.10.07-03.35.24:566][  0]LogMeshReduction: Using SimplygonMeshReduction for automatic skeletal mesh reduction
[2020.10.07-03.35.24:566][  0]LogMeshReduction: Using ProxyLODMeshReduction for automatic mesh merging
[2020.10.07-03.35.24:566][  0]LogMeshReduction: No distributed automatic mesh merging module available
[2020.10.07-03.35.24:593][  0]LogMeshMerging: No distributed automatic mesh merging module available
[2020.10.07-03.35.26:204][  0]LogNetVersion: CatsandDogs 1.0.0, NetCL: 13144385, EngineNetVer: 14, GameNetVer: 0 (Checksum: 3059202269)
[2020.10.07-03.35.41:410][  0]LogAISub: UAISubsystem::UAISubsystem AISubsystem (000001FD31CBE980), frame # 0
[2020.10.07-03.35.41:410][  0]LogAISub: UAISubsystem::UAISubsystem AIPerceptionSystem (000001FD31B72980), frame # 0
[2020.10.07-03.35.41:420][  0]LogAISub: UAISubsystem::UAISubsystem EnvQueryManager (000001FD31BC5C00), frame # 0
[2020.10.07-03.35.41:909][  0]LogPackageLocalizationCache: Processed 19 localized package path(s) for 1 prioritized culture(s) in 0.171930 seconds
[2020.10.07-03.35.41:928][  0]LogUObjectArray: 15917 objects as part of root set at end of initial load.
[2020.10.07-03.35.41:928][  0]LogUObjectAllocator: 3965568 out of 0 bytes used by permanent object pool.
[2020.10.07-03.35.41:928][  0]LogUObjectArray: CloseDisregardForGC: 0/0 objects in disregard for GC pool
[2020.10.07-03.35.46:475][  0]LogTcpMessaging: Initializing TcpMessaging bridge
[2020.10.07-03.35.46:552][  0]LogUdpMessaging: Initializing bridge on interface 0.0.0.0:0 to multicast group 230.0.0.1:6666.
[2020.10.07-03.35.47:196][  0]SourceControl: Source control is disabled
[2020.10.07-03.35.49:899][  0]LogAndroidPermission: UAndroidPermissionCallbackProxy::GetInstance
[2020.10.07-03.35.49:978][  0]LogAudioCaptureCore: Display: No Audio Capture implementations found. Audio input will be silent.
[2020.10.07-03.35.49:978][  0]LogAudioCaptureCore: Display: No Audio Capture implementations found. Audio input will be silent.
[2020.10.07-03.35.50:312][  0]LogOcInput: OculusInput pre-init called
[2020.10.07-03.35.50:352][  0]LogWindows: Failed to load 'OVRPlugin.dll' (GetLastError=126)
[2020.10.07-03.35.50:352][  0]LogWindows: File 'OVRPlugin.dll' does not exist
[2020.10.07-03.35.51:369][  0]LogEngine: Initializing Engine...
[2020.10.07-03.35.51:471][  0]LogHMD: Failed to initialize OpenVR with code 108
[2020.10.07-03.35.51:471][  0]LogMagicLeap: Warning: VR disabled because ZI is not enabled.  To enable, in the editor, Edit -> Project Settings -> Plugins -> Magic Leap Plugin -> Enable Zero Iteration
[2020.10.07-03.35.51:624][  0]LogStats: UGameplayTagsManager::InitializeManager -  0.047 s
[2020.10.07-03.35.52:420][  0]LogInit: Initializing FReadOnlyCVARCache
[2020.10.07-03.35.52:833][  0]LogAIModule: Creating AISystem for world Untitled
[2020.10.07-03.35.52:833][  0]LogAISub: UAISubsystem::UAISubsystem EnvQueryManager (000001FD33BABC00), frame # 0
[2020.10.07-03.35.52:833][  0]LogAISub: UAISubsystem::UAISubsystem AIPerceptionSystem (000001FD33BFCB80), frame # 0
[2020.10.07-03.35.52:946][  0]LogAudioMixer: Display: Audio Mixer Platform Settings:
[2020.10.07-03.35.52:946][  0]LogAudioMixer: Display: 	Sample Rate:						  48000
[2020.10.07-03.35.52:946][  0]LogAudioMixer: Display: 	Callback Buffer Frame Size Requested: 1024
[2020.10.07-03.35.52:946][  0]LogAudioMixer: Display: 	Callback Buffer Frame Size To Use:	  1024
[2020.10.07-03.35.52:946][  0]LogAudioMixer: Display: 	Number of buffers to queue:			  2
[2020.10.07-03.35.52:946][  0]LogAudioMixer: Display: 	Max Channels (voices):				  32
[2020.10.07-03.35.52:946][  0]LogAudioMixer: Display: 	Number of Async Source Workers:		  0
[2020.10.07-03.35.52:953][  0]LogAudio: Display: AudioDevice MaxSources: 32
[2020.10.07-03.35.52:972][  0]LogAudio: Display: Using built-in audio occlusion.
[2020.10.07-03.35.52:972][  0]LogAudioMixer: Display: Initializing audio mixer.
[2020.10.07-03.35.53:129][  0]LogAudioMixer: Display: 0: FrontLeft
[2020.10.07-03.35.53:129][  0]LogAudioMixer: Display: 1: FrontRight
[2020.10.07-03.35.53:129][  0]LogAudioMixer: Display: 2: FrontCenter
[2020.10.07-03.35.53:129][  0]LogAudioMixer: Display: 3: LowFrequency
[2020.10.07-03.35.53:129][  0]LogAudioMixer: Display: 4: BackLeft
[2020.10.07-03.35.53:129][  0]LogAudioMixer: Display: 5: BackRight
[2020.10.07-03.35.53:129][  0]LogAudioMixer: Display: 6: SideLeft
[2020.10.07-03.35.53:129][  0]LogAudioMixer: Display: 7: SideRight
[2020.10.07-03.35.53:279][  0]LogAudioMixer: Display: Using Audio Device Speakers (Realtek High Definition Audio)
[2020.10.07-03.35.53:289][  0]LogAudioMixer: Display: Initializing Sound Submixes...
[2020.10.07-03.35.53:345][  0]LogAudioMixer: Display: Creating Master Submix 'MasterSubmixDefault'
[2020.10.07-03.35.53:345][  0]LogAudioMixer: Display: Creating Master Submix 'MasterReverbSubmixDefault'
[2020.10.07-03.35.53:347][  0]LogAudioMixer: Display: Creating Master Submix 'MasterEQSubmixDefault'
[2020.10.07-03.35.53:347][  0]LogInit: FAudioDevice initialized.
[2020.10.07-03.35.53:348][  0]LogNetVersion: Set ProjectVersion to 1.0.0.0. Version Checksum will be recalculated on next use.
[2020.10.07-03.35.53:421][  0]LogDerivedDataCache: Saved boot cache 0.07s 76MB C:/Users/User/AppData/Local/UnrealEngine/4.25/DerivedDataCache/Boot.ddc.
[2020.10.07-03.35.53:421][  0]LogInit: Texture streaming: Enabled
[2020.10.07-03.35.53:603][  0]LogEngineSessionManager: EngineSessionManager initialized
[2020.10.07-03.35.53:603][  0]LogEditorSessionSummary: Verbose: Initializing EditorSessionSummaryWriter for editor session tracking
[2020.10.07-03.35.53:628][  0]LogEditorSessionSummary: EditorSessionSummaryWriter initialized
[2020.10.07-03.35.53:873][  0]LogInit: Transaction tracking system initialized
[2020.10.07-03.35.54:187][  0]BlueprintLog: New page: Editor Load
[2020.10.07-03.35.55:199][  0]LocalizationService: Localization service is disabled
[2020.10.07-03.35.58:553][  0]LogFileCache: Scanning file cache for directory 'D:/Src/CatsAndDogs/Content/' took 0.03s
[2020.10.07-03.35.58:553][  0]LogCook: Display: Max memory allowance for cook 16384mb min free memory 0mb
[2020.10.07-03.35.58:554][  0]LogCook: Display: Mobile HDR setting 1
[2020.10.07-03.36.03:335][  0]LogUnrealEdMisc: Loading editor; pre map load, took 101.490
[2020.10.07-03.36.03:412][  0]Cmd: MAP LOAD FILE="../../../../../../Src/CatsAndDogs/Content/ThirdPersonBP/Maps/ThirdPersonExampleMap.umap" TEMPLATE=0 SHOWPROGRESS=1 FEATURELEVEL=3
[2020.10.07-03.36.03:443][  0]LightingResults: New page: Lighting Build
[2020.10.07-03.36.03:573][  0]LogWorld: UWorld::CleanupWorld for Untitled, bSessionEnded=true, bCleanupResources=true
[2020.10.07-03.36.03:591][  0]LogSlate: InvalidateAllWidgets triggered.  All widgets were invalidated
[2020.10.07-03.36.03:604][  0]MapCheck: New page: Map Check
[2020.10.07-03.36.03:604][  0]LightingResults: New page: Lighting Build
[2020.10.07-03.36.03:879][  0]LogAISub: UAISubsystem::~UAISubsystem EnvQueryManager (000001FD33BABC00), frame # 0
[2020.10.07-03.36.03:879][  0]LogAISub: UAISubsystem::~UAISubsystem AIPerceptionSystem (000001FD33BFCB80), frame # 0
[2020.10.07-03.36.03:880][  0]LogUObjectHash: Compacting FUObjectHashTables data took   0.62ms
[2020.10.07-03.36.07:917][  0]LogAIModule: Creating AISystem for world ThirdPersonExampleMap
[2020.10.07-03.36.07:917][  0]LogAISub: UAISubsystem::UAISubsystem EnvQueryManager (000001FD24180E00), frame # 0
[2020.10.07-03.36.07:918][  0]LogAISub: UAISubsystem::UAISubsystem AIPerceptionSystem (000001FD41D22340), frame # 0
[2020.10.07-03.36.08:696][  0]LogEditorServer: Finished looking for orphan Actors (0.000 secs)
[2020.10.07-03.36.08:846][  0]LogUObjectHash: Compacting FUObjectHashTables data took   0.82ms
[2020.10.07-03.36.08:846][  0]Cmd: MAP CHECKDEP NOCLEARLOG
[2020.10.07-03.36.08:858][  0]MapCheck: Map check complete: 0 Error(s), 0 Warning(s), took 11.462ms to complete.
[2020.10.07-03.36.08:858][  0]LogFileHelpers: Loading map 'ThirdPersonExampleMap' took 5.477
[2020.10.07-03.36.09:705][  0]LogUnrealEdMisc: Total Editor Startup Time, took 107.860
[2020.10.07-03.36.10:514][  0]LogSlate: Updating window title bar state: overlay mode, drag disabled, window buttons hidden, title bar hidden
[2020.10.07-03.36.10:563][  0]LogSlate: Updating window title bar state: overlay mode, drag disabled, window buttons hidden, title bar hidden
[2020.10.07-03.36.10:570][  0]LogSlate: Updating window title bar state: overlay mode, drag disabled, window buttons hidden, title bar hidden
[2020.10.07-03.36.10:577][  0]LogSlate: Updating window title bar state: overlay mode, drag disabled, window buttons hidden, title bar hidden
[2020.10.07-03.36.10:688][  0]LogCollectionManager: Loaded 0 collections in 0.017660 seconds
[2020.10.07-03.36.10:837][  0]LogFileCache: Scanning file cache for directory 'D:/Src/CatsAndDogs/Saved/Collections/' took 0.00s
[2020.10.07-03.36.10:838][  0]LogFileCache: Scanning file cache for directory 'D:/Src/CatsAndDogs/Content/Developers/User/Collections/' took 0.00s
[2020.10.07-03.36.10:838][  0]LogFileCache: Scanning file cache for directory 'D:/Src/CatsAndDogs/Content/Collections/' took 0.00s
[2020.10.07-03.36.10:838][  0]LogContentBrowser: Native class hierarchy populated in 0.0090 seconds. Added 3427 classes and 821 folders.
[2020.10.07-03.36.10:905][  0]LogContentBrowser: Native class hierarchy updated for 'WidgetCarousel' in 0.0003 seconds. Added 0 classes and 0 folders.
[2020.10.07-03.36.12:361][  0]LogContentBrowser: Native class hierarchy updated for 'AddContentDialog' in 0.0004 seconds. Added 0 classes and 0 folders.
[2020.10.07-03.36.12:407][  0]LogContentBrowser: Native class hierarchy updated for 'SceneOutliner' in 0.0004 seconds. Added 2 classes and 0 folders.
[2020.10.07-03.36.12:861][  0]LogSlate: Took 0.021814 seconds to synchronously load lazily loaded font '../../../Engine/Content/Slate/Fonts/Roboto-Regular.ttf' (155K)
[2020.10.07-03.36.12:910][  0]LogSlate: Took 0.015376 seconds to synchronously load lazily loaded font '../../../Engine/Content/Slate/Fonts/Roboto-Bold.ttf' (160K)
[2020.10.07-03.36.13:010][  0]LogSlate: Took 0.008533 seconds to synchronously load lazily loaded font '../../../Engine/Content/Editor/Slate/Fonts/FontAwesome.ttf' (139K)
[2020.10.07-03.36.13:519][  0]LogRenderer: Reallocating scene render targets to support 1220x520 Format 10 NumSamples 1 (Frame:1).
[2020.10.07-03.36.13:953][  0]LogContentBrowser: Native class hierarchy updated for 'HierarchicalLODOutliner' in 0.0004 seconds. Added 0 classes and 0 folders.
[2020.10.07-03.36.13:953][  0]LogLoad: (Engine Initialization) Total time: 112.11 seconds
[2020.10.07-03.36.13:954][  0]LogLoad: (Engine Initialization) Total Blueprint compile time: 0.00 seconds
[2020.10.07-03.36.14:202][  0]LogContentStreaming: Texture pool size now 1000 MB
[2020.10.07-03.36.14:427][  0]LogRenderer: Reallocating scene render targets to support 1220x536 Format 10 NumSamples 1 (Frame:2).
[2020.10.07-03.36.14:427][  0]LogSlate: Took 0.034943 seconds to synchronously load lazily loaded font '../../../Engine/Content/Slate/Fonts/Roboto-Light.ttf' (167K)
[2020.10.07-03.36.14:510][  1]LogAssetRegistry: Asset discovery search completed in 63.9772 seconds
[2020.10.07-03.36.14:514][  1]LogCollectionManager: Fixed up redirectors for 0 collections in 0.000003 seconds (updated 0 objects)
[2020.10.07-03.38.54:732][990]LogSlate: Took 0.000295 seconds to synchronously load lazily loaded font '../../../Engine/Content/Slate/Fonts/Roboto-Light.ttf' (167K)
[2020.10.07-03.38.55:193][990]LogFactory: FactoryCreateFile: StaticMesh with FbxFactory (0 0 C:/Users/User/Desktop/CatsVSDogsGame/EnvironmentAssets/graveyard/mausoleum.FBX)
[2020.10.07-03.38.55:323][990]LogFbx: Loading FBX Scene from C:/Users/User/Desktop/CatsVSDogsGame/EnvironmentAssets/graveyard/mausoleum.FBX
[2020.10.07-03.38.55:349][990]LogFbx: FBX Scene Loaded Succesfully
[2020.10.07-03.38.57:194][990]LogSlate: Window 'FBX Import Options' being destroyed
[2020.10.07-03.38.57:388][990]LogStaticMesh: Building static mesh mausoleum...
[2020.10.07-03.38.57:419][990]LogStaticMesh: Built static mesh [0.03s] /Game/Assets/Props/mausoleum.mausoleum
[2020.10.07-03.39.12:858][893]LogActorFactory: Actor Factory created mausoleum
[2020.10.07-03.39.14:361][978]LogActorFactory: Actor Factory created mausoleum
[2020.10.07-03.39.58:865][610]LogEditorViewport: Clicking on Actor (LMB): BP_Sky_Sphere_C (SkySphereBlueprint)
[2020.10.07-03.42.51:883][960]LogEditorViewport: Clicking on Actor (LMB): Landscape (Landscape)
[2020.10.07-03.43.01:482][492]LogUObjectHash: Compacting FUObjectHashTables data took   0.74ms
[2020.10.07-03.43.01:879][492]LogSavePackage: Moving '../../../../../../Src/CatsAndDogs/Saved/ThirdPersonExampleMapCAFBC2744FC5564DB96F188598BE19A9.tmp' to '../../../../../../Src/CatsAndDogs/Content/ThirdPersonBP/Maps/ThirdPersonExampleMap.umap'
[2020.10.07-03.43.02:779][492]LogSavePackage: Moving '../../../../../../Src/CatsAndDogs/Saved/ThirdPersonExampleMap_BuiltDataD37FFEF34834E4CE559B38837C8C3AFF.tmp' to '../../../../../../Src/CatsAndDogs/Content/ThirdPersonBP/Maps/ThirdPersonExampleMap_BuiltData.uasset'
[2020.10.07-03.43.02:801][492]AssetCheck: New page: Asset Save: multiple assets
[2020.10.07-03.43.02:801][492]LogContentValidation: Display: Validating World /Game/ThirdPersonBP/Maps/ThirdPersonExampleMap.ThirdPersonExampleMap
[2020.10.07-03.43.02:801][492]LogContentValidation: Display: Validating MapBuildDataRegistry /Game/ThirdPersonBP/Maps/ThirdPersonExampleMap_BuiltData.ThirdPersonExampleMap_BuiltData
[2020.10.07-03.43.03:255][515]LogUObjectHash: Compacting FUObjectHashTables data took   0.21ms
[2020.10.07-03.43.04:214][515]LogSlate: Window 'Save Content' being destroyed
[2020.10.07-03.43.04:344][515]Cmd: OBJ SAVEPACKAGE PACKAGE="/Game/Assets/Props/mausoleum" FILE="../../../../../../Src/CatsAndDogs/Content/Assets/Props/mausoleum.uasset" SILENT=true
[2020.10.07-03.43.04:352][515]LogSavePackage: Moving '../../../../../../Src/CatsAndDogs/Saved/mausoleumEFAAFEA749353808149C01ADDC488F9E.tmp' to '../../../../../../Src/CatsAndDogs/Content/Assets/Props/mausoleum.uasset'
[2020.10.07-03.43.04:764][515]AssetCheck: New page: Asset Save: mausoleum
[2020.10.07-03.43.04:764][515]LogContentValidation: Display: Validating StaticMesh /Game/Assets/Props/mausoleum.mausoleum
[2020.10.07-03.43.12:378][912]LogTexture: Display: Building textures: Texture2D_2 (G8, 128X128)
[2020.10.07-03.43.12:693][912]LogSlate: Took 0.034346 seconds to synchronously load lazily loaded font '../../../Engine/Content/Slate/Fonts/Roboto-Italic.ttf' (157K)
[2020.10.07-03.43.21:028][403]LogSlate: WidgetSwitcher ('None') active index changed to 1
[2020.10.07-03.43.28:279][838]LogEditorViewport: Clicking on Actor (CTRL LMB): Landscape (Landscape)
[2020.10.07-03.43.48:888][ 53]LogTexture: Display: Building textures: Texture2D_4 (BGRA8, 64X64)
[2020.10.07-03.44.22:525][ 71]Cmd: TRANSACTION UNDO
[2020.10.07-03.44.22:525][ 71]LogEditorTransaction: Undo Landscape Editing: Visibility
[2020.10.07-03.44.22:857][ 71]LogTexture: Display: Building textures: Texture2D_4 (BGRA8, 64X64)
[2020.10.07-03.44.29:600][465]Cmd: TRANSACTION UNDO
[2020.10.07-03.44.29:600][465]LogEditorTransaction: Undo Landscape Editing: Visibility
[2020.10.07-03.44.29:608][465]LogTexture: Display: Building textures: Texture2D_4 (BGRA8, 64X64)
[2020.10.07-03.45.16:375][234]LogUObjectHash: Compacting FUObjectHashTables data took   0.63ms
[2020.10.07-03.45.16:526][234]LogSavePackage: Moving '../../../../../../Src/CatsAndDogs/Saved/ThirdPersonExampleMap0E0DCD5245FA9FCEFAD3D797F910BB5B.tmp' to '../../../../../../Src/CatsAndDogs/Content/ThirdPersonBP/Maps/ThirdPersonExampleMap.umap'
[2020.10.07-03.45.17:077][234]LogSavePackage: Moving '../../../../../../Src/CatsAndDogs/Saved/ThirdPersonExampleMap_BuiltDataAC4329CD4C02B996EC16FCB22E7C136E.tmp' to '../../../../../../Src/CatsAndDogs/Content/ThirdPersonBP/Maps/ThirdPersonExampleMap_BuiltData.uasset'
[2020.10.07-03.45.17:088][234]AssetCheck: New page: Asset Save: multiple assets
[2020.10.07-03.45.17:088][234]LogContentValidation: Display: Validating World /Game/ThirdPersonBP/Maps/ThirdPersonExampleMap.ThirdPersonExampleMap
[2020.10.07-03.45.17:088][234]LogContentValidation: Display: Validating MapBuildDataRegistry /Game/ThirdPersonBP/Maps/ThirdPersonExampleMap_BuiltData.ThirdPersonExampleMap_BuiltData
[2020.10.07-04.20.01:679][834]LogFactory: FactoryCreateFile: StaticMesh with FbxFactory (0 0 C:/Users/User/Desktop/CatsVSDogsGame/EnvironmentAssets/graveyard/mausoleumstairs.FBX)
[2020.10.07-04.20.01:689][834]LogFbx: Loading FBX Scene from C:/Users/User/Desktop/CatsVSDogsGame/EnvironmentAssets/graveyard/mausoleumstairs.FBX
[2020.10.07-04.20.01:694][834]LogFbx: FBX Scene Loaded Succesfully
[2020.10.07-04.20.02:836][834]LogSlate: Window 'FBX Import Options' being destroyed
[2020.10.07-04.20.02:860][834]LogStaticMesh: Building static mesh mausoleumstairs...
[2020.10.07-04.20.02:865][834]LogStaticMesh: Built static mesh [0.01s] /Game/Assets/Props/mausoleumstairs.mausoleumstairs
[2020.10.07-04.20.06:382][ 37]LogSlate: WidgetSwitcher ('None') active index changed to 0
[2020.10.07-04.20.09:615][231]LogSlate: WidgetSwitcher ('None') active index changed to 1
[2020.10.07-04.20.10:083][259]LogSlate: WidgetSwitcher ('None') active index changed to 0
[2020.10.07-04.20.13:582][465]LogEditorViewport: Clicking on Actor (LMB): Landscape (Landscape)
[2020.10.07-04.20.22:731][717]LogSlate: Window 'Message' being destroyed
[2020.10.07-04.20.22:735][717]Message dialog closed, result: YesAll, title: Message, text: Do you want to overwrite the existing asset?

An asset already exists at the import location: /Game/Assets/Props/mausoleumstairs
[2020.10.07-04.20.22:832][717]LogFactory: FactoryCreateFile: StaticMesh with FbxFactory (0 0 C:/Users/User/Desktop/CatsVSDogsGame/EnvironmentAssets/graveyard/mausoleumstairs.FBX)
[2020.10.07-04.20.22:873][717]LogEditorFactories: Performing atomic reimport of [C:/Users/User/Desktop/CatsVSDogsGame/EnvironmentAssets/graveyard/mausoleumstairs.FBX]
[2020.10.07-04.20.22:882][717]LogFbx: Loading FBX Scene from C:/Users/User/Desktop/CatsVSDogsGame/EnvironmentAssets/graveyard/mausoleumstairs.FBX
[2020.10.07-04.20.22:887][717]LogFbx: FBX Scene Loaded Succesfully
[2020.10.07-04.20.22:918][717]LogStaticMesh: Building static mesh mausoleumstairs...
[2020.10.07-04.20.22:924][717]LogStaticMesh: Built static mesh [0.01s] /Game/Assets/Props/mausoleumstairs.mausoleumstairs
[2020.10.07-04.20.22:927][717]LogEditorFactories: -- imported successfully
[2020.10.07-04.20.25:948][878]LogActorFactory: Actor Factory created mausoleumstairs
[2020.10.07-04.20.29:354][ 82]LogActorFactory: Actor Factory created mausoleumstairs
[2020.10.07-04.21.14:652][783]LogUObjectHash: Compacting FUObjectHashTables data took   0.70ms
[2020.10.07-04.21.15:137][783]LogSavePackage: Moving '../../../../../../Src/CatsAndDogs/Saved/ThirdPersonExampleMap_Auto1443434FF4159E31E0901B0A293404F52.tmp' to '../../../../../../Src/CatsAndDogs/Saved/Autosaves/Game/ThirdPersonBP/Maps/ThirdPersonExampleMap_Auto1.umap'
[2020.10.07-04.21.15:139][783]LogFileHelpers: Editor autosave (incl. sublevels) for '/Game/ThirdPersonBP/Maps/ThirdPersonExampleMap' took 0.498
[2020.10.07-04.21.15:140][783]LogFileHelpers: Editor autosave (incl. sublevels) for all levels took 0.498
[2020.10.07-04.21.15:154][783]OBJ SavePackage: Generating thumbnails for [1] asset(s) in package [/Game/Assets/Props/mausoleumstairs] ([1] browsable assets)...
[2020.10.07-04.21.15:173][783]OBJ SavePackage:     Rendered thumbnail for [StaticMesh /Game/Assets/Props/mausoleumstairs.mausoleumstairs]
[2020.10.07-04.21.15:173][783]OBJ SavePackage: Finished generating thumbnails for package [/Game/Assets/Props/mausoleumstairs]
[2020.10.07-04.21.15:173][783]Cmd: OBJ SAVEPACKAGE PACKAGE="/Game/Assets/Props/mausoleumstairs" FILE="../../../../../../Src/CatsAndDogs/Saved/Autosaves/Game/Assets/Props/mausoleumstairs_Auto1.uasset" SILENT=false AUTOSAVING=true
[2020.10.07-04.21.15:186][783]LogSavePackage: Moving '../../../../../../Src/CatsAndDogs/Saved/mausoleumstairs_Auto1BDB9F74548A044D06D74B1B467071356.tmp' to '../../../../../../Src/CatsAndDogs/Saved/Autosaves/Game/Assets/Props/mausoleumstairs_Auto1.uasset'
[2020.10.07-04.21.15:211][783]LogFileHelpers: Auto-saving content packages took 0.071
[2020.10.07-04.24.47:423][505]LogUObjectHash: Compacting FUObjectHashTables data took   0.32ms
[2020.10.07-04.24.47:566][505]LogSavePackage: Moving '../../../../../../Src/CatsAndDogs/Saved/ThirdPersonExampleMap2DDC2C114A8B3121C8976993FF627BB7.tmp' to '../../../../../../Src/CatsAndDogs/Content/ThirdPersonBP/Maps/ThirdPersonExampleMap.umap'
[2020.10.07-04.24.48:102][505]LogSavePackage: Moving '../../../../../../Src/CatsAndDogs/Saved/ThirdPersonExampleMap_BuiltDataE8692008409B00F9B5BD5285A4831D19.tmp' to '../../../../../../Src/CatsAndDogs/Content/ThirdPersonBP/Maps/ThirdPersonExampleMap_BuiltData.uasset'
[2020.10.07-04.24.48:113][505]AssetCheck: New page: Asset Save: multiple assets
[2020.10.07-04.24.48:113][505]LogContentValidation: Display: Validating World /Game/ThirdPersonBP/Maps/ThirdPersonExampleMap.ThirdPersonExampleMap
[2020.10.07-04.24.48:113][505]LogContentValidation: Display: Validating MapBuildDataRegistry /Game/ThirdPersonBP/Maps/ThirdPersonExampleMap_BuiltData.ThirdPersonExampleMap_BuiltData
[2020.10.07-04.24.48:905][547]LogUObjectHash: Compacting FUObjectHashTables data took   0.22ms
[2020.10.07-04.24.49:965][547]LogSlate: Window 'Save Content' being destroyed
[2020.10.07-04.24.50:088][547]Cmd: OBJ SAVEPACKAGE PACKAGE="/Game/Assets/Props/mausoleumstairs" FILE="../../../../../../Src/CatsAndDogs/Content/Assets/Props/mausoleumstairs.uasset" SILENT=true
[2020.10.07-04.24.50:092][547]LogSavePackage: Moving '../../../../../../Src/CatsAndDogs/Saved/mausoleumstairs76B3FF4E4EF04C3A48155DA36F2511BC.tmp' to '../../../../../../Src/CatsAndDogs/Content/Assets/Props/mausoleumstairs.uasset'
[2020.10.07-04.24.50:355][547]AssetCheck: New page: Asset Save: mausoleumstairs
[2020.10.07-04.24.50:355][547]LogContentValidation: Display: Validating StaticMesh /Game/Assets/Props/mausoleumstairs.mausoleumstairs
[2020.10.07-04.24.51:199][598]LogTemp: Repeating last play command: Selected Viewport
[2020.10.07-04.24.51:269][598]LogPlayLevel: PlayLevel: No blueprints needed recompiling
[2020.10.07-04.24.51:290][598]PIE: New page: PIE session: ThirdPersonExampleMap (Oct 6, 2020, 8:24:51 PM)
[2020.10.07-04.24.51:313][598]LogOnline: OSS: Creating online subsystem instance for: NULL
[2020.10.07-04.24.51:322][598]LogOnline: OSS: TryLoadSubsystemAndSetDefault: Loaded subsystem for module [NULL]
[2020.10.07-04.24.51:322][598]LogPlayLevel: Creating play world package: /Game/ThirdPersonBP/Maps/UEDPIE_0_ThirdPersonExampleMap
[2020.10.07-04.24.51:362][598]LogPlayLevel: PIE: StaticDuplicateObject took: (0.040389s)
[2020.10.07-04.24.51:363][598]LogAIModule: Creating AISystem for world ThirdPersonExampleMap
[2020.10.07-04.24.51:364][598]LogAISub: UAISubsystem::UAISubsystem EnvQueryManager (000001FD4F8CC400), frame # 139598
[2020.10.07-04.24.51:364][598]LogAISub: UAISubsystem::UAISubsystem AIPerceptionSystem (000001FD45BCFD80), frame # 139598
[2020.10.07-04.24.51:364][598]LogPlayLevel: PIE: World Init took: (0.001510s)
[2020.10.07-04.24.51:364][598]LogPlayLevel: PIE: Created PIE world by copying editor world from /Game/ThirdPersonBP/Maps/ThirdPersonExampleMap.ThirdPersonExampleMap to /Game/ThirdPersonBP/Maps/UEDPIE_0_ThirdPersonExampleMap.ThirdPersonExampleMap (0.042206s)
[2020.10.07-04.24.51:374][598]LogUObjectHash: Compacting FUObjectHashTables data took   0.61ms
[2020.10.07-04.24.51:376][598]LogAudioMixer: Display: Audio Mixer Platform Settings:
[2020.10.07-04.24.51:376][598]LogAudioMixer: Display: 	Sample Rate:						  48000
[2020.10.07-04.24.51:376][598]LogAudioMixer: Display: 	Callback Buffer Frame Size Requested: 1024
[2020.10.07-04.24.51:376][598]LogAudioMixer: Display: 	Callback Buffer Frame Size To Use:	  1024
[2020.10.07-04.24.51:376][598]LogAudioMixer: Display: 	Number of buffers to queue:			  2
[2020.10.07-04.24.51:376][598]LogAudioMixer: Display: 	Max Channels (voices):				  32
[2020.10.07-04.24.51:376][598]LogAudioMixer: Display: 	Number of Async Source Workers:		  0
[2020.10.07-04.24.51:376][598]LogAudio: Display: AudioDevice MaxSources: 32
[2020.10.07-04.24.51:376][598]LogAudio: Display: Using built-in audio occlusion.
[2020.10.07-04.24.51:377][598]LogAudioMixer: Display: Initializing audio mixer.
[2020.10.07-04.24.51:432][598]LogAudioMixer: Display: 0: FrontLeft
[2020.10.07-04.24.51:432][598]LogAudioMixer: Display: 1: FrontRight
[2020.10.07-04.24.51:432][598]LogAudioMixer: Display: 2: FrontCenter
[2020.10.07-04.24.51:432][598]LogAudioMixer: Display: 3: LowFrequency
[2020.10.07-04.24.51:432][598]LogAudioMixer: Display: 4: BackLeft
[2020.10.07-04.24.51:432][598]LogAudioMixer: Display: 5: BackRight
[2020.10.07-04.24.51:432][598]LogAudioMixer: Display: 6: SideLeft
[2020.10.07-04.24.51:432][598]LogAudioMixer: Display: 7: SideRight
[2020.10.07-04.24.51:545][598]LogAudioMixer: Display: Using Audio Device Speakers (Realtek High Definition Audio)
[2020.10.07-04.24.51:545][598]LogAudioMixer: Display: Initializing Sound Submixes...
[2020.10.07-04.24.51:545][598]LogAudioMixer: Display: Creating Master Submix 'MasterSubmixDefault'
[2020.10.07-04.24.51:545][598]LogAudioMixer: Display: Creating Master Submix 'MasterReverbSubmixDefault'
[2020.10.07-04.24.51:546][598]LogAudioMixer: Display: Creating Master Submix 'MasterEQSubmixDefault'
[2020.10.07-04.24.51:559][598]LogInit: FAudioDevice initialized.
[2020.10.07-04.24.51:613][598]LogLoad: Game class is 'ThirdPersonGameMode_C'
[2020.10.07-04.24.51:650][598]LogWorld: Bringing World /Game/ThirdPersonBP/Maps/UEDPIE_0_ThirdPersonExampleMap.ThirdPersonExampleMap up for play (max tick rate 60) at 2020.10.07-00.24.51
[2020.10.07-04.24.51:650][598]LogWorld: Bringing up level for play took: 0.007204
[2020.10.07-04.24.51:650][598]LogOnline: OSS: Creating online subsystem instance for: :Context_3
[2020.10.07-04.24.51:695][598]LogContentBrowser: Native class hierarchy updated for 'MovieSceneCapture' in 0.0005 seconds. Added 20 classes and 0 folders.
[2020.10.07-04.24.51:723][598]PIE: Server logged in
[2020.10.07-04.24.51:726][598]PIE: Play in editor total start time 0.518 seconds.
[2020.10.07-04.25.04:023][313]LogSlate: Updating window title bar state: overlay mode, drag disabled, window buttons hidden, title bar hidden
[2020.10.07-04.25.04:023][313]LogWorld: BeginTearingDown for /Game/ThirdPersonBP/Maps/UEDPIE_0_ThirdPersonExampleMap
[2020.10.07-04.25.04:023][313]LogWorld: UWorld::CleanupWorld for ThirdPersonExampleMap, bSessionEnded=true, bCleanupResources=true
[2020.10.07-04.25.04:025][313]LogSlate: InvalidateAllWidgets triggered.  All widgets were invalidated
[2020.10.07-04.25.04:034][313]LogPlayLevel: Display: Shutting down PIE online subsystems
[2020.10.07-04.25.04:035][313]LogSlate: InvalidateAllWidgets triggered.  All widgets were invalidated
[2020.10.07-04.25.04:107][313]LogSlate: Updating window title bar state: overlay mode, drag disabled, window buttons hidden, title bar hidden
[2020.10.07-04.25.04:180][313]LogAISub: UAISubsystem::~UAISubsystem EnvQueryManager (000001FD4F8CC400), frame # 140313
[2020.10.07-04.25.04:181][313]LogAISub: UAISubsystem::~UAISubsystem AIPerceptionSystem (000001FD45BCFD80), frame # 140313
[2020.10.07-04.25.04:181][313]LogUObjectHash: Compacting FUObjectHashTables data took   0.75ms
[2020.10.07-04.25.04:205][314]LogPlayLevel: Display: Destroying online subsystem :Context_3
[2020.10.07-04.25.14:174][882]LogAssetEditorSubsystem: Opening Asset editor for StaticMesh /Game/Assets/Props/mausoleum.mausoleum
[2020.10.07-04.25.15:548][882]LogWorld: UWorld::CleanupWorld for World_2, bSessionEnded=true, bCleanupResources=true
[2020.10.07-04.25.15:548][882]LogSlate: InvalidateAllWidgets triggered.  All widgets were invalidated
[2020.10.07-04.25.15:819][882]LogRenderer: Reallocating scene render targets to support 1432x920 Format 10 NumSamples 1 (Frame:1).
[2020.10.07-04.25.25:363][424]Cmd: OBJ SAVEPACKAGE PACKAGE="/Game/Assets/Props/mausoleum" FILE="../../../../../../Src/CatsAndDogs/Content/Assets/Props/mausoleum.uasset" SILENT=true
[2020.10.07-04.25.25:371][424]LogSavePackage: Moving '../../../../../../Src/CatsAndDogs/Saved/mausoleum87785FBC42D185DB05AE8785084823E2.tmp' to '../../../../../../Src/CatsAndDogs/Content/Assets/Props/mausoleum.uasset'
[2020.10.07-04.25.25:381][424]AssetCheck: New page: Asset Save: mausoleum
[2020.10.07-04.25.25:381][424]LogContentValidation: Display: Validating StaticMesh /Game/Assets/Props/mausoleum.mausoleum
[2020.10.07-04.25.26:405][485]LogSlate: Window 'mausoleum' being destroyed
[2020.10.07-04.25.26:411][485]LogSlate: Window 'mausoleum' being destroyed
[2020.10.07-04.25.26:421][485]LogWorld: UWorld::CleanupWorld for World_3, bSessionEnded=true, bCleanupResources=true
[2020.10.07-04.25.26:421][485]LogSlate: InvalidateAllWidgets triggered.  All widgets were invalidated
[2020.10.07-04.25.28:272][581]LogAssetEditorSubsystem: Opening Asset editor for StaticMesh /Game/Assets/Props/mausoleumstairs.mausoleumstairs
[2020.10.07-04.25.28:498][581]LogWorld: UWorld::CleanupWorld for World_4, bSessionEnded=true, bCleanupResources=true
[2020.10.07-04.25.28:498][581]LogSlate: InvalidateAllWidgets triggered.  All widgets were invalidated
[2020.10.07-04.25.35:288][966]Cmd: OBJ SAVEPACKAGE PACKAGE="/Game/Assets/Props/mausoleumstairs" FILE="../../../../../../Src/CatsAndDogs/Content/Assets/Props/mausoleumstairs.uasset" SILENT=true
[2020.10.07-04.25.35:297][966]LogSavePackage: Moving '../../../../../../Src/CatsAndDogs/Saved/mausoleumstairs1896D55D4D355084CCF7598595AA372D.tmp' to '../../../../../../Src/CatsAndDogs/Content/Assets/Props/mausoleumstairs.uasset'
[2020.10.07-04.25.35:307][966]AssetCheck: New page: Asset Save: mausoleumstairs
[2020.10.07-04.25.35:307][966]LogContentValidation: Display: Validating StaticMesh /Game/Assets/Props/mausoleumstairs.mausoleumstairs
[2020.10.07-04.25.36:736][ 47]LogSlate: Window 'mausoleumstairs' being destroyed
[2020.10.07-04.25.36:743][ 47]LogSlate: Window 'mausoleumstairs' being destroyed
[2020.10.07-04.25.36:751][ 47]LogWorld: UWorld::CleanupWorld for World_5, bSessionEnded=true, bCleanupResources=true
[2020.10.07-04.25.36:751][ 47]LogSlate: InvalidateAllWidgets triggered.  All widgets were invalidated
[2020.10.07-04.25.38:706][148]LogUObjectHash: Compacting FUObjectHashTables data took   0.62ms
[2020.10.07-04.25.38:888][148]LogSavePackage: Moving '../../../../../../Src/CatsAndDogs/Saved/ThirdPersonExampleMap8A9AFFB9467903DBFD3B859F31811C1B.tmp' to '../../../../../../Src/CatsAndDogs/Content/ThirdPersonBP/Maps/ThirdPersonExampleMap.umap'
[2020.10.07-04.25.39:432][148]LogSavePackage: Moving '../../../../../../Src/CatsAndDogs/Saved/ThirdPersonExampleMap_BuiltData8B6EDC4440D521319C5B9B9A77CA8D06.tmp' to '../../../../../../Src/CatsAndDogs/Content/ThirdPersonBP/Maps/ThirdPersonExampleMap_BuiltData.uasset'
[2020.10.07-04.25.39:443][148]AssetCheck: New page: Asset Save: multiple assets
[2020.10.07-04.25.39:443][148]LogContentValidation: Display: Validating World /Game/ThirdPersonBP/Maps/ThirdPersonExampleMap.ThirdPersonExampleMap
[2020.10.07-04.25.39:443][148]LogContentValidation: Display: Validating MapBuildDataRegistry /Game/ThirdPersonBP/Maps/ThirdPersonExampleMap_BuiltData.ThirdPersonExampleMap_BuiltData
[2020.10.07-04.25.40:254][195]LogTemp: Repeating last play command: Selected Viewport
[2020.10.07-04.25.40:268][195]LogPlayLevel: PlayLevel: No blueprints needed recompiling
[2020.10.07-04.25.40:268][195]PIE: New page: PIE session: ThirdPersonExampleMap (Oct 6, 2020, 8:25:40 PM)
[2020.10.07-04.25.40:268][195]LogPlayLevel: Creating play world package: /Game/ThirdPersonBP/Maps/UEDPIE_0_ThirdPersonExampleMap
[2020.10.07-04.25.40:305][195]LogPlayLevel: PIE: StaticDuplicateObject took: (0.036301s)
[2020.10.07-04.25.40:306][195]LogAIModule: Creating AISystem for world ThirdPersonExampleMap
[2020.10.07-04.25.40:306][195]LogAISub: UAISubsystem::UAISubsystem EnvQueryManager (000001FDADEE5A00), frame # 142195
[2020.10.07-04.25.40:306][195]LogAISub: UAISubsystem::UAISubsystem AIPerceptionSystem (000001FD4D1C0180), frame # 142195
[2020.10.07-04.25.40:306][195]LogPlayLevel: PIE: World Init took: (0.001440s)
[2020.10.07-04.25.40:306][195]LogPlayLevel: PIE: Created PIE world by copying editor world from /Game/ThirdPersonBP/Maps/ThirdPersonExampleMap.ThirdPersonExampleMap to /Game/ThirdPersonBP/Maps/UEDPIE_0_ThirdPersonExampleMap.ThirdPersonExampleMap (0.037980s)
[2020.10.07-04.25.40:318][195]LogUObjectHash: Compacting FUObjectHashTables data took   0.72ms
[2020.10.07-04.25.40:319][195]LogAudioMixer: Display: Audio Mixer Platform Settings:
[2020.10.07-04.25.40:319][195]LogAudioMixer: Display: 	Sample Rate:						  48000
[2020.10.07-04.25.40:319][195]LogAudioMixer: Display: 	Callback Buffer Frame Size Requested: 1024
[2020.10.07-04.25.40:319][195]LogAudioMixer: Display: 	Callback Buffer Frame Size To Use:	  1024
[2020.10.07-04.25.40:319][195]LogAudioMixer: Display: 	Number of buffers to queue:			  2
[2020.10.07-04.25.40:319][195]LogAudioMixer: Display: 	Max Channels (voices):				  32
[2020.10.07-04.25.40:319][195]LogAudioMixer: Display: 	Number of Async Source Workers:		  0
[2020.10.07-04.25.40:319][195]LogAudio: Display: AudioDevice MaxSources: 32
[2020.10.07-04.25.40:320][195]LogAudio: Display: Using built-in audio occlusion.
[2020.10.07-04.25.40:320][195]LogAudioMixer: Display: Initializing audio mixer.
[2020.10.07-04.25.40:379][195]LogAudioMixer: Display: 0: FrontLeft
[2020.10.07-04.25.40:379][195]LogAudioMixer: Display: 1: FrontRight
[2020.10.07-04.25.40:379][195]LogAudioMixer: Display: 2: FrontCenter
[2020.10.07-04.25.40:379][195]LogAudioMixer: Display: 3: LowFrequency
[2020.10.07-04.25.40:379][195]LogAudioMixer: Display: 4: BackLeft
[2020.10.07-04.25.40:379][195]LogAudioMixer: Display: 5: BackRight
[2020.10.07-04.25.40:379][195]LogAudioMixer: Display: 6: SideLeft
[2020.10.07-04.25.40:379][195]LogAudioMixer: Display: 7: SideRight
[2020.10.07-04.25.40:482][195]LogAudioMixer: Display: Using Audio Device Speakers (Realtek High Definition Audio)
[2020.10.07-04.25.40:482][195]LogAudioMixer: Display: Initializing Sound Submixes...
[2020.10.07-04.25.40:482][195]LogAudioMixer: Display: Creating Master Submix 'MasterSubmixDefault'
[2020.10.07-04.25.40:482][195]LogAudioMixer: Display: Creating Master Submix 'MasterReverbSubmixDefault'
[2020.10.07-04.25.40:482][195]LogAudioMixer: Display: Creating Master Submix 'MasterEQSubmixDefault'
[2020.10.07-04.25.40:496][195]LogInit: FAudioDevice initialized.
[2020.10.07-04.25.40:508][195]LogLoad: Game class is 'ThirdPersonGameMode_C'
[2020.10.07-04.25.40:518][195]LogWorld: Bringing World /Game/ThirdPersonBP/Maps/UEDPIE_0_ThirdPersonExampleMap.ThirdPersonExampleMap up for play (max tick rate 60) at 2020.10.07-00.25.40
[2020.10.07-04.25.40:519][195]LogWorld: Bringing up level for play took: 0.009889
[2020.10.07-04.25.40:519][195]LogOnline: OSS: Creating online subsystem instance for: :Context_8
[2020.10.07-04.25.40:521][195]PIE: Server logged in
[2020.10.07-04.25.40:522][195]PIE: Play in editor total start time 0.258 seconds.
[2020.10.07-04.30.42:722][309]LogSlate: Updating window title bar state: overlay mode, drag disabled, window buttons hidden, title bar hidden
[2020.10.07-04.30.42:722][309]LogWorld: BeginTearingDown for /Game/ThirdPersonBP/Maps/UEDPIE_0_ThirdPersonExampleMap
[2020.10.07-04.30.42:723][309]LogWorld: UWorld::CleanupWorld for ThirdPersonExampleMap, bSessionEnded=true, bCleanupResources=true
[2020.10.07-04.30.42:724][309]LogSlate: InvalidateAllWidgets triggered.  All widgets were invalidated
[2020.10.07-04.30.42:734][309]LogPlayLevel: Display: Shutting down PIE online subsystems
[2020.10.07-04.30.42:736][309]LogSlate: InvalidateAllWidgets triggered.  All widgets were invalidated
[2020.10.07-04.30.42:745][309]LogSlate: Updating window title bar state: overlay mode, drag disabled, window buttons hidden, title bar hidden
[2020.10.07-04.30.42:772][309]LogAISub: UAISubsystem::~UAISubsystem AIPerceptionSystem (000001FD4D1C0180), frame # 160309
[2020.10.07-04.30.42:772][309]LogAISub: UAISubsystem::~UAISubsystem EnvQueryManager (000001FDADEE5A00), frame # 160309
[2020.10.07-04.30.42:773][309]LogUObjectHash: Compacting FUObjectHashTables data took   0.72ms
[2020.10.07-04.30.42:797][310]LogPlayLevel: Display: Destroying online subsystem :Context_8
[2020.10.07-04.31.14:589][403]LogEditorViewport: Clicking on Actor (LMB): StaticMeshActor (house1)
[2020.10.07-04.31.17:557][579]LogEditorViewport: Clicking on Actor (CTRL LMB): StaticMeshActor (H2insidestep)
[2020.10.07-04.31.18:174][611]LogEditorViewport: Clicking on Actor (CTRL LMB): StaticMeshActor (H1insidestep)
[2020.10.07-04.31.23:590][934]LogEditorViewport: Clicking on Actor (CTRL LMB): StaticMeshActor (rail44)
[2020.10.07-04.31.24:685][998]LogEditorViewport: Clicking on Actor (CTRL LMB): StaticMeshActor (rail43)
[2020.10.07-04.31.25:668][ 55]LogEditorViewport: Clicking on Actor (CTRL LMB): StaticMeshActor (rail42)
[2020.10.07-04.31.27:231][147]LogEditorViewport: Clicking on Actor (CTRL LMB): StaticMeshActor (rail34)
[2020.10.07-04.31.28:578][226]LogEditorViewport: Clicking on Actor (CTRL LMB): StaticMeshActor (rail35)
[2020.10.07-04.31.29:890][303]LogEditorViewport: Clicking on Actor (CTRL LMB): StaticMeshActor (rail36)
[2020.10.07-04.31.31:185][379]LogEditorViewport: Clicking on Actor (CTRL LMB): StaticMeshActor (rail37)
[2020.10.07-04.31.31:896][420]LogEditorViewport: Clicking on Actor (CTRL LMB): StaticMeshActor (rail38)
[2020.10.07-04.31.33:010][485]LogEditorViewport: Clicking on Actor (CTRL LMB): StaticMeshActor (rail39)
[2020.10.07-04.31.34:190][554]LogEditorViewport: Clicking on Actor (CTRL LMB): StaticMeshActor (rail40)
[2020.10.07-04.31.35:188][612]LogEditorViewport: Clicking on Actor (CTRL LMB): StaticMeshActor (rail41)
[2020.10.07-04.31.36:150][668]LogEditorViewport: Clicking on Actor (CTRL LMB): StaticMeshActor (rail45)
[2020.10.07-04.32.03:034][275]Cmd: TRANSACTION UNDO
[2020.10.07-04.32.03:034][275]LogEditorTransaction: Undo Rotate Actors
[2020.10.07-04.32.04:553][354]Cmd: MODE ROTGRID=1
[2020.10.07-04.32.10:350][695]LogEditorViewport: Clicking on Actor (context menu): StaticMeshActor (house2story)
[2020.10.07-04.32.12:541][806]Cmd: TRANSACTION UNDO
[2020.10.07-04.32.12:541][806]LogEditorTransaction: Undo Clicking on Actors (context menu)
[2020.10.07-04.35.42:101][936]LogSlate: Window 'Message' being destroyed
[2020.10.07-04.35.42:105][936]Message dialog closed, result: YesAll, title: Message, text: Do you want to overwrite the existing asset?

An asset already exists at the import location: /Game/Assets/Props/house1
[2020.10.07-04.35.42:196][936]LogFactory: FactoryCreateFile: StaticMesh with FbxFactory (0 0 C:/Users/User/Desktop/CatsVSDogsGame/EnvironmentAssets/House1/house1.FBX)
[2020.10.07-04.35.42:235][936]LogEditorFactories: Performing atomic reimport of [C:/Users/User/Desktop/CatsVSDogsGame/EnvironmentAssets/House1/house1.FBX]
[2020.10.07-04.35.42:245][936]LogFbx: Loading FBX Scene from C:/Users/User/Desktop/CatsVSDogsGame/EnvironmentAssets/House1/house1.FBX
[2020.10.07-04.35.42:251][936]LogFbx: FBX Scene Loaded Succesfully
[2020.10.07-04.35.42:253][936]LogStaticMesh: Building static mesh house1...
[2020.10.07-04.35.42:259][936]LogStaticMesh: Built static mesh [0.01s] /Engine/Transient.house1
[2020.10.07-04.35.42:262][936]LogStaticMesh: Building static mesh house1...
[2020.10.07-04.35.42:269][936]LogStaticMesh: Built static mesh [0.01s] /Game/Assets/Props/house1.house1
[2020.10.07-04.35.42:272][936]LogEditorFactories: -- imported successfully
[2020.10.07-04.36.35:985][609]LogSlate: Window 'Message' being destroyed
[2020.10.07-04.36.35:989][609]Message dialog closed, result: YesAll, title: Message, text: Do you want to overwrite the existing asset?

An asset already exists at the import location: /Game/Assets/Props/house1
[2020.10.07-04.36.36:079][609]LogFactory: FactoryCreateFile: StaticMesh with FbxFactory (0 0 C:/Users/User/Desktop/CatsVSDogsGame/EnvironmentAssets/House1/house1.FBX)
[2020.10.07-04.36.36:081][609]LogEditorFactories: Performing atomic reimport of [C:/Users/User/Desktop/CatsVSDogsGame/EnvironmentAssets/House1/house1.FBX]
[2020.10.07-04.36.36:090][609]LogFbx: Loading FBX Scene from C:/Users/User/Desktop/CatsVSDogsGame/EnvironmentAssets/House1/house1.FBX
[2020.10.07-04.36.36:095][609]LogFbx: FBX Scene Loaded Succesfully
[2020.10.07-04.36.36:097][609]LogFbx: Display: Triangulating static mesh house1
[2020.10.07-04.36.36:098][609]LogEditorFactories: Warning: -- import failed
[2020.10.07-04.36.36:100][609]FBXImport: Warning: Unable to triangulate mesh '' 
[2020.10.07-04.36.36:100][609]FBXImport: Error: Fail to reimport mesh /Game/Assets/Props/house1. Restoring the original mesh 
[2020.10.07-04.36.36:190][609]LogStaticMesh: Building static mesh house1...
[2020.10.07-04.36.36:191][609]LogStaticMesh: Built static mesh [0.00s] None.house1
[2020.10.07-04.36.36:307][609]LogSlate: Took 0.019912 seconds to synchronously load lazily loaded font '../../../Engine/Content/Slate/Fonts/DroidSansMono.ttf' (77K)
[2020.10.07-04.36.38:308][721]LogSlate: Window 'Message Log' being destroyed
[2020.10.07-04.36.38:318][721]LogSlate: Window 'Message Log' being destroyed
[2020.10.07-04.36.43:509][ 31]Cmd: TRANSACTION UNDO
[2020.10.07-04.36.43:509][ 31]LogEditorTransaction: Undo Move Actors
[2020.10.07-04.36.43:651][ 31]LogWindows: Windows GetLastError: The operation completed successfully. (0)
[2020.10.07-04.36.55:058][ 31]LogOutputDevice: Warning: 

Script Stack (0 frames):

[2020.10.07-04.36.55:058][ 31]LogWindows: Windows GetLastError: The operation completed successfully. (0)
[2020.10.07-04.36.55:099][ 31]LogWindows: Error: === Critical error: ===
[2020.10.07-04.36.55:099][ 31]LogWindows: Error: 
[2020.10.07-04.36.55:099][ 31]LogWindows: Error: Fatal error: [File:D:/Build/++UE4+Licensee/Sync/Engine/Source/Runtime/RenderCore/Private/RenderingThread.cpp] [Line: 855] 
[2020.10.07-04.36.55:099][ 31]LogWindows: Error: Rendering thread exception:
[2020.10.07-04.36.55:099][ 31]LogWindows: Error: Assertion failed: Resource->IsInitialized() [File:D:/Build/++UE4+Licensee/Sync/Engine/Source/Runtime/Engine/Private/Components/StaticMeshComponent.cpp] [Line: 1529] 
[2020.10.07-04.36.55:099][ 31]LogWindows: Error: 
[2020.10.07-04.36.55:099][ 31]LogWindows: Error: 
[2020.10.07-04.36.55:099][ 31]LogWindows: Error: 
[2020.10.07-04.36.55:099][ 31]LogWindows: Error: [Callstack] 0x00007ffd80513b29 KERNELBASE.dll!UnknownFunction []
[2020.10.07-04.36.55:099][ 31]LogWindows: Error: [Callstack] 0x00007ffd074ae9e6 UE4Editor-Core.dll!UnknownFunction []
[2020.10.07-04.36.55:099][ 31]LogWindows: Error: [Callstack] 0x00007ffd074b1dc8 UE4Editor-Core.dll!UnknownFunction []
[2020.10.07-04.36.55:099][ 31]LogWindows: Error: [Callstack] 0x00007ffd0723e53d UE4Editor-Core.dll!UnknownFunction []
[2020.10.07-04.36.55:099][ 31]LogWindows: Error: [Callstack] 0x00007ffd071c97b5 UE4Editor-Core.dll!UnknownFunction []
[2020.10.07-04.36.55:099][ 31]LogWindows: Error: [Callstack] 0x00007ffd071cbaf0 UE4Editor-Core.dll!UnknownFunction []
[2020.10.07-04.36.55:099][ 31]LogWindows: Error: [Callstack] 0x00007ffd047d604b UE4Editor-Engine.dll!UnknownFunction []
[2020.10.07-04.36.55:099][ 31]LogWindows: Error: [Callstack] 0x00007ffd047db48d UE4Editor-Engine.dll!UnknownFunction []
[2020.10.07-04.36.55:099][ 31]LogWindows: Error: [Callstack] 0x00007ffd06fe87d8 UE4Editor-Core.dll!UnknownFunction []
[2020.10.07-04.36.55:099][ 31]LogWindows: Error: [Callstack] 0x00007ffd06fe8aa3 UE4Editor-Core.dll!UnknownFunction []
[2020.10.07-04.36.55:100][ 31]LogWindows: Error: [Callstack] 0x00007ffd3da3f892 UE4Editor-RenderCore.dll!UnknownFunction []
[2020.10.07-04.36.55:100][ 31]LogWindows: Error: [Callstack] 0x00007ffd3da453d4 UE4Editor-RenderCore.dll!UnknownFunction []
[2020.10.07-04.36.55:100][ 31]LogWindows: Error: [Callstack] 0x00007ffd074d025b UE4Editor-Core.dll!UnknownFunction []
[2020.10.07-04.36.55:100][ 31]LogWindows: Error: [Callstack] 0x00007ffd074c7c30 UE4Editor-Core.dll!UnknownFunction []
[2020.10.07-04.36.55:100][ 31]LogWindows: Error: [Callstack] 0x00007ffd828e7bd4 KERNEL32.DLL!UnknownFunction []
[2020.10.07-04.36.55:100][ 31]LogWindows: Error: [Callstack] 0x00007ffd8354ce51 ntdll.dll!UnknownFunction []
[2020.10.07-04.36.55:100][ 31]LogWindows: Error: 
[2020.10.07-04.36.55:100][ 31]LogWindows: Error: 
[2020.10.07-04.36.55:100][ 31]LogWindows: Error: 
[2020.10.07-04.36.55:100][ 31]LogWindows: Error: 
[2020.10.07-04.36.55:133][ 31]LogExit: Executing StaticShutdownAfterError
[2020.10.07-04.36.55:173][ 31]LogWindows: FPlatformMisc::RequestExit(1)
[2020.10.07-04.36.55:173][ 31]LogCore: Engine exit requested (reason: Win RequestExit)
[2020.10.07-04.36.55:215][ 31]Log file closed, 10/07/20 00:36:55
